ID Reset
ID Generated: 56
Round 1/40
Learner 0..1..2..3..4..5..6..7..8..9..10..11..12..13..14..15..16..17..18..19..Finish
Avg Loss: 2.308160158246083, Acc: 0.09859872611464968
Backdoor Acc: 1.0
Round 2/40
Learner 0..1..2..3..4..5..6..7..8..9..10..11..12..13..14..15..16..17..18..19..Finish
Avg Loss: 2.334828550361144, Acc: 0.09924982307147912
Backdoor Acc: 0.9807501769285208
Round 3/40
Learner 0..1..2..3..4..5..6..7..8..9..10..11..12..13..14..15..16..17..18..19..Finish
Avg Loss: 2.264550517998844, Acc: 0.170205237084218
Backdoor Acc: 0.26256192498230724
Round 4/40
Learner 0..1..2..3..4..5..6..7..8..9..10..11..12..13..14..15..16..17..18..19..Finish
Avg Loss: 2.0800057744107594, Acc: 0.231932059447983
Backdoor Acc: 0.12236376503892427
Round 5/40
Learner 0..1..2..3..4..5..6..7..8..9..10..11..12..13..14..15..16..17..18..19..Finish
Avg Loss: 1.8083575846460778, Acc: 0.3722859164897382
Backdoor Acc: 0.17504600141542814
Round 6/40
Learner 0..1..2..3..4..5..6..7..8..9..10..11..12..13..14..15..16..17..18..19..Finish
Avg Loss: 1.7110020333485443, Acc: 0.4107147912243454
Backdoor Acc: 0.17773531493276715
Round 7/40
Learner 0..1..2..3..4..5..6..7..8..9..10..11..12..13..14..15..16..17..18..19..Finish
Avg Loss: 1.5822193155632218, Acc: 0.46444444444444444
Backdoor Acc: 0.16578910120311394
Round 8/40
Learner 0..1..2..3..4..5..6..7..8..9..10..11..12..13..14..15..16..17..18..19..Finish
Avg Loss: 1.494298236776066, Acc: 0.49983014861995756
Backdoor Acc: 0.14747346072186837
Round 9/40
Learner 0..1..2..3..4..5..6..7..8..9..10..11..12..13..14..15..16..17..18..19..Finish
Avg Loss: 1.4384687669447338, Acc: 0.5230148619957536
Backdoor Acc: 0.14342533616418965
Round 10/40
Learner 0..1..2..3..4..5..6..7..8..9..10..11..12..13..14..15..16..17..18..19..Finish
Avg Loss: 1.3466756809452363, Acc: 0.5600707714083512
Backdoor Acc: 0.1396886058032555
Round 11/40
Learner 0..1..2..3..4..5..6..7..8..9..10..11..12..13..14..15..16..17..18..19..Finish
Avg Loss: 1.2892450119260201, Acc: 0.5765888181174806
Backdoor Acc: 0.10182590233545648
Round 12/40
Learner 0..1..2..3..4..5..6..7..8..9..10..11..12..13..14..15..16..17..18..19..Finish
Avg Loss: 1.2623769892640444, Acc: 0.5887190375088465
Backdoor Acc: 0.10820948336871902
Round 13/40
Learner 0..1..2..3..4..5..6..7..8..9..10..11..12..13..14..15..16..17..18..19..Finish
Avg Loss: 1.1944069384774758, Acc: 0.6146213729653219
Backdoor Acc: 0.10260438782731776
Round 14/40
Learner 0..1..2..3..4..5..6..7..8..9..10..11..12..13..14..15..16..17..18..19..Finish
Avg Loss: 1.1811225550499929, Acc: 0.6166454352441614
Backdoor Acc: 0.08324133050247699
Round 15/40
Learner 0..1..2..3..4..5..6..7..8..9..10..11..12..13..14..15..16..17..18..19..Finish
Avg Loss: 1.1218825473829552, Acc: 0.638966737438075
Backdoor Acc: 0.10825194621372963
Round 16/40
Learner 0..1..2..3..4..5..6..7..8..9..10..11..12..13..14..15..16..17..18..19..Finish
Avg Loss: 1.1017841149824854, Acc: 0.6437225760792641
Backdoor Acc: 0.10396319886765747
Round 17/40
Learner 0..1..2..3..4..5..6..7..8..9..10..11..12..13..14..15..16..17..18..19..Finish
Avg Loss: 1.0589212131801766, Acc: 0.659377211606511
Backdoor Acc: 0.10929936305732484
Round 18/40
Learner 0..1..2..3..4..5..6..7..8..9..10..11..12..13..14..15..16..17..18..19..Finish
Avg Loss: 1.0195518060980233, Acc: 0.6699787685774947
Backdoor Acc: 0.08825194621372966
Round 19/40
Learner 0..1..2..3..4..5..6..7..8..9..10..11..12..13..14..15..16..17..18..19..Finish
Avg Loss: 1.0045198272668037, Acc: 0.6752724699221514
Backdoor Acc: 0.08336871903750885
Round 20/40
Learner 0..1..2..3..4..5..6..7..8..9..10..11..12..13..14..15..16..17..18..19..Finish
Avg Loss: 0.9878644429975085, Acc: 0.6800990799716914
Backdoor Acc: 0.08169851380042464
Round 21/40
Learner 0..1..2..3..4..5..6..7..8..9..10..11..12..13..14..15..16..17..18..19..Finish
Avg Loss: 0.939923085696329, Acc: 0.6967445152158528
Backdoor Acc: 0.09670205237084219
Round 22/40
Learner 0..1..2..3..4..5..6..7..8..9..10..11..12..13..14..15..16..17..18..19..Finish
Avg Loss: 0.9137786219625076, Acc: 0.7091861288039633
Backdoor Acc: 0.09065817409766455
Round 23/40
Learner 0..1..2..3..4..5..6..7..8..9..10..11..12..13..14..15..16..17..18..19..Finish
Avg Loss: 0.8974614054630927, Acc: 0.7133333333333334
Backdoor Acc: 0.08676574663835811
Round 24/40
Learner 0..1..2..3..4..5..6..7..8..9..10..11..12..13..14..15..16..17..18..19..Finish
Avg Loss: 0.8726619899192154, Acc: 0.7195612172682236
Backdoor Acc: 0.09521585279547061
Round 25/40
Learner 0..1..2..3..4..5..6..7..8..9..10..11..12..13..14..15..16..17..18..19..Finish
Avg Loss: 0.9097729801303811, Acc: 0.7124274593064401
Backdoor Acc: 0.08335456475583865
Round 26/40
Learner 0..1..2..3..4..5..6..7..8..9..10..11..12..13..14..15..16..17..18..19..Finish
Avg Loss: 0.8700217393571014, Acc: 0.7214578910120312
Backdoor Acc: 0.0921726822363765
Round 27/40
Learner 0..1..2..3..4..5..6..7..8..9..10..11..12..13..14..15..16..17..18..19..Finish
Avg Loss: 0.859389984870856, Acc: 0.7259447983014863
Backdoor Acc: 0.09559801840056618
Round 28/40
Learner 0..1..2..3..4..5..6..7..8..9..10..11..12..13..14..15..16..17..18..19..Finish
Avg Loss: 0.8233198103542896, Acc: 0.7351450813871196
Backdoor Acc: 0.08952583156404813
Round 29/40
Learner 0..1..2..3..4..5..6..7..8..9..10..11..12..13..14..15..16..17..18..19..Finish
Avg Loss: 0.8128116322881538, Acc: 0.7388535031847133
Backdoor Acc: 0.09497523000707714
Round 30/40
Learner 0..1..2..3..4..5..6..7..8..9..10..11..12..13..14..15..16..17..18..19..Finish
Avg Loss: 0.7834369991590499, Acc: 0.7481811748053786
Backdoor Acc: 0.09832979476291577
Round 31/40
Learner 0..1..2..3..4..5..6..7..8..9..10..11..12..13..14..15..16..17..18..19..Finish
Avg Loss: 0.8009234953338538, Acc: 0.7438924274593064
Backdoor Acc: 0.08938428874734608
Round 32/40
Learner 0..1..2..3..4..5..6..7..8..9..10..11..12..13..14..15..16..17..18..19..Finish
Avg Loss: 0.7712879318057442, Acc: 0.7505024769992922
Backdoor Acc: 0.1023920736022647
Round 33/40
Learner 0..1..2..3..4..5..6..7..8..9..10..11..12..13..14..15..16..17..18..19..Finish
Avg Loss: 0.7561563714857482, Acc: 0.7597310686482661
Backdoor Acc: 0.10007077140835102
Round 34/40
Learner 0..1..2..3..4..5..6..7..8..9..10..11..12..13..14..15..16..17..18..19..Finish
Avg Loss: 0.7714972505859136, Acc: 0.7533899504600141
Backdoor Acc: 0.09157820240622788
Round 35/40
Learner 0..1..2..3..4..5..6..7..8..9..10..11..12..13..14..15..16..17..18..19..Finish
Avg Loss: 0.7497253899581146, Acc: 0.7602547770700636
Backdoor Acc: 0.0880537862703468
Round 36/40
Learner 0..1..2..3..4..5..6..7..8..9..10..11..12..13..14..15..16..17..18..19..Finish
Avg Loss: 0.7256431027055595, Acc: 0.7685067232837933
Backdoor Acc: 0.09305024769992924
Round 37/40
Learner 0..1..2..3..4..5..6..7..8..9..10..11..12..13..14..15..16..17..18..19..Finish
Avg Loss: 0.7283200453462074, Acc: 0.7695541401273887
Backdoor Acc: 0.09302193913658881
Round 38/40
Learner 0..1..2..3..4..5..6..7..8..9..10..11..12..13..14..15..16..17..18..19..Finish
Avg Loss: 0.7335310066783467, Acc: 0.768690728945506
Backdoor Acc: 0.10021231422505308
Round 39/40
Learner 0..1..2..3..4..5..6..7..8..9..10..11..12..13..14..15..16..17..18..19..Finish
Avg Loss: 0.722332629906022, Acc: 0.7710544939844303
Backdoor Acc: 0.09391365888181175
Round 40/40
Learner 0..1..2..3..4..5..6..7..8..9..10..11..12..13..14..15..16..17..18..19..Finish
Avg Loss: 0.7015874391352689, Acc: 0.7761075725406935
Backdoor Acc: 0.10094833687190376
Round 1/40
Learner 0..1..2..3..4..5..6..7..8..9..10..11..12..13..14..15..16..17..18..19..Finish
Avg Loss: 0.6994230355915984, Acc: 0.7775088464260439
Backdoor Acc: 0.0940268931351734
Round 2/40
Learner 0..1..2..3..4..5..6..7..8..9..10..11..12..13..14..15..16..17..18..19..Finish
Avg Loss: 0.6950869641629365, Acc: 0.7804953998584572
Backdoor Acc: 0.09572540693559801
Round 3/40
Learner 0..1..2..3..4..5..6..7..8..9..10..11..12..13..14..15..16..17..18..19..Finish
Avg Loss: 0.686865259389298, Acc: 0.7829299363057325
Backdoor Acc: 0.09486199575371551
Round 4/40
Learner 0..1..2..3..4..5..6..7..8..9..10..11..12..13..14..15..16..17..18..19..Finish
Avg Loss: 0.6973689869635122, Acc: 0.7806369426751592
Backdoor Acc: 0.10063694267515924
Round 5/40
Learner 0..1..2..3..4..5..6..7..8..9..10..11..12..13..14..15..16..17..18..19..Finish
Avg Loss: 0.6788946552489832, Acc: 0.7846567586694975
Backdoor Acc: 0.09019108280254777
Round 6/40
Learner 0..1..2..3..4..5..6..7..8..9..10..11..12..13..14..15..16..17..18..19..Finish
Avg Loss: 0.6775441246011312, Acc: 0.7854069355980184
Backdoor Acc: 0.09484784147204531
Round 7/40
Learner 0..1..2..3..4..5..6..7..8..9..10..11..12..13..14..15..16..17..18..19..Finish
Avg Loss: 0.6858070263489341, Acc: 0.7849115357395613
Backdoor Acc: 0.09648973814578911
Round 8/40
Learner 0..1..2..3..4..5..6..7..8..9..10..11..12..13..14..15..16..17..18..19..Finish
Avg Loss: 0.6632853037145161, Acc: 0.7898513800424628
Backdoor Acc: 0.09578202406227884
Round 9/40
Learner 0..1..2..3..4..5..6..7..8..9..10..11..12..13..14..15..16..17..18..19..Finish
Avg Loss: 0.6619440590678408, Acc: 0.7893842887473461
Backdoor Acc: 0.09490445859872612
Round 10/40
Learner 0..1..2..3..4..5..6..7..8..9..10..11..12..13..14..15..16..17..18..19..Finish
Avg Loss: 0.6666079559275088, Acc: 0.7896532200990799
Backdoor Acc: 0.08873319179051664
Round 11/40
Learner 0..1..2..3..4..5..6..7..8..9..10..11..12..13..14..15..16..17..18..19..Finish
Avg Loss: 0.6726070027747935, Acc: 0.7897947629157821
Backdoor Acc: 0.09351733899504601
Round 12/40
Learner 0..1..2..3..4..5..6..7..8..9..10..11..12..13..14..15..16..17..18..19..Finish
Avg Loss: 0.6438739813389737, Acc: 0.796970983722576
Backdoor Acc: 0.09933474876150036
Round 13/40
Learner 0..1..2..3..4..5..6..7..8..9..10..11..12..13..14..15..16..17..18..19..Finish
Avg Loss: 0.6420159893280339, Acc: 0.799716914366596
Backdoor Acc: 0.09776362349610758
Round 14/40
Learner 0..1..2..3..4..5..6..7..8..9..10..11..12..13..14..15..16..17..18..19..Finish
Avg Loss: 0.6404397635078756, Acc: 0.7995046001415429
Backdoor Acc: 0.1002830856334041
Round 15/40
Learner 0..1..2..3..4..5..6..7..8..9..10..11..12..13..14..15..16..17..18..19..Finish
Avg Loss: 0.6268326187020045, Acc: 0.8035527246992215
Backdoor Acc: 0.09506015569709837
Round 16/40
Learner 0..1..2..3..4..5..6..7..8..9..10..11..12..13..14..15..16..17..18..19..Finish
Avg Loss: 0.6323361914864023, Acc: 0.8020948336871904
Backdoor Acc: 0.10142958244869073
Round 17/40
Learner 0..1..2..3..4..5..6..7..8..9..10..11..12..13..14..15..16..17..18..19..Finish
Avg Loss: 0.6272567742249264, Acc: 0.8043595187544231
Backdoor Acc: 0.09688605803255484
Round 18/40
Learner 0..1..2..3..4..5..6..7..8..9..10..11..12..13..14..15..16..17..18..19..Finish
Avg Loss: 0.6157415730680164, Acc: 0.8058881811748053
Backdoor Acc: 0.0937296532200991
Round 19/40
Learner 0..1..2..3..4..5..6..7..8..9..10..11..12..13..14..15..16..17..18..19..Finish
Avg Loss: 0.6160972499016878, Acc: 0.8039773531493277
Backdoor Acc: 0.09964614295824487
Round 20/40
Learner 0..1..2..3..4..5..6..7..8..9..10..11..12..13..14..15..16..17..18..19..Finish
Avg Loss: 0.620220221057467, Acc: 0.8056475583864118
Backdoor Acc: 0.09691436659589525
Round 21/40
Learner 0..1..2..3..4..5..6..7..8..9..10..11..12..13..14..15..16..17..18..19..Finish
Avg Loss: 0.6070298092909218, Acc: 0.809794762915782
Backdoor Acc: 0.09767869780608633
Round 22/40
Learner 0..1..2..3..4..5..6..7..8..9..10..11..12..13..14..15..16..17..18..19..Finish
Avg Loss: 0.6057018532056796, Acc: 0.8117197452229299
Backdoor Acc: 0.09917905166312811
Round 23/40
Learner 0..1..2..3..4..5..6..7..8..9..10..11..12..13..14..15..16..17..18..19..Finish
Avg Loss: 0.6144060818066226, Acc: 0.8080254777070063
Backdoor Acc: 0.0926680820948337
Round 24/40
Learner 0..1..2..3..4..5..6..7..8..9..10..11..12..13..14..15..16..17..18..19..Finish
Avg Loss: 0.5962116692035165, Acc: 0.8124982307147912
Backdoor Acc: 0.1010615711252654
Round 25/40
Learner 0..1..2..3..4..5..6..7..8..9..10..11..12..13..14..15..16..17..18..19..Finish
Avg Loss: 0.6011974358310302, Acc: 0.8142392073602265
Backdoor Acc: 0.0969851380042463
Round 26/40
Learner 0..1..2..3..4..5..6..7..8..9..10..11..12..13..14..15..16..17..18..19..Finish
Avg Loss: 0.5937616627801348, Acc: 0.8135598018400567
Backdoor Acc: 0.1002406227883935
Round 27/40
Learner 0..1..2..3..4..5..6..7..8..9..10..11..12..13..14..15..16..17..18..19..Finish
Avg Loss: 0.5985068185229693, Acc: 0.8151592356687899
Backdoor Acc: 0.09978768577494691
Round 28/40
Learner 0..1..2..3..4..5..6..7..8..9..10..11..12..13..14..15..16..17..18..19..Finish
Avg Loss: 0.5945891277442241, Acc: 0.8145506015569709
Backdoor Acc: 0.1002547770700637
Round 29/40
Learner 0..1..2..3..4..5..6..7..8..9..10..11..12..13..14..15..16..17..18..19..Finish
Avg Loss: 0.5772248444020371, Acc: 0.818825194621373
Backdoor Acc: 0.09997169143665958
Round 30/40
Learner 0..1..2..3..4..5..6..7..8..9..10..11..12..13..14..15..16..17..18..19..Finish
Avg Loss: 0.5820522814418686, Acc: 0.819447983014862
Backdoor Acc: 0.10225053078556263
Round 31/40
Learner 0..1..2..3..4..5..6..7..8..9..10..11..12..13..14..15..16..17..18..19..Finish
Avg Loss: 0.5885666105033898, Acc: 0.8171691436659589
Backdoor Acc: 0.10016985138004247
Round 32/40
Learner 0..1..2..3..4..5..6..7..8..9..10..11..12..13..14..15..16..17..18..19..Finish
Avg Loss: 0.5781923331835163, Acc: 0.8215569709837225
Backdoor Acc: 0.09723991507430998
Round 33/40
Learner 0..1..2..3..4..5..6..7..8..9..10..11..12..13..14..15..16..17..18..19..Finish
Avg Loss: 0.5834533193126799, Acc: 0.8193772116065109
Backdoor Acc: 0.09883934890304318
Round 34/40
Learner 0..1..2..3..4..5..6..7..8..9..10..11..12..13..14..15..16..17..18..19..Finish
Avg Loss: 0.575443166503708, Acc: 0.8236093418259024
Backdoor Acc: 0.09875442321302193
Round 35/40
Learner 0..1..2..3..4..5..6..7..8..9..10..11..12..13..14..15..16..17..18..19..Finish
Avg Loss: 0.568269175569028, Acc: 0.821797593772116
Backdoor Acc: 0.09603680113234253
Round 36/40
Learner 0..1..2..3..4..5..6..7..8..9..10..11..12..13..14..15..16..17..18..19..Finish
Avg Loss: 0.5644398832747539, Acc: 0.8258315640481245
Backdoor Acc: 0.10181174805378627
Round 37/40
Learner 0..1..2..3..4..5..6..7..8..9..10..11..12..13..14..15..16..17..18..19..Finish
Avg Loss: 0.5705096988910145, Acc: 0.8216277423920737
Backdoor Acc: 0.09725406935598019
Round 38/40
Learner 0..1..2..3..4..5..6..7..8..9..10..11..12..13..14..15..16..17..18..19..Finish
Avg Loss: 0.5618995669000895, Acc: 0.823934890304317
Backdoor Acc: 0.09831564048124558
Round 39/40
Learner 0..1..2..3..4..5..6..7..8..9..10..11..12..13..14..15..16..17..18..19..Finish
Avg Loss: 0.5607880564110376, Acc: 0.8279405520169851
Backdoor Acc: 0.09929228591648975
Round 40/40
Learner 0..1..2..3..4..5..6..7..8..9..10..11..12..13..14..15..16..17..18..19..Finish
Avg Loss: 0.5563509820829219, Acc: 0.8268789808917199
Backdoor Acc: 0.09631988676574664
Round 1/40
Learner 0..1..2..3..4..5..6..7..8..9..10..11..12..13..14..15..16..17..18..19..Finish
Avg Loss: 0.5564582219712062, Acc: 0.8270629865534325
Backdoor Acc: 0.10009907997169144
Round 2/40
Learner 0..1..2..3..4..5..6..7..8..9..10..11..12..13..14..15..16..17..18..19..Finish
Avg Loss: 0.5470150888076366, Acc: 0.8323425336164189
Backdoor Acc: 0.1013305024769993
Round 3/40
Learner 0..1..2..3..4..5..6..7..8..9..10..11..12..13..14..15..16..17..18..19..Finish
Avg Loss: 0.5431507983410692, Acc: 0.8321443736730362
Backdoor Acc: 0.09714083510261855
Round 4/40
Learner 0..1..2..3..4..5..6..7..8..9..10..11..12..13..14..15..16..17..18..19..Finish
Avg Loss: 0.5439565294113451, Acc: 0.8322576079263978
Backdoor Acc: 0.0991648973814579
Round 5/40
Learner 0..1..2..3..4..5..6..7..8..9..10..11..12..13..14..15..16..17..18..19..Finish
Avg Loss: 0.5420954006327805, Acc: 0.8319886765746638
Backdoor Acc: 0.09852795470629866
Round 6/40
Learner 0..1..2..3..4..5..6..7..8..9..10..11..12..13..14..15..16..17..18..19..Finish
Avg Loss: 0.5422616438282268, Acc: 0.8336022646850672
Backdoor Acc: 0.09824486907289455
Round 7/40
Learner 0..1..2..3..4..5..6..7..8..9..10..11..12..13..14..15..16..17..18..19..Finish
Avg Loss: 0.5441479025557535, Acc: 0.833927813163482
Backdoor Acc: 0.09707006369426752
Round 8/40
Learner 0..1..2..3..4..5..6..7..8..9..10..11..12..13..14..15..16..17..18..19..Finish
Avg Loss: 0.5589609253388521, Acc: 0.8296815286624203
Backdoor Acc: 0.09898089171974522
Round 9/40
Learner 0..1..2..3..4..5..6..7..8..9..10..11..12..13..14..15..16..17..18..19..Finish
Avg Loss: 0.5364007643577934, Acc: 0.8352866242038216
Backdoor Acc: 0.09664543524416137
Round 10/40
Learner 0..1..2..3..4..5..6..7..8..9..10..11..12..13..14..15..16..17..18..19..Finish
Avg Loss: 0.5330710345912849, Acc: 0.8364472753007786
Backdoor Acc: 0.09906581740976644
Round 11/40
Learner 0..1..2..3..4..5..6..7..8..9..10..11..12..13..14..15..16..17..18..19..Finish
Avg Loss: 0.5499717530490731, Acc: 0.833177636234961
Backdoor Acc: 0.10007077140835102
Round 12/40
Learner 0..1..2..3..4..5..6..7..8..9..10..11..12..13..14..15..16..17..18..19..Finish
Avg Loss: 0.542091049073481, Acc: 0.8358386411889597
Backdoor Acc: 0.10103326256192498
Round 13/40
Learner 0..1..2..3..4..5..6..7..8..9..10..11..12..13..14..15..16..17..18..19..Finish
Avg Loss: 0.5428336434930314, Acc: 0.8347912243453643
Backdoor Acc: 0.10118895966029723
Round 14/40
Learner 0..1..2..3..4..5..6..7..8..9..10..11..12..13..14..15..16..17..18..19..Finish
Avg Loss: 0.5441416701558108, Acc: 0.8337296532200991
Backdoor Acc: 0.10181174805378627
Round 15/40
Learner 0..1..2..3..4..5..6..7..8..9..10..11..12..13..14..15..16..17..18..19..Finish
Avg Loss: 0.5493652127765609, Acc: 0.8327954706298656
Backdoor Acc: 0.10082094833687191
Round 16/40
Learner 0..1..2..3..4..5..6..7..8..9..10..11..12..13..14..15..16..17..18..19..Finish
Avg Loss: 0.5334746943519205, Acc: 0.8377070063694266
Backdoor Acc: 0.10014154281670204
Round 17/40
Learner 0..1..2..3..4..5..6..7..8..9..10..11..12..13..14..15..16..17..18..19..Finish
Avg Loss: 0.5264685831269099, Acc: 0.8397735314932767
Backdoor Acc: 0.09995753715498938
Round 18/40
Learner 0..1..2..3..4..5..6..7..8..9..10..11..12..13..14..15..16..17..18..19..Finish
Avg Loss: 0.527227488523913, Acc: 0.8387827317763623
Backdoor Acc: 0.09958952583156405
Round 19/40
Learner 0..1..2..3..4..5..6..7..8..9..10..11..12..13..14..15..16..17..18..19..Finish
Avg Loss: 0.5262575780538725, Acc: 0.8393205944798301
Backdoor Acc: 0.09907997169143666
Round 20/40
Learner 0..1..2..3..4..5..6..7..8..9..10..11..12..13..14..15..16..17..18..19..Finish
Avg Loss: 0.5327294784488262, Acc: 0.8379900920028309
Backdoor Acc: 0.1005237084217976
Round 21/40
Learner 0..1..2..3..4..5..6..7..8..9..10..11..12..13..14..15..16..17..18..19..Finish
Avg Loss: 0.528816178320531, Acc: 0.8396461429582448
Backdoor Acc: 0.10011323425336165
Round 22/40
Learner 0..1..2..3..4..5..6..7..8..9..10..11..12..13..14..15..16..17..18..19..Finish
Avg Loss: 0.514520837169043, Acc: 0.842349610757254
Backdoor Acc: 0.10420382165605097
Round 23/40
Learner 0..1..2..3..4..5..6..7..8..9..10..11..12..13..14..15..16..17..18..19..Finish
Avg Loss: 0.5277317077276493, Acc: 0.8390092002830856
Backdoor Acc: 0.09726822363765039
Round 24/40
Learner 0..1..2..3..4..5..6..7..8..9..10..11..12..13..14..15..16..17..18..19..Finish
Avg Loss: 0.5312473842009309, Acc: 0.8384430290162774
Backdoor Acc: 0.10178343949044585
Round 25/40
Learner 0..1..2..3..4..5..6..7..8..9..10..11..12..13..14..15..16..17..18..19..Finish
Avg Loss: 0.5326163702927926, Acc: 0.839858457183298
Backdoor Acc: 0.10208067940552017
Round 26/40
Learner 0..1..2..3..4..5..6..7..8..9..10..11..12..13..14..15..16..17..18..19..Finish
Avg Loss: 0.5271634292135112, Acc: 0.8425194621372964
Backdoor Acc: 0.10212314225053079
Round 27/40
Learner 0..1..2..3..4..5..6..7..8..9..10..11..12..13..14..15..16..17..18..19..Finish
Avg Loss: 0.518001762802217, Acc: 0.84482661004954
Backdoor Acc: 0.10113234253361643
Round 28/40
Learner 0..1..2..3..4..5..6..7..8..9..10..11..12..13..14..15..16..17..18..19..Finish
Avg Loss: 0.5184091591421774, Acc: 0.8430714791224346
Backdoor Acc: 0.09685774946921444
Round 29/40
Learner 0..1..2..3..4..5..6..7..8..9..10..11..12..13..14..15..16..17..18..19..Finish
Avg Loss: 0.5239385855159122, Acc: 0.8419249823071479
Backdoor Acc: 0.0978202406227884
Round 30/40
Learner 0..1..2..3..4..5..6..7..8..9..10..11..12..13..14..15..16..17..18..19..Finish
Avg Loss: 0.5234067422096377, Acc: 0.8424062278839349
Backdoor Acc: 0.09743807501769286
Round 31/40
Learner 0..1..2..3..4..5..6..7..8..9..10..11..12..13..14..15..16..17..18..19..Finish
Avg Loss: 0.5038931837718506, Acc: 0.8469355980184006
Backdoor Acc: 0.0978485491861288
Round 32/40
Learner 0..1..2..3..4..5..6..7..8..9..10..11..12..13..14..15..16..17..18..19..Finish
Avg Loss: 0.5095540364159317, Acc: 0.8442604387827318
Backdoor Acc: 0.09845718329794764
Round 33/40
Learner 0..1..2..3..4..5..6..7..8..9..10..11..12..13..14..15..16..17..18..19..Finish
Avg Loss: 0.5345076881778152, Acc: 0.8395046001415429
Backdoor Acc: 0.09377211606510968
Round 34/40
Learner 0..1..2..3..4..5..6..7..8..9..10..11..12..13..14..15..16..17..18..19..Finish
Avg Loss: 0.515136405587526, Acc: 0.8455909412597311
Backdoor Acc: 0.10043878273177637
Round 35/40
Learner 0..1..2..3..4..5..6..7..8..9..10..11..12..13..14..15..16..17..18..19..Finish
Avg Loss: 0.5094393541537522, Acc: 0.8451238499646142
Backdoor Acc: 0.09804670912951169
Round 36/40
Learner 0..1..2..3..4..5..6..7..8..9..10..11..12..13..14..15..16..17..18..19..Finish
Avg Loss: 0.5147632954466764, Acc: 0.8462420382165604
Backdoor Acc: 0.10142958244869073
Round 37/40
Learner 0..1..2..3..4..5..6..7..8..9..10..11..12..13..14..15..16..17..18..19..Finish
Avg Loss: 0.5174873732737086, Acc: 0.845378627034678
Backdoor Acc: 0.09704175513092711
Round 38/40
Learner 0..1..2..3..4..5..6..7..8..9..10..11..12..13..14..15..16..17..18..19..Finish
Avg Loss: 0.5162293791376364, Acc: 0.8455201698513801
Backdoor Acc: 0.1002547770700637
Round 39/40
Learner 0..1..2..3..4..5..6..7..8..9..10..11..12..13..14..15..16..17..18..19..Finish
Avg Loss: 0.5161753035539152, Acc: 0.8467799009200283
Backdoor Acc: 0.09926397735314933
Round 40/40
Learner 0..1..2..3..4..5..6..7..8..9..10..11..12..13..14..15..16..17..18..19..Finish
Avg Loss: 0.5022537710755901, Acc: 0.8485633404104741
Backdoor Acc: 0.09777777777777778
Round 1/40
Learner 0..1..2..3..4..5..6..7..8..9..10..11..12..13..14..15..16..17..18..19..Finish
Avg Loss: 0.4988767938789775, Acc: 0.8487473460721868
Backdoor Acc: 0.10116065109695684
Round 2/40
Learner 0..1..2..3..4..5..6..7..8..9..10..11..12..13..14..15..16..17..18..19..Finish
Avg Loss: 0.5208367771976363, Acc: 0.846610049539986
Backdoor Acc: 0.0994904458598726
Round 3/40
Learner 0..1..2..3..4..5..6..7..8..9..10..11..12..13..14..15..16..17..18..19..Finish
Avg Loss: 0.5127466286937667, Acc: 0.8467091295116772
Backdoor Acc: 0.10096249115357396
Round 4/40
Learner 0..1..2..3..4..5..6..7..8..9..10..11..12..13..14..15..16..17..18..19..Finish
Avg Loss: 0.5174317423510008, Acc: 0.8465675866949751
Backdoor Acc: 0.10114649681528662
Round 5/40
Learner 0..1..2..3..4..5..6..7..8..9..10..11..12..13..14..15..16..17..18..19..Finish
Avg Loss: 0.5119776215960372, Acc: 0.8473177636234962
Backdoor Acc: 0.09907997169143666
Round 6/40
Learner 0..1..2..3..4..5..6..7..8..9..10..11..12..13..14..15..16..17..18..19..Finish
Avg Loss: 0.5058023198099695, Acc: 0.8490728945506015
Backdoor Acc: 0.09910828025477708
Round 7/40
Learner 0..1..2..3..4..5..6..7..8..9..10..11..12..13..14..15..16..17..18..19..Finish
Avg Loss: 0.5026697095186141, Acc: 0.8491153573956122
Backdoor Acc: 0.10208067940552017
Round 8/40
Learner 0..1..2..3..4..5..6..7..8..9..10..11..12..13..14..15..16..17..18..19..Finish
Avg Loss: 0.5036091910567481, Acc: 0.8490304317055909
Backdoor Acc: 0.10198159943382874
Round 9/40
Learner 0..1..2..3..4..5..6..7..8..9..10..11..12..13..14..15..16..17..18..19..Finish
Avg Loss: 0.5013076229851319, Acc: 0.8514791224345365
Backdoor Acc: 0.09929228591648975
Round 10/40
Learner 0..1..2..3..4..5..6..7..8..9..10..11..12..13..14..15..16..17..18..19..Finish
Avg Loss: 0.5023177035866759, Acc: 0.8508563340410474
Backdoor Acc: 0.09924982307147912
Round 11/40
Learner 0..1..2..3..4..5..6..7..8..9..10..11..12..13..14..15..16..17..18..19..Finish
Avg Loss: 0.504420838817658, Acc: 0.8486341118188252
Backdoor Acc: 0.09960368011323427
Round 12/40
Learner 0..1..2..3..4..5..6..7..8..9..10..11..12..13..14..15..16..17..18..19..Finish
Avg Loss: 0.5092340522355719, Acc: 0.8485491861288039
Backdoor Acc: 0.09840056617126682
Round 13/40
Learner 0..1..2..3..4..5..6..7..8..9..10..11..12..13..14..15..16..17..18..19..Finish
Avg Loss: 0.5076152265926632, Acc: 0.8494975230007077
Backdoor Acc: 0.09804670912951166
Round 14/40
Learner 0..1..2..3..4..5..6..7..8..9..10..11..12..13..14..15..16..17..18..19..Finish
Avg Loss: 0.5140235514910899, Acc: 0.8499221514508138
Backdoor Acc: 0.10100495399858457
Round 15/40
Learner 0..1..2..3..4..5..6..7..8..9..10..11..12..13..14..15..16..17..18..19..Finish
Avg Loss: 0.5037931989253327, Acc: 0.8509271054493984
Backdoor Acc: 0.09926397735314935
Round 16/40
Learner 0..1..2..3..4..5..6..7..8..9..10..11..12..13..14..15..16..17..18..19..Finish
Avg Loss: 0.4988359071197814, Acc: 0.8528662420382166
Backdoor Acc: 0.10019815994338288
Round 17/40
Learner 0..1..2..3..4..5..6..7..8..9..10..11..12..13..14..15..16..17..18..19..Finish
Avg Loss: 0.4968987437107709, Acc: 0.8525690021231421
Backdoor Acc: 0.098966737438075
Round 18/40
Learner 0..1..2..3..4..5..6..7..8..9..10..11..12..13..14..15..16..17..18..19..Finish
Avg Loss: 0.5013309136687591, Acc: 0.8530644019815994
Backdoor Acc: 0.09876857749469216
Round 19/40
Learner 0..1..2..3..4..5..6..7..8..9..10..11..12..13..14..15..16..17..18..19..Finish
Avg Loss: 0.5089640127479788, Acc: 0.8516772823779193
Backdoor Acc: 0.10199575371549895
Round 20/40
Learner 0..1..2..3..4..5..6..7..8..9..10..11..12..13..14..15..16..17..18..19..Finish
Avg Loss: 0.5149671361397181, Acc: 0.849171974522293
Backdoor Acc: 0.09883934890304318
Round 21/40
Learner 0..1..2..3..4..5..6..7..8..9..10..11..12..13..14..15..16..17..18..19..Finish
Avg Loss: 0.4933139442023673, Acc: 0.8537438075017693
Backdoor Acc: 0.10002830856334041
Round 22/40
Learner 0..1..2..3..4..5..6..7..8..9..10..11..12..13..14..15..16..17..18..19..Finish
Avg Loss: 0.4942680415066419, Acc: 0.8542675159235668
Backdoor Acc: 0.10076433121019107
Round 23/40
Learner 0..1..2..3..4..5..6..7..8..9..10..11..12..13..14..15..16..17..18..19..Finish
Avg Loss: 0.5061319797922788, Acc: 0.8509837225760793
Backdoor Acc: 0.09796178343949044
Round 24/40
Learner 0..1..2..3..4..5..6..7..8..9..10..11..12..13..14..15..16..17..18..19..Finish
Avg Loss: 0.4921743650950135, Acc: 0.8544656758669498
Backdoor Acc: 0.09881104033970275
Round 25/40
Learner 0..1..2..3..4..5..6..7..8..9..10..11..12..13..14..15..16..17..18..19..Finish
Avg Loss: 0.49688254353546557, Acc: 0.8538853503184713
Backdoor Acc: 0.09786270346779899
Round 26/40
Learner 0..1..2..3..4..5..6..7..8..9..10..11..12..13..14..15..16..17..18..19..Finish
Avg Loss: 0.5085588868847496, Acc: 0.8527671620665251
Backdoor Acc: 0.09827317763623496
Round 27/40
Learner 0..1..2..3..4..5..6..7..8..9..10..11..12..13..14..15..16..17..18..19..Finish
Avg Loss: 0.5016047465280556, Acc: 0.8529936305732484
Backdoor Acc: 0.09709837225760792
Round 28/40
Learner 0..1..2..3..4..5..6..7..8..9..10..11..12..13..14..15..16..17..18..19..Finish
Avg Loss: 0.4898321277822865, Acc: 0.8559660297239915
Backdoor Acc: 0.10008492569002124
Round 29/40
Learner 0..1..2..3..4..5..6..7..8..9..10..11..12..13..14..15..16..17..18..19..Finish
