ID Reset
ID Generated: 27
Files already downloaded and verified
Files already downloaded and verified
Round 1/80
Learner 0..1..2..3..4..5..6..7..8..9..10..11..12..13..14..15..16..17..18..19..Finish
Avg Loss: 2.3138196917768483, Acc: 0.1
Round 2/80
Learner 0..1..2..3..4..5..6..7..8..9..10..11..12..13..14..15..16..17..18..19..Finish
Avg Loss: 2.3025966924600327, Acc: 0.1
Round 3/80
Learner 0..1..2..3..4..5..6..7..8..9..10..11..12..13..14..15..16..17..18..19..Finish
Avg Loss: 2.302548031456554, Acc: 0.126
Round 4/80
Learner 0..1..2..3..4..5..6..7..8..9..10..11..12..13..14..15..16..17..18..19..Finish
Avg Loss: 2.30249550091192, Acc: 0.1009
Round 5/80
Learner 0..1..2..3..4..5..6..7..8..9..10..11..12..13..14..15..16..17..18..19..Finish
Avg Loss: 2.3023671654466624, Acc: 0.1417
Round 6/80
Learner 0..1..2..3..4..5..6..7..8..9..10..11..12..13..14..15..16..17..18..19..Finish
Avg Loss: 2.3019209921169588, Acc: 0.1402
Round 7/80
Learner 0..1..2..3..4..5..6..7..8..9..10..11..12..13..14..15..16..17..18..19..Finish
Avg Loss: 2.2991101635149875, Acc: 0.1889
Round 8/80
Learner 0..1..2..3..4..5..6..7..8..9..10..11..12..13..14..15..16..17..18..19..Finish
Avg Loss: 2.249734007893279, Acc: 0.1747
Round 9/80
Learner 0..1..2..3..4..5..6..7..8..9..10..11..12..13..14..15..16..17..18..19..Finish
Avg Loss: 2.0328775465298006, Acc: 0.1908
Round 10/80
Learner 0..1..2..3..4..5..6..7..8..9..10..11..12..13..14..15..16..17..18..19..Finish
Avg Loss: 2.0090802412825273, Acc: 0.1959
Round 11/80
Learner 0..1..2..3..4..5..6..7..8..9..10..11..12..13..14..15..16..17..18..19..Finish
Avg Loss: 1.9553876239270829, Acc: 0.204
Round 12/80
Learner 0..1..2..3..4..5..6..7..8..9..10..11..12..13..14..15..16..17..18..19..Finish
Avg Loss: 1.9209986110083974, Acc: 0.2157
Round 13/80
Learner 0..1..2..3..4..5..6..7..8..9..10..11..12..13..14..15..16..17..18..19..Finish
Avg Loss: 1.8323352531122323, Acc: 0.2702
Round 14/80
Learner 0..1..2..3..4..5..6..7..8..9..10..11..12..13..14..15..16..17..18..19..Finish
Avg Loss: 1.7763876126597102, Acc: 0.3079
Round 15/80
Learner 0..1..2..3..4..5..6..7..8..9..10..11..12..13..14..15..16..17..18..19..Finish
Avg Loss: 1.7105509800651966, Acc: 0.3447
Round 16/80
Learner 0..1..2..3..4..5..6..7..8..9..10..11..12..13..14..15..16..17..18..19..Finish
Avg Loss: 1.6607871836366745, Acc: 0.3746
Round 17/80
Learner 0..1..2..3..4..5..6..7..8..9..10..11..12..13..14..15..16..17..18..19..Finish
Avg Loss: 1.6466695683451886, Acc: 0.4002
Round 18/80
Learner 0..1..2..3..4..5..6..7..8..9..10..11..12..13..14..15..16..17..18..19..Finish
Avg Loss: 1.5750112148900381, Acc: 0.4243
Round 19/80
Learner 0..1..2..3..4..5..6..7..8..9..10..11..12..13..14..15..16..17..18..19..Finish
Avg Loss: 1.5568328097986337, Acc: 0.4412
Round 20/80
Learner 0..1..2..3..4..5..6..7..8..9..10..11..12..13..14..15..16..17..18..19..Finish
Avg Loss: 1.536452057262579, Acc: 0.4488
Round 21/80
Learner 0..1..2..3..4..5..6..7..8..9..10..11..12..13..14..15..16..17..18..19..Finish
Avg Loss: 1.4744041741084748, Acc: 0.4708
Round 22/80
Learner 0..1..2..3..4..5..6..7..8..9..10..11..12..13..14..15..16..17..18..19..Finish
Avg Loss: 1.4426931716001834, Acc: 0.4851
Round 23/80
Learner 0..1..2..3..4..5..6..7..8..9..10..11..12..13..14..15..16..17..18..19..Finish
Avg Loss: 1.3822111335044471, Acc: 0.5101
Round 24/80
Learner 0..1..2..3..4..5..6..7..8..9..10..11..12..13..14..15..16..17..18..19..Finish
Avg Loss: 1.3764620459498689, Acc: 0.5105
Round 25/80
Learner 0..1..2..3..4..5..6..7..8..9..10..11..12..13..14..15..16..17..18..19..Finish
Avg Loss: 1.3414123875264543, Acc: 0.5255
Round 26/80
Learner 0..1..2..3..4..5..6..7..8..9..10..11..12..13..14..15..16..17..18..19..Finish
Avg Loss: 1.3110190011061038, Acc: 0.541
Round 27/80
Learner 0..1..2..3..4..5..6..7..8..9..10..11..12..13..14..15..16..17..18..19..Finish
Avg Loss: 1.2980640231610867, Acc: 0.5468
Round 28/80
Learner 0..1..2..3..4..5..6..7..8..9..10..11..12..13..14..15..16..17..18..19..Finish
Avg Loss: 1.2546525115783984, Acc: 0.5652
Round 29/80
Learner 0..1..2..3..4..5..6..7..8..9..10..11..12..13..14..15..16..17..18..19..Finish
Avg Loss: 1.2302906309453825, Acc: 0.5722
Round 30/80
Learner 0..1..2..3..4..5..6..7..8..9..10..11..12..13..14..15..16..17..18..19..Finish
Avg Loss: 1.2237363147278564, Acc: 0.576
Round 31/80
Learner 0..1..2..3..4..5..6..7..8..9..10..11..12..13..14..15..16..17..18..19..Finish
Avg Loss: 1.1881285123169993, Acc: 0.583
Round 32/80
Learner 0..1..2..3..4..5..6..7..8..9..10..11..12..13..14..15..16..17..18..19..Finish
Avg Loss: 1.1725853344502921, Acc: 0.5952
Round 33/80
Learner 0..1..2..3..4..5..6..7..8..9..10..11..12..13..14..15..16..17..18..19..Finish
Avg Loss: 1.1425798640083582, Acc: 0.6003
Round 34/80
Learner 0..1..2..3..4..5..6..7..8..9..10..11..12..13..14..15..16..17..18..19..Finish
Avg Loss: 1.1131614338094815, Acc: 0.612
Round 35/80
Learner 0..1..2..3..4..5..6..7..8..9..10..11..12..13..14..15..16..17..18..19..Finish
Avg Loss: 1.112421870993349, Acc: 0.6186
Round 36/80
Learner 0..1..2..3..4..5..6..7..8..9..10..11..12..13..14..15..16..17..18..19..Finish
Avg Loss: 1.1002228688508178, Acc: 0.6207
Round 37/80
Learner 0..1..2..3..4..5..6..7..8..9..10..11..12..13..14..15..16..17..18..19..Finish
Avg Loss: 1.0863203625328623, Acc: 0.6256
Round 38/80
Learner 0..1..2..3..4..5..6..7..8..9..10..11..12..13..14..15..16..17..18..19..Finish
Avg Loss: 1.075733669078388, Acc: 0.6298
Round 39/80
Learner 0..1..2..3..4..5..6..7..8..9..10..11..12..13..14..15..16..17..18..19..Finish
Avg Loss: 1.0575320042741185, Acc: 0.6341
Round 40/80
Learner 0..1..2..3..4..5..6..7..8..9..10..11..12..13..14..15..16..17..18..19..Finish
Avg Loss: 1.044865650490831, Acc: 0.6428
Round 41/80
Learner 0..1..2..3..4..5..6..7..8..9..10..11..12..13..14..15..16..17..18..19..Finish
Avg Loss: 1.0454210006771758, Acc: 0.6395
Round 42/80
Learner 0..1..2..3..4..5..6..7..8..9..10..11..12..13..14..15..16..17..18..19..Finish
Avg Loss: 1.034654988077121, Acc: 0.6456
Round 43/80
Learner 0..1..2..3..4..5..6..7..8..9..10..11..12..13..14..15..16..17..18..19..Finish
Avg Loss: 1.0187739249997245, Acc: 0.6497
Round 44/80
Learner 0..1..2..3..4..5..6..7..8..9..10..11..12..13..14..15..16..17..18..19..Finish
Avg Loss: 1.0064682682482198, Acc: 0.6554
Round 45/80
Learner 0..1..2..3..4..5..6..7..8..9..10..11..12..13..14..15..16..17..18..19..Finish
Avg Loss: 1.007215074837779, Acc: 0.6528
Round 46/80
Learner 0..1..2..3..4..5..6..7..8..9..10..11..12..13..14..15..16..17..18..19..Finish
Avg Loss: 0.9906489708172247, Acc: 0.6576
Round 47/80
Learner 0..1..2..3..4..5..6..7..8..9..10..11..12..13..14..15..16..17..18..19..Finish
Avg Loss: 0.9853782099656785, Acc: 0.6609
Round 48/80
Learner 0..1..2..3..4..5..6..7..8..9..10..11..12..13..14..15..16..17..18..19..Finish
Avg Loss: 0.9824629047046454, Acc: 0.6619
Round 49/80
Learner 0..1..2..3..4..5..6..7..8..9..10..11..12..13..14..15..16..17..18..19..Finish
Avg Loss: 0.9786968861525052, Acc: 0.6598
Round 50/80
Learner 0..1..2..3..4..5..6..7..8..9..10..11..12..13..14..15..16..17..18..19..Finish
Avg Loss: 0.9670183993756961, Acc: 0.6694
Round 51/80
Learner 0..1..2..3..4..5..6..7..8..9..10..11..12..13..14..15..16..17..18..19..Finish
Avg Loss: 0.966438462939887, Acc: 0.6659
Round 52/80
Learner 0..1..2..3..4..5..6..7..8..9..10..11..12..13..14..15..16..17..18..19..Finish
Avg Loss: 0.9586058017163993, Acc: 0.672
Round 53/80
Learner 0..1..2..3..4..5..6..7..8..9..10..11..12..13..14..15..16..17..18..19..Finish
Avg Loss: 0.9550517919345405, Acc: 0.6735
Round 54/80
Learner 0..1..2..3..4..5..6..7..8..9..10..11..12..13..14..15..16..17..18..19..Finish
Avg Loss: 0.9512842983102646, Acc: 0.6704
Round 55/80
Learner 0..1..2..3..4..5..6..7..8..9..10..11..12..13..14..15..16..17..18..19..Finish
Avg Loss: 0.949265222199047, Acc: 0.6737
Round 56/80
Learner 0..1..2..3..4..5..6..7..8..9..10..11..12..13..14..15..16..17..18..19..Finish
Avg Loss: 0.9477400494078858, Acc: 0.6718
Round 57/80
Learner 0..1..2..3..4..5..6..7..8..9..10..11..12..13..14..15..16..17..18..19..Finish
Avg Loss: 0.9418824059894672, Acc: 0.6779
Round 58/80
Learner 0..1..2..3..4..5..6..7..8..9..10..11..12..13..14..15..16..17..18..19..Finish
Avg Loss: 0.9359259224547365, Acc: 0.6787
Round 59/80
Learner 0..1..2..3..4..5..6..7..8..9..10..11..12..13..14..15..16..17..18..19..Finish
Avg Loss: 0.9369819988838781, Acc: 0.6758
Round 60/80
Learner 0..1..2..3..4..5..6..7..8..9..10..11..12..13..14..15..16..17..18..19..Finish
Avg Loss: 0.9301446349666522, Acc: 0.6793
Round 61/80
Learner 0..1..2..3..4..5..6..7..8..9..10..11..12..13..14..15..16..17..18..19..Finish
Avg Loss: 0.9264910245855776, Acc: 0.6787
Round 62/80
Learner 0..1..2..3..4..5..6..7..8..9..10..11..12..13..14..15..16..17..18..19..Finish
Avg Loss: 0.9249586242075545, Acc: 0.6813
Round 63/80
Learner 0..1..2..3..4..5..6..7..8..9..10..11..12..13..14..15..16..17..18..19..Finish
Avg Loss: 0.9218128542549694, Acc: 0.6832
Round 64/80
Learner 0..1..2..3..4..5..6..7..8..9..10..11..12..13..14..15..16..17..18..19..Finish
Avg Loss: 0.9211777700022006, Acc: 0.6831
Round 65/80
Learner 0..1..2..3..4..5..6..7..8..9..10..11..12..13..14..15..16..17..18..19..Finish
Avg Loss: 0.9140952073347074, Acc: 0.6848
Round 66/80
Learner 0..1..2..3..4..5..6..7..8..9..10..11..12..13..14..15..16..17..18..19..Finish
Avg Loss: 0.9107931238203384, Acc: 0.6833
Round 67/80
Learner 0..1..2..3..4..5..6..7..8..9..10..11..12..13..14..15..16..17..18..19..Finish
Avg Loss: 0.9133606535938982, Acc: 0.6885
Round 68/80
Learner 0..1..2..3..4..5..6..7..8..9..10..11..12..13..14..15..16..17..18..19..Finish
Avg Loss: 0.9051845624995308, Acc: 0.6907
Round 69/80
Learner 0..1..2..3..4..5..6..7..8..9..10..11..12..13..14..15..16..17..18..19..Finish
Avg Loss: 0.9064460300599424, Acc: 0.6887
Round 70/80
Learner 0..1..2..3..4..5..6..7..8..9..10..11..12..13..14..15..16..17..18..19..Finish
Avg Loss: 0.9015769450047526, Acc: 0.6919
Round 71/80
Learner 0..1..2..3..4..5..6..7..8..9..10..11..12..13..14..15..16..17..18..19..Finish
Avg Loss: 0.9001788508396941, Acc: 0.6903
Round 72/80
Learner 0..1..2..3..4..5..6..7..8..9..10..11..12..13..14..15..16..17..18..19..Finish
Avg Loss: 0.9058725531108844, Acc: 0.6908
Round 73/80
Learner 0..1..2..3..4..5..6..7..8..9..10..11..12..13..14..15..16..17..18..19..Finish
Avg Loss: 0.901567589360685, Acc: 0.6925
Round 74/80
Learner 0..1..2..3..4..5..6..7..8..9..10..11..12..13..14..15..16..17..18..19..Finish
Avg Loss: 0.8972083850028797, Acc: 0.6928
Round 75/80
Learner 0..1..2..3..4..5..6..7..8..9..10..11..12..13..14..15..16..17..18..19..Finish
Avg Loss: 0.8965366875972992, Acc: 0.6934
Round 76/80
Learner 0..1..2..3..4..5..6..7..8..9..10..11..12..13..14..15..16..17..18..19..Finish
Avg Loss: 0.8985022815842979, Acc: 0.691
Round 77/80
Learner 0..1..2..3..4..5..6..7..8..9..10..11..12..13..14..15..16..17..18..19..Finish
Avg Loss: 0.8975712247549916, Acc: 0.6904
Round 78/80
Learner 0..1..2..3..4..5..6..7..8..9..10..11..12..13..14..15..16..17..18..19..Finish
Avg Loss: 0.8920936729199589, Acc: 0.6938
Round 79/80
Learner 0..1..2..3..4..5..6..7..8..9..10..11..12..13..14..15..16..17..18..19..Finish
Avg Loss: 0.8908145937104576, Acc: 0.6939
Round 80/80
Learner 0..1..2..3..4..5..6..7..8..9..10..11..12..13..14..15..16..17..18..19..Finish
Avg Loss: 0.8897065946850152, Acc: 0.6955
Round 1/80
Learner 0..1..2..3..4..5..6..7..8..9..10..11..12..13..14..15..16..17..18..19..Finish
Avg Loss: 2.313594963603888, Acc: 0.1
Round 2/80
Learner 0..1..2..3..4..5..6..7..8..9..10..11..12..13..14..15..16..17..18..19..Finish
Avg Loss: 2.3025962468534233, Acc: 0.1
Round 3/80
Learner 0..1..2..3..4..5..6..7..8..9..10..11..12..13..14..15..16..17..18..19..Finish
Avg Loss: 2.3025542577615563, Acc: 0.1
Round 4/80
Learner 0..1..2..3..4..5..6..7..8..9..10..11..12..13..14..15..16..17..18..19..Finish
Avg Loss: 2.302489610525747, Acc: 0.1
Round 5/80
Learner 0..1..2..3..4..5..6..7..8..9..10..11..12..13..14..15..16..17..18..19..Finish
Avg Loss: 2.3023260393843485, Acc: 0.149
Round 6/80
Learner 0..1..2..3..4..5..6..7..8..9..10..11..12..13..14..15..16..17..18..19..Finish
Avg Loss: 2.301765022948146, Acc: 0.143
Round 7/80
Learner 0..1..2..3..4..5..6..7..8..9..10..11..12..13..14..15..16..17..18..19..Finish
Avg Loss: 2.297731653189126, Acc: 0.1808
Round 8/80
Learner 0..1..2..3..4..5..6..7..8..9..10..11..12..13..14..15..16..17..18..19..Finish
Avg Loss: 2.222693255153327, Acc: 0.18
Round 9/80
Learner 0..1..2..3..4..5..6..7..8..9..10..11..12..13..14..15..16..17..18..19..Finish
Avg Loss: 2.009325039272491, Acc: 0.1951
Round 10/80
Learner 0..1..2..3..4..5..6..7..8..9..10..11..12..13..14..15..16..17..18..19..Finish
Avg Loss: 1.9971049429890446, Acc: 0.1978
Round 11/80
Learner 0..1..2..3..4..5..6..7..8..9..10..11..12..13..14..15..16..17..18..19..Finish
Avg Loss: 1.9598925288873739, Acc: 0.2047
Round 12/80
Learner 0..1..2..3..4..5..6..7..8..9..10..11..12..13..14..15..16..17..18..19..Finish
Avg Loss: 1.9014451183830967, Acc: 0.2245
Round 13/80
Learner 0..1..2..3..4..5..6..7..8..9..10..11..12..13..14..15..16..17..18..19..Finish
Avg Loss: 1.8122459292030944, Acc: 0.2831
Round 14/80
Learner 0..1..2..3..4..5..6..7..8..9..10..11..12..13..14..15..16..17..18..19..Finish
Avg Loss: 1.7962467388604015, Acc: 0.3003
Round 15/80
Learner 0..1..2..3..4..5..6..7..8..9..10..11..12..13..14..15..16..17..18..19..Finish
Avg Loss: 1.7276275142694053, Acc: 0.3586
Round 16/80
Learner 0..1..2..3..4..5..6..7..8..9..10..11..12..13..14..15..16..17..18..19..Finish
Avg Loss: 1.6439561683910724, Acc: 0.3907
Round 17/80
Learner 0..1..2..3..4..5..6..7..8..9..10..11..12..13..14..15..16..17..18..19..Finish
Avg Loss: 1.6061464308168942, Acc: 0.4124
Round 18/80
Learner 0..1..2..3..4..5..6..7..8..9..10..11..12..13..14..15..16..17..18..19..Finish
Avg Loss: 1.598257453296893, Acc: 0.4247
Round 19/80
Learner 0..1..2..3..4..5..6..7..8..9..10..11..12..13..14..15..16..17..18..19..Finish
Avg Loss: 1.5377193255165515, Acc: 0.4513
Round 20/80
Learner 0..1..2..3..4..5..6..7..8..9..10..11..12..13..14..15..16..17..18..19..Finish
Avg Loss: 1.4907295905743925, Acc: 0.4695
Round 21/80
Learner 0..1..2..3..4..5..6..7..8..9..10..11..12..13..14..15..16..17..18..19..Finish
Avg Loss: 1.4681363966518317, Acc: 0.4797
Round 22/80
Learner 0..1..2..3..4..5..6..7..8..9..10..11..12..13..14..15..16..17..18..19..Finish
Avg Loss: 1.4222847000478556, Acc: 0.5028
Round 23/80
Learner 0..1..2..3..4..5..6..7..8..9..10..11..12..13..14..15..16..17..18..19..Finish
Avg Loss: 1.395413774461411, Acc: 0.5093
Round 24/80
Learner 0..1..2..3..4..5..6..7..8..9..10..11..12..13..14..15..16..17..18..19..Finish
Avg Loss: 1.3662231985372477, Acc: 0.5216
Round 25/80
Learner 0..1..2..3..4..5..6..7..8..9..10..11..12..13..14..15..16..17..18..19..Finish
Avg Loss: 1.3103708659117215, Acc: 0.5427
Round 26/80
Learner 0..1..2..3..4..5..6..7..8..9..10..11..12..13..14..15..16..17..18..19..Finish
Avg Loss: 1.271572133413138, Acc: 0.5553
Round 27/80
Learner 0..1..2..3..4..5..6..7..8..9..10..11..12..13..14..15..16..17..18..19..Finish
Avg Loss: 1.2787844096890653, Acc: 0.5552
Round 28/80
Learner 0..1..2..3..4..5..6..7..8..9..10..11..12..13..14..15..16..17..18..19..Finish
Avg Loss: 1.2403901007990488, Acc: 0.5677
Round 29/80
Learner 0..1..2..3..4..5..6..7..8..9..10..11..12..13..14..15..16..17..18..19..Finish
Avg Loss: 1.2263315912252797, Acc: 0.5784
Round 30/80
Learner 0..1..2..3..4..5..6..7..8..9..10..11..12..13..14..15..16..17..18..19..Finish
Avg Loss: 1.2100612715410348, Acc: 0.5778
Round 31/80
Learner 0..1..2..3..4..5..6..7..8..9..10..11..12..13..14..15..16..17..18..19..Finish
Avg Loss: 1.1808773793351537, Acc: 0.5897
Round 32/80
Learner 0..1..2..3..4..5..6..7..8..9..10..11..12..13..14..15..16..17..18..19..Finish
Avg Loss: 1.1587674012199378, Acc: 0.597
Round 33/80
Learner 0..1..2..3..4..5..6..7..8..9..10..11..12..13..14..15..16..17..18..19..Finish
Avg Loss: 1.151722346822294, Acc: 0.6004
Round 34/80
Learner 0..1..2..3..4..5..6..7..8..9..10..11..12..13..14..15..16..17..18..19..Finish
Avg Loss: 1.1205829336239508, Acc: 0.6108
Round 35/80
Learner 0..1..2..3..4..5..6..7..8..9..10..11..12..13..14..15..16..17..18..19..Finish
Avg Loss: 1.108846100945823, Acc: 0.6156
Round 36/80
Learner 0..1..2..3..4..5..6..7..8..9..10..11..12..13..14..15..16..17..18..19..Finish
Avg Loss: 1.1101671289712096, Acc: 0.6155
Round 37/80
Learner 0..1..2..3..4..5..6..7..8..9..10..11..12..13..14..15..16..17..18..19..Finish
Avg Loss: 1.0704760878992539, Acc: 0.6296
Round 38/80
Learner 0..1..2..3..4..5..6..7..8..9..10..11..12..13..14..15..16..17..18..19..Finish
Avg Loss: 1.067295570152636, Acc: 0.6307
Round 39/80
Learner 0..1..2..3..4..5..6..7..8..9..10..11..12..13..14..15..16..17..18..19..Finish
Avg Loss: 1.0515152090273725, Acc: 0.6341
Round 40/80
Learner 0..1..2..3..4..5..6..7..8..9..10..11..12..13..14..15..16..17..18..19..Finish
Avg Loss: 1.0350297445687242, Acc: 0.6434
Round 41/80
Learner 0..1..2..3..4..5..6..7..8..9..10..11..12..13..14..15..16..17..18..19..Finish
Avg Loss: 1.027062462732053, Acc: 0.6436
Round 42/80
Learner 0..1..2..3..4..5..6..7..8..9..10..11..12..13..14..15..16..17..18..19..Finish
Avg Loss: 1.019745746930948, Acc: 0.6442
Round 43/80
Learner 0..1..2..3..4..5..6..7..8..9..10..11..12..13..14..15..16..17..18..19..Finish
Avg Loss: 1.0092227519891512, Acc: 0.6507
Round 44/80
Learner 0..1..2..3..4..5..6..7..8..9..10..11..12..13..14..15..16..17..18..19..Finish
Avg Loss: 1.0009907497384678, Acc: 0.6558
Round 45/80
Learner 0..1..2..3..4..5..6..7..8..9..10..11..12..13..14..15..16..17..18..19..Finish
Avg Loss: 1.0018535858145157, Acc: 0.6545
Round 46/80
Learner 0..1..2..3..4..5..6..7..8..9..10..11..12..13..14..15..16..17..18..19..Finish
Avg Loss: 0.9887032824012038, Acc: 0.6589
Round 47/80
Learner 0..1..2..3..4..5..6..7..8..9..10..11..12..13..14..15..16..17..18..19..Finish
Avg Loss: 0.9881852737630898, Acc: 0.6578
Round 48/80
Learner 0..1..2..3..4..5..6..7..8..9..10..11..12..13..14..15..16..17..18..19..Finish
Avg Loss: 0.9804058922365451, Acc: 0.6661
Round 49/80
Learner 0..1..2..3..4..5..6..7..8..9..10..11..12..13..14..15..16..17..18..19..Finish
Avg Loss: 0.9643398488101106, Acc: 0.6712
Round 50/80
Learner 0..1..2..3..4..5..6..7..8..9..10..11..12..13..14..15..16..17..18..19..Finish
Avg Loss: 0.9572370202777485, Acc: 0.6722
Round 51/80
Learner 0..1..2..3..4..5..6..7..8..9..10..11..12..13..14..15..16..17..18..19..Finish
Avg Loss: 0.9571677812943443, Acc: 0.6733
Round 52/80
Learner 0..1..2..3..4..5..6..7..8..9..10..11..12..13..14..15..16..17..18..19..Finish
Avg Loss: 0.949828189687607, Acc: 0.6731
Round 53/80
Learner 0..1..2..3..4..5..6..7..8..9..10..11..12..13..14..15..16..17..18..19..Finish
Avg Loss: 0.944506570458793, Acc: 0.6773
Round 54/80
Learner 0..1..2..3..4..5..6..7..8..9..10..11..12..13..14..15..16..17..18..19..Finish
Avg Loss: 0.9406601349576212, Acc: 0.6781
Round 55/80
Learner 0..1..2..3..4..5..6..7..8..9..10..11..12..13..14..15..16..17..18..19..Finish
Avg Loss: 0.9270460341875546, Acc: 0.6821
Round 56/80
Learner 0..1..2..3..4..5..6..7..8..9..10..11..12..13..14..15..16..17..18..19..Finish
Avg Loss: 0.9198048448029418, Acc: 0.6829
Round 57/80
Learner 0..1..2..3..4..5..6..7..8..9..10..11..12..13..14..15..16..17..18..19..Finish
Avg Loss: 0.9203814068160499, Acc: 0.6856
Round 58/80
Learner 0..1..2..3..4..5..6..7..8..9..10..11..12..13..14..15..16..17..18..19..Finish
Avg Loss: 0.9108379659370873, Acc: 0.6888
Round 59/80
Learner 0..1..2..3..4..5..6..7..8..9..10..11..12..13..14..15..16..17..18..19..Finish
Avg Loss: 0.9114456092968536, Acc: 0.6872
Round 60/80
Learner 0..1..2..3..4..5..6..7..8..9..10..11..12..13..14..15..16..17..18..19..Finish
Avg Loss: 0.9071122025148556, Acc: 0.6887
Round 61/80
Learner 0..1..2..3..4..5..6..7..8..9..10..11..12..13..14..15..16..17..18..19..Finish
Avg Loss: 0.9072544954645748, Acc: 0.6885
Round 62/80
Learner 0..1..2..3..4..5..6..7..8..9..10..11..12..13..14..15..16..17..18..19..Finish
Avg Loss: 0.901257927044512, Acc: 0.692
Round 63/80
Learner 0..1..2..3..4..5..6..7..8..9..10..11..12..13..14..15..16..17..18..19..Finish
Avg Loss: 0.896087186214642, Acc: 0.6948
Round 64/80
Learner 0..1..2..3..4..5..6..7..8..9..10..11..12..13..14..15..16..17..18..19..Finish
Avg Loss: 0.8947401356201964, Acc: 0.693
Round 65/80
Learner 0..1..2..3..4..5..6..7..8..9..10..11..12..13..14..15..16..17..18..19..Finish
Avg Loss: 0.8974828425878153, Acc: 0.694
Round 66/80
Learner 0..1..2..3..4..5..6..7..8..9..10..11..12..13..14..15..16..17..18..19..Finish
Avg Loss: 0.8929341679183058, Acc: 0.6959
Round 67/80
Learner 0..1..2..3..4..5..6..7..8..9..10..11..12..13..14..15..16..17..18..19..Finish
Avg Loss: 0.8900468211394911, Acc: 0.6968
Round 68/80
Learner 0..1..2..3..4..5..6..7..8..9..10..11..12..13..14..15..16..17..18..19..Finish
Avg Loss: 0.8921742671594833, Acc: 0.697
Round 69/80
Learner 0..1..2..3..4..5..6..7..8..9..10..11..12..13..14..15..16..17..18..19..Finish
Avg Loss: 0.8860365928361972, Acc: 0.6983
Round 70/80
Learner 0..1..2..3..4..5..6..7..8..9..10..11..12..13..14..15..16..17..18..19..Finish
Avg Loss: 0.8808616705405445, Acc: 0.6992
Round 71/80
Learner 0..1..2..3..4..5..6..7..8..9..10..11..12..13..14..15..16..17..18..19..Finish
Avg Loss: 0.8773218328579546, Acc: 0.6995
Round 72/80
Learner 0..1..2..3..4..5..6..7..8..9..10..11..12..13..14..15..16..17..18..19..Finish
Avg Loss: 0.8760670336861961, Acc: 0.7033
Round 73/80
Learner 0..1..2..3..4..5..6..7..8..9..10..11..12..13..14..15..16..17..18..19..Finish
Avg Loss: 0.8701964800540631, Acc: 0.7022
Round 74/80
Learner 0..1..2..3..4..5..6..7..8..9..10..11..12..13..14..15..16..17..18..19..Finish
Avg Loss: 0.8730396641709934, Acc: 0.7044
Round 75/80
Learner 0..1..2..3..4..5..6..7..8..9..10..11..12..13..14..15..16..17..18..19..Finish
Avg Loss: 0.8679409008056592, Acc: 0.7046
Round 76/80
Learner 0..1..2..3..4..5..6..7..8..9..10..11..12..13..14..15..16..17..18..19..Finish
Avg Loss: 0.8693265805419642, Acc: 0.7064
Round 77/80
Learner 0..1..2..3..4..5..6..7..8..9..10..11..12..13..14..15..16..17..18..19..Finish
Avg Loss: 0.867297101039856, Acc: 0.7023
Round 78/80
Learner 0..1..2..3..4..5..6..7..8..9..10..11..12..13..14..15..16..17..18..19..Finish
Avg Loss: 0.8601922070066007, Acc: 0.7069
Round 79/80
Learner 0..1..2..3..4..5..6..7..8..9..10..11..12..13..14..15..16..17..18..19..Finish
Avg Loss: 0.8669746873287347, Acc: 0.707
Round 80/80
Learner 0..1..2..3..4..5..6..7..8..9..10..11..12..13..14..15..16..17..18..19..Finish
Avg Loss: 0.8670662276851483, Acc: 0.7056
Round 1/80
Learner 0..1..2..3..4..5..6..7..8..9..10..11..12..13..14..15..16..17..18..19..Finish
Avg Loss: 2.3142203126852503, Acc: 0.1
Round 2/80
Learner 0..1..2..3..4..5..6..7..8..9..10..11..12..13..14..15..16..17..18..19..Finish
Avg Loss: 2.302650459277363, Acc: 0.1
Round 3/80
Learner 0..1..2..3..4..5..6..7..8..9..10..11..12..13..14..15..16..17..18..19..Finish
Avg Loss: 2.302568246000491, Acc: 0.1
Round 4/80
Learner 0..1..2..3..4..5..6..7..8..9..10..11..12..13..14..15..16..17..18..19..Finish
Avg Loss: 2.302538954792693, Acc: 0.1
Round 5/80
Learner 0..1..2..3..4..5..6..7..8..9..10..11..12..13..14..15..16..17..18..19..Finish
Avg Loss: 2.302491917777747, Acc: 0.1
Round 6/80
Learner 0..1..2..3..4..5..6..7..8..9..10..11..12..13..14..15..16..17..18..19..Finish
Avg Loss: 2.3023610762513864, Acc: 0.1
Round 7/80
Learner 0..1..2..3..4..5..6..7..8..9..10..11..12..13..14..15..16..17..18..19..Finish
Avg Loss: 2.301890303913397, Acc: 0.1503
Round 8/80
Learner 0..1..2..3..4..5..6..7..8..9..10..11..12..13..14..15..16..17..18..19..Finish
Avg Loss: 2.298512310265733, Acc: 0.1883
Round 9/80
Learner 0..1..2..3..4..5..6..7..8..9..10..11..12..13..14..15..16..17..18..19..Finish
Avg Loss: 2.216908802239659, Acc: 0.1837
Round 10/80
Learner 0..1..2..3..4..5..6..7..8..9..10..11..12..13..14..15..16..17..18..19..Finish
Avg Loss: 2.0055386060343, Acc: 0.1903
Round 11/80
Learner 0..1..2..3..4..5..6..7..8..9..10..11..12..13..14..15..16..17..18..19..Finish
Avg Loss: 1.9820497908150425, Acc: 0.1939
Round 12/80
Learner 0..1..2..3..4..5..6..7..8..9..10..11..12..13..14..15..16..17..18..19..Finish
Avg Loss: 1.946920482114481, Acc: 0.1974
Round 13/80
Learner 0..1..2..3..4..5..6..7..8..9..10..11..12..13..14..15..16..17..18..19..Finish
Avg Loss: 1.9086715139139194, Acc: 0.2409
Round 14/80
Learner 0..1..2..3..4..5..6..7..8..9..10..11..12..13..14..15..16..17..18..19..Finish
Avg Loss: 1.8073288971623673, Acc: 0.2857
Round 15/80
Learner 0..1..2..3..4..5..6..7..8..9..10..11..12..13..14..15..16..17..18..19..Finish
Avg Loss: 1.7523583040450708, Acc: 0.3204
Round 16/80
Learner 0..1..2..3..4..5..6..7..8..9..10..11..12..13..14..15..16..17..18..19..Finish
Avg Loss: 1.689863592671891, Acc: 0.3555
Round 17/80
Learner 0..1..2..3..4..5..6..7..8..9..10..11..12..13..14..15..16..17..18..19..Finish
Avg Loss: 1.6495879191560106, Acc: 0.3783
Round 18/80
Learner 0..1..2..3..4..5..6..7..8..9..10..11..12..13..14..15..16..17..18..19..Finish
Avg Loss: 1.6219669523330542, Acc: 0.4046
Round 19/80
Learner 0..1..2..3..4..5..6..7..8..9..10..11..12..13..14..15..16..17..18..19..Finish
Avg Loss: 1.5733511699274325, Acc: 0.4265
Round 20/80
Learner 0..1..2..3..4..5..6..7..8..9..10..11..12..13..14..15..16..17..18..19..Finish
Avg Loss: 1.5351665758858093, Acc: 0.4438
Round 21/80
Learner 0..1..2..3..4..5..6..7..8..9..10..11..12..13..14..15..16..17..18..19..Finish
Avg Loss: 1.507666128892868, Acc: 0.4542
Round 22/80
Learner 0..1..2..3..4..5..6..7..8..9..10..11..12..13..14..15..16..17..18..19..Finish
Avg Loss: 1.4700371963909258, Acc: 0.4697
Round 23/80
Learner 0..1..2..3..4..5..6..7..8..9..10..11..12..13..14..15..16..17..18..19..Finish
Avg Loss: 1.4507631828990608, Acc: 0.4859
Round 24/80
Learner 0..1..2..3..4..5..6..7..8..9..10..11..12..13..14..15..16..17..18..19..Finish
Avg Loss: 1.3900971275548966, Acc: 0.5072
Round 25/80
Learner 0..1..2..3..4..5..6..7..8..9..10..11..12..13..14..15..16..17..18..19..Finish
Avg Loss: 1.3647171306533936, Acc: 0.5228
Round 26/80
Learner 0..1..2..3..4..5..6..7..8..9..10..11..12..13..14..15..16..17..18..19..Finish
Avg Loss: 1.330993984453975, Acc: 0.5337
Round 27/80
Learner 0..1..2..3..4..5..6..7..8..9..10..11..12..13..14..15..16..17..18..19..Finish
Avg Loss: 1.2858403549788477, Acc: 0.5447
Round 28/80
Learner 0..1..2..3..4..5..6..7..8..9..10..11..12..13..14..15..16..17..18..19..Finish
Avg Loss: 1.265554332314208, Acc: 0.5541
Round 29/80
Learner 0..1..2..3..4..5..6..7..8..9..10..11..12..13..14..15..16..17..18..19..Finish
Avg Loss: 1.249845887525394, Acc: 0.5608
Round 30/80
Learner 0..1..2..3..4..5..6..7..8..9..10..11..12..13..14..15..16..17..18..19..Finish
Avg Loss: 1.2064305183986506, Acc: 0.578
Round 31/80
Learner 0..1..2..3..4..5..6..7..8..9..10..11..12..13..14..15..16..17..18..19..Finish
Avg Loss: 1.207618939419524, Acc: 0.5772
Round 32/80
Learner 0..1..2..3..4..5..6..7..8..9..10..11..12..13..14..15..16..17..18..19..Finish
Avg Loss: 1.1850471841260648, Acc: 0.5881
Round 33/80
Learner 0..1..2..3..4..5..6..7..8..9..10..11..12..13..14..15..16..17..18..19..Finish
Avg Loss: 1.162129590876948, Acc: 0.5946
Round 34/80
Learner 0..1..2..3..4..5..6..7..8..9..10..11..12..13..14..15..16..17..18..19..Finish
Avg Loss: 1.1347896001590327, Acc: 0.6034
Round 35/80
Learner 0..1..2..3..4..5..6..7..8..9..10..11..12..13..14..15..16..17..18..19..Finish
Avg Loss: 1.1217862141018096, Acc: 0.6107
Round 36/80
Learner 0..1..2..3..4..5..6..7..8..9..10..11..12..13..14..15..16..17..18..19..Finish
Avg Loss: 1.1054435772255968, Acc: 0.6152
Round 37/80
Learner 0..1..2..3..4..5..6..7..8..9..10..11..12..13..14..15..16..17..18..19..Finish
Avg Loss: 1.0982859288922513, Acc: 0.619
Round 38/80
Learner 0..1..2..3..4..5..6..7..8..9..10..11..12..13..14..15..16..17..18..19..Finish
Avg Loss: 1.0779363391117547, Acc: 0.6255
Round 39/80
Learner 0..1..2..3..4..5..6..7..8..9..10..11..12..13..14..15..16..17..18..19..Finish
Avg Loss: 1.0686555628578502, Acc: 0.6299
Round 40/80
Learner 0..1..2..3..4..5..6..7..8..9..10..11..12..13..14..15..16..17..18..19..Finish
Avg Loss: 1.0465829922749212, Acc: 0.6349
Round 41/80
Learner 0..1..2..3..4..5..6..7..8..9..10..11..12..13..14..15..16..17..18..19..Finish
Avg Loss: 1.0423057961006896, Acc: 0.6414
Round 42/80
Learner 0..1..2..3..4..5..6..7..8..9..10..11..12..13..14..15..16..17..18..19..Finish
Avg Loss: 1.036712527846376, Acc: 0.6419
Round 43/80
Learner 0..1..2..3..4..5..6..7..8..9..10..11..12..13..14..15..16..17..18..19..Finish
Avg Loss: 1.0206388686411678, Acc: 0.6487
Round 44/80
Learner 0..1..2..3..4..5..6..7..8..9..10..11..12..13..14..15..16..17..18..19..Finish
Avg Loss: 1.0125070170472605, Acc: 0.6524
Round 45/80
Learner 0..1..2..3..4..5..6..7..8..9..10..11..12..13..14..15..16..17..18..19..Finish
Avg Loss: 1.0044369987024666, Acc: 0.6533
Round 46/80
Learner 0..1..2..3..4..5..6..7..8..9..10..11..12..13..14..15..16..17..18..19..Finish
Avg Loss: 0.989484688344474, Acc: 0.6586
Round 47/80
Learner 0..1..2..3..4..5..6..7..8..9..10..11..12..13..14..15..16..17..18..19..Finish
Avg Loss: 0.9851306532137691, Acc: 0.6587
Round 48/80
Learner 0..1..2..3..4..5..6..7..8..9..10..11..12..13..14..15..16..17..18..19..Finish
Avg Loss: 0.9773068317590049, Acc: 0.6615
Round 49/80
Learner 0..1..2..3..4..5..6..7..8..9..10..11..12..13..14..15..16..17..18..19..Finish
Avg Loss: 0.9695932634722311, Acc: 0.6641
Round 50/80
Learner 0..1..2..3..4..5..6..7..8..9..10..11..12..13..14..15..16..17..18..19..Finish
Avg Loss: 0.9651663586164054, Acc: 0.6669
Round 51/80
Learner 0..1..2..3..4..5..6..7..8..9..10..11..12..13..14..15..16..17..18..19..Finish
Avg Loss: 0.9589991173424279, Acc: 0.6697
Round 52/80
Learner 0..1..2..3..4..5..6..7..8..9..10..11..12..13..14..15..16..17..18..19..Finish
Avg Loss: 0.9497821504315629, Acc: 0.6751
Round 53/80
Learner 0..1..2..3..4..5..6..7..8..9..10..11..12..13..14..15..16..17..18..19..Finish
Avg Loss: 0.9481884957121584, Acc: 0.6753
Round 54/80
Learner 0..1..2..3..4..5..6..7..8..9..10..11..12..13..14..15..16..17..18..19..Finish
Avg Loss: 0.9481052901036442, Acc: 0.6782
Round 55/80
Learner 0..1..2..3..4..5..6..7..8..9..10..11..12..13..14..15..16..17..18..19..Finish
Avg Loss: 0.9393054134548663, Acc: 0.677
Round 56/80
Learner 0..1..2..3..4..5..6..7..8..9..10..11..12..13..14..15..16..17..18..19..Finish
Avg Loss: 0.9356827318858796, Acc: 0.6803
Round 57/80
Learner 0..1..2..3..4..5..6..7..8..9..10..11..12..13..14..15..16..17..18..19..Finish
Avg Loss: 0.9326850809990027, Acc: 0.682
Round 58/80
Learner 0..1..2..3..4..5..6..7..8..9..10..11..12..13..14..15..16..17..18..19..Finish
Avg Loss: 0.9303482729025161, Acc: 0.6817
Round 59/80
Learner 0..1..2..3..4..5..6..7..8..9..10..11..12..13..14..15..16..17..18..19..Finish
Avg Loss: 0.9183353574131243, Acc: 0.687
Round 60/80
Learner 0..1..2..3..4..5..6..7..8..9..10..11..12..13..14..15..16..17..18..19..Finish
Avg Loss: 0.9199210587210549, Acc: 0.6881
Round 61/80
Learner 0..1..2..3..4..5..6..7..8..9..10..11..12..13..14..15..16..17..18..19..Finish
Avg Loss: 0.9110857936711357, Acc: 0.6902
Round 62/80
Learner 0..1..2..3..4..5..6..7..8..9..10..11..12..13..14..15..16..17..18..19..Finish
Avg Loss: 0.9127221296008784, Acc: 0.6896
Round 63/80
Learner 0..1..2..3..4..5..6..7..8..9..10..11..12..13..14..15..16..17..18..19..Finish
Avg Loss: 0.9117530870932741, Acc: 0.6939
Round 64/80
Learner 0..1..2..3..4..5..6..7..8..9..10..11..12..13..14..15..16..17..18..19..Finish
Avg Loss: 0.9060419161860555, Acc: 0.6932
Round 65/80
Learner 0..1..2..3..4..5..6..7..8..9..10..11..12..13..14..15..16..17..18..19..Finish
Avg Loss: 0.9126523453206681, Acc: 0.69
Round 66/80
Learner 0..1..2..3..4..5..6..7..8..9..10..11..12..13..14..15..16..17..18..19..Finish
Avg Loss: 0.9044420996222633, Acc: 0.6921
Round 67/80
Learner 0..1..2..3..4..5..6..7..8..9..10..11..12..13..14..15..16..17..18..19..Finish
Avg Loss: 0.900244948010856, Acc: 0.6945
Round 68/80
Learner 0..1..2..3..4..5..6..7..8..9..10..11..12..13..14..15..16..17..18..19..Finish
Avg Loss: 0.8940866422919801, Acc: 0.6961
Round 69/80
Learner 0..1..2..3..4..5..6..7..8..9..10..11..12..13..14..15..16..17..18..19..Finish
Avg Loss: 0.8934508207887887, Acc: 0.6968
Round 70/80
Learner 0..1..2..3..4..5..6..7..8..9..10..11..12..13..14..15..16..17..18..19..Finish
Avg Loss: 0.8975793038503811, Acc: 0.6973
Round 71/80
Learner 0..1..2..3..4..5..6..7..8..9..10..11..12..13..14..15..16..17..18..19..Finish
Avg Loss: 0.8899128122832447, Acc: 0.6986
Round 72/80
Learner 0..1..2..3..4..5..6..7..8..9..10..11..12..13..14..15..16..17..18..19..Finish
Avg Loss: 0.8874013964741375, Acc: 0.6971
Round 73/80
Learner 0..1..2..3..4..5..6..7..8..9..10..11..12..13..14..15..16..17..18..19..Finish
Avg Loss: 0.8837525111417801, Acc: 0.6977
Round 74/80
Learner 0..1..2..3..4..5..6..7..8..9..10..11..12..13..14..15..16..17..18..19..Finish
Avg Loss: 0.8876357243274348, Acc: 0.6986
Round 75/80
Learner 0..1..2..3..4..5..6..7..8..9..10..11..12..13..14..15..16..17..18..19..Finish
Avg Loss: 0.8873545487467854, Acc: 0.6989
Round 76/80
Learner 0..1..2..3..4..5..6..7..8..9..10..11..12..13..14..15..16..17..18..19..Finish
Avg Loss: 0.8820355174640497, Acc: 0.7005
Round 77/80
Learner 0..1..2..3..4..5..6..7..8..9..10..11..12..13..14..15..16..17..18..19..Finish
Avg Loss: 0.884916909300862, Acc: 0.6989
Round 78/80
Learner 0..1..2..3..4..5..6..7..8..9..10..11..12..13..14..15..16..17..18..19..Finish
Avg Loss: 0.8810028242417418, Acc: 0.7004
Round 79/80
Learner 0..1..2..3..4..5..6..7..8..9..10..11..12..13..14..15..16..17..18..19..Finish
Avg Loss: 0.8851891282838754, Acc: 0.7016
Round 80/80
Learner 0..1..2..3..4..5..6..7..8..9..10..11..12..13..14..15..16..17..18..19..Finish
Avg Loss: 0.8731703949622072, Acc: 0.7038
Round 1/80
Learner 0..1..2..3..4..5..6..7..8..9..10..11..12..13..14..15..16..17..18..19..Finish
Avg Loss: 2.3143518153851788, Acc: 0.1
Round 2/80
Learner 0..1..2..3..4..5..6..7..8..9..10..11..12..13..14..15..16..17..18..19..Finish
Avg Loss: 2.3026947937072655, Acc: 0.1
Round 3/80
Learner 0..1..2..3..4..5..6..7..8..9..10..11..12..13..14..15..16..17..18..19..Finish
Avg Loss: 2.302561788894117, Acc: 0.1
Round 4/80
Learner 0..1..2..3..4..5..6..7..8..9..10..11..12..13..14..15..16..17..18..19..Finish
Avg Loss: 2.302519296304867, Acc: 0.1458
Round 5/80
Learner 0..1..2..3..4..5..6..7..8..9..10..11..12..13..14..15..16..17..18..19..Finish
Avg Loss: 2.3024382164683965, Acc: 0.1
Round 6/80
Learner 0..1..2..3..4..5..6..7..8..9..10..11..12..13..14..15..16..17..18..19..Finish
Avg Loss: 2.3022067691571415, Acc: 0.1
Round 7/80
Learner 0..1..2..3..4..5..6..7..8..9..10..11..12..13..14..15..16..17..18..19..Finish
Avg Loss: 2.301167176554378, Acc: 0.1387
Round 8/80
Learner 0..1..2..3..4..5..6..7..8..9..10..11..12..13..14..15..16..17..18..19..Finish
Avg Loss: 2.289711482227801, Acc: 0.1713
Round 9/80
Learner 0..1..2..3..4..5..6..7..8..9..10..11..12..13..14..15..16..17..18..19..Finish
Avg Loss: 2.1065408901665537, Acc: 0.1888
Round 10/80
Learner 0..1..2..3..4..5..6..7..8..9..10..11..12..13..14..15..16..17..18..19..Finish
Avg Loss: 1.9951146799154555, Acc: 0.1976
Round 11/80
Learner 0..1..2..3..4..5..6..7..8..9..10..11..12..13..14..15..16..17..18..19..Finish
Avg Loss: 1.9715395354615233, Acc: 0.2028
Round 12/80
Learner 0..1..2..3..4..5..6..7..8..9..10..11..12..13..14..15..16..17..18..19..Finish
Avg Loss: 1.943434698894001, Acc: 0.211
Round 13/80
Learner 0..1..2..3..4..5..6..7..8..9..10..11..12..13..14..15..16..17..18..19..Finish
Avg Loss: 1.8599698002726888, Acc: 0.2598
Round 14/80
Learner 0..1..2..3..4..5..6..7..8..9..10..11..12..13..14..15..16..17..18..19..Finish
Avg Loss: 1.800991022929597, Acc: 0.3041
Round 15/80
Learner 0..1..2..3..4..5..6..7..8..9..10..11..12..13..14..15..16..17..18..19..Finish
Avg Loss: 1.7775384545707094, Acc: 0.3126
Round 16/80
Learner 0..1..2..3..4..5..6..7..8..9..10..11..12..13..14..15..16..17..18..19..Finish
Avg Loss: 1.760033893509033, Acc: 0.3289
Round 17/80
Learner 0..1..2..3..4..5..6..7..8..9..10..11..12..13..14..15..16..17..18..19..Finish
Avg Loss: 1.7279101057936208, Acc: 0.3679
Round 18/80
Learner 0..1..2..3..4..5..6..7..8..9..10..11..12..13..14..15..16..17..18..19..Finish
Avg Loss: 1.6495654103093254, Acc: 0.4019
Round 19/80
Learner 0..1..2..3..4..5..6..7..8..9..10..11..12..13..14..15..16..17..18..19..Finish
Avg Loss: 1.6092455204302512, Acc: 0.4228
Round 20/80
Learner 0..1..2..3..4..5..6..7..8..9..10..11..12..13..14..15..16..17..18..19..Finish
Avg Loss: 1.549185376197766, Acc: 0.4424
Round 21/80
Learner 0..1..2..3..4..5..6..7..8..9..10..11..12..13..14..15..16..17..18..19..Finish
Avg Loss: 1.5097840479768503, Acc: 0.4579
Round 22/80
Learner 0..1..2..3..4..5..6..7..8..9..10..11..12..13..14..15..16..17..18..19..Finish
Avg Loss: 1.47981277174843, Acc: 0.4728
Round 23/80
Learner 0..1..2..3..4..5..6..7..8..9..10..11..12..13..14..15..16..17..18..19..Finish
Avg Loss: 1.4439253586168868, Acc: 0.4869
Round 24/80
Learner 0..1..2..3..4..5..6..7..8..9..10..11..12..13..14..15..16..17..18..19..Finish
Avg Loss: 1.4062288135004501, Acc: 0.5009
Round 25/80
Learner 0..1..2..3..4..5..6..7..8..9..10..11..12..13..14..15..16..17..18..19..Finish
Avg Loss: 1.377098120820408, Acc: 0.5172
Round 26/80
Learner 0..1..2..3..4..5..6..7..8..9..10..11..12..13..14..15..16..17..18..19..Finish
Avg Loss: 1.329249017535688, Acc: 0.5313
Round 27/80
Learner 0..1..2..3..4..5..6..7..8..9..10..11..12..13..14..15..16..17..18..19..Finish
Avg Loss: 1.298846420388633, Acc: 0.5422
Round 28/80
Learner 0..1..2..3..4..5..6..7..8..9..10..11..12..13..14..15..16..17..18..19..Finish
Avg Loss: 1.2685545484859722, Acc: 0.5538
Round 29/80
Learner 0..1..2..3..4..5..6..7..8..9..10..11..12..13..14..15..16..17..18..19..Finish
Avg Loss: 1.2522066755416674, Acc: 0.5625
Round 30/80
Learner 0..1..2..3..4..5..6..7..8..9..10..11..12..13..14..15..16..17..18..19..Finish
Avg Loss: 1.2314021587371826, Acc: 0.5731
Round 31/80
Learner 0..1..2..3..4..5..6..7..8..9..10..11..12..13..14..15..16..17..18..19..Finish
Avg Loss: 1.1947515306000511, Acc: 0.5851
Round 32/80
Learner 0..1..2..3..4..5..6..7..8..9..10..11..12..13..14..15..16..17..18..19..Finish
Avg Loss: 1.199313352854488, Acc: 0.5832
Round 33/80
Learner 0..1..2..3..4..5..6..7..8..9..10..11..12..13..14..15..16..17..18..19..Finish
Avg Loss: 1.174105766863107, Acc: 0.5974
Round 34/80
Learner 0..1..2..3..4..5..6..7..8..9..10..11..12..13..14..15..16..17..18..19..Finish
Avg Loss: 1.1373922569683184, Acc: 0.6064
Round 35/80
Learner 0..1..2..3..4..5..6..7..8..9..10..11..12..13..14..15..16..17..18..19..Finish
Avg Loss: 1.1230232367119468, Acc: 0.6136
Round 36/80
Learner 0..1..2..3..4..5..6..7..8..9..10..11..12..13..14..15..16..17..18..19..Finish
Avg Loss: 1.1234920567597826, Acc: 0.6123
Round 37/80
Learner 0..1..2..3..4..5..6..7..8..9..10..11..12..13..14..15..16..17..18..19..Finish
Avg Loss: 1.1073799165673912, Acc: 0.6199
Round 38/80
Learner 0..1..2..3..4..5..6..7..8..9..10..11..12..13..14..15..16..17..18..19..Finish
Avg Loss: 1.0959634950366646, Acc: 0.6227
Round 39/80
Learner 0..1..2..3..4..5..6..7..8..9..10..11..12..13..14..15..16..17..18..19..Finish
Avg Loss: 1.079943488581112, Acc: 0.6287
Round 40/80
Learner 0..1..2..3..4..5..6..7..8..9..10..11..12..13..14..15..16..17..18..19..Finish
Avg Loss: 1.0619201195506622, Acc: 0.638
Round 41/80
Learner 0..1..2..3..4..5..6..7..8..9..10..11..12..13..14..15..16..17..18..19..Finish
Avg Loss: 1.043554184916682, Acc: 0.6447
Round 42/80
Learner 0..1..2..3..4..5..6..7..8..9..10..11..12..13..14..15..16..17..18..19..Finish
Avg Loss: 1.0351644367836534, Acc: 0.6457
Round 43/80
Learner 0..1..2..3..4..5..6..7..8..9..10..11..12..13..14..15..16..17..18..19..Finish
Avg Loss: 1.0286037114481577, Acc: 0.6482
Round 44/80
Learner 0..1..2..3..4..5..6..7..8..9..10..11..12..13..14..15..16..17..18..19..Finish
Avg Loss: 1.0281129328968426, Acc: 0.6476
Round 45/80
Learner 0..1..2..3..4..5..6..7..8..9..10..11..12..13..14..15..16..17..18..19..Finish
Avg Loss: 1.0150803980735925, Acc: 0.6523
Round 46/80
Learner 0..1..2..3..4..5..6..7..8..9..10..11..12..13..14..15..16..17..18..19..Finish
Avg Loss: 1.0136069177438656, Acc: 0.6537
Round 47/80
Learner 0..1..2..3..4..5..6..7..8..9..10..11..12..13..14..15..16..17..18..19..Finish
Avg Loss: 0.9925849917597664, Acc: 0.6606
Round 48/80
Learner 0..1..2..3..4..5..6..7..8..9..10..11..12..13..14..15..16..17..18..19..Finish
Avg Loss: 0.9904247914640286, Acc: 0.6653
Round 49/80
Learner 0..1..2..3..4..5..6..7..8..9..10..11..12..13..14..15..16..17..18..19..Finish
Avg Loss: 0.9850883660986781, Acc: 0.6624
Round 50/80
Learner 0..1..2..3..4..5..6..7..8..9..10..11..12..13..14..15..16..17..18..19..Finish
Avg Loss: 0.9791661131496247, Acc: 0.6676
Round 51/80
Learner 0..1..2..3..4..5..6..7..8..9..10..11..12..13..14..15..16..17..18..19..Finish
Avg Loss: 0.9730205295946651, Acc: 0.6696
Round 52/80
Learner 0..1..2..3..4..5..6..7..8..9..10..11..12..13..14..15..16..17..18..19..Finish
Avg Loss: 0.9695572058994549, Acc: 0.6735
Round 53/80
Learner 0..1..2..3..4..5..6..7..8..9..10..11..12..13..14..15..16..17..18..19..Finish
Avg Loss: 0.968965888594667, Acc: 0.6732
Round 54/80
Learner 0..1..2..3..4..5..6..7..8..9..10..11..12..13..14..15..16..17..18..19..Finish
Avg Loss: 0.9686224532965273, Acc: 0.6702
Round 55/80
Learner 0..1..2..3..4..5..6..7..8..9..10..11..12..13..14..15..16..17..18..19..Finish
Avg Loss: 0.9548015697314717, Acc: 0.6743
Round 56/80
Learner 0..1..2..3..4..5..6..7..8..9..10..11..12..13..14..15..16..17..18..19..Finish
Avg Loss: 0.9530320458899671, Acc: 0.6765
Round 57/80
Learner 0..1..2..3..4..5..6..7..8..9..10..11..12..13..14..15..16..17..18..19..Finish
Avg Loss: 0.9544419650071726, Acc: 0.6721
Round 58/80
Learner 0..1..2..3..4..5..6..7..8..9..10..11..12..13..14..15..16..17..18..19..Finish
Avg Loss: 0.9486438700566276, Acc: 0.6776
Round 59/80
Learner 0..1..2..3..4..5..6..7..8..9..10..11..12..13..14..15..16..17..18..19..Finish
Avg Loss: 0.9376292953285547, Acc: 0.6831
Round 60/80
Learner 0..1..2..3..4..5..6..7..8..9..10..11..12..13..14..15..16..17..18..19..Finish
Avg Loss: 0.9338820938485118, Acc: 0.6791
Round 61/80
Learner 0..1..2..3..4..5..6..7..8..9..10..11..12..13..14..15..16..17..18..19..Finish
Avg Loss: 0.9345065001100777, Acc: 0.6845
Round 62/80
Learner 0..1..2..3..4..5..6..7..8..9..10..11..12..13..14..15..16..17..18..19..Finish
Avg Loss: 0.9225504362164214, Acc: 0.6871
Round 63/80
Learner 0..1..2..3..4..5..6..7..8..9..10..11..12..13..14..15..16..17..18..19..Finish
Avg Loss: 0.9256071734923524, Acc: 0.6861
Round 64/80
Learner 0..1..2..3..4..5..6..7..8..9..10..11..12..13..14..15..16..17..18..19..Finish
Avg Loss: 0.9202747615381551, Acc: 0.6887
Round 65/80
Learner 0..1..2..3..4..5..6..7..8..9..10..11..12..13..14..15..16..17..18..19..Finish
Avg Loss: 0.9228906706689646, Acc: 0.686
Round 66/80
Learner 0..1..2..3..4..5..6..7..8..9..10..11..12..13..14..15..16..17..18..19..Finish
Avg Loss: 0.9260532196146992, Acc: 0.6895
Round 67/80
Learner 0..1..2..3..4..5..6..7..8..9..10..11..12..13..14..15..16..17..18..19..Finish
Avg Loss: 0.9144965289309382, Acc: 0.6891
Round 68/80
Learner 0..1..2..3..4..5..6..7..8..9..10..11..12..13..14..15..16..17..18..19..Finish
Avg Loss: 0.9085446821805387, Acc: 0.6958
Round 69/80
Learner 0..1..2..3..4..5..6..7..8..9..10..11..12..13..14..15..16..17..18..19..Finish
Avg Loss: 0.9084997480860153, Acc: 0.6931
Round 70/80
Learner 0..1..2..3..4..5..6..7..8..9..10..11..12..13..14..15..16..17..18..19..Finish
Avg Loss: 0.9091728169697161, Acc: 0.6941
Round 71/80
Learner 0..1..2..3..4..5..6..7..8..9..10..11..12..13..14..15..16..17..18..19..Finish
Avg Loss: 0.9136882113001217, Acc: 0.6896
Round 72/80
Learner 0..1..2..3..4..5..6..7..8..9..10..11..12..13..14..15..16..17..18..19..Finish
Avg Loss: 0.9015769187253885, Acc: 0.6985
Round 73/80
Learner 0..1..2..3..4..5..6..7..8..9..10..11..12..13..14..15..16..17..18..19..Finish
Avg Loss: 0.9052327746590867, Acc: 0.6949
Round 74/80
Learner 0..1..2..3..4..5..6..7..8..9..10..11..12..13..14..15..16..17..18..19..Finish
Avg Loss: 0.9015582284797876, Acc: 0.6964
Round 75/80
Learner 0..1..2..3..4..5..6..7..8..9..10..11..12..13..14..15..16..17..18..19..Finish
Avg Loss: 0.9006757984717433, Acc: 0.6957
Round 76/80
Learner 0..1..2..3..4..5..6..7..8..9..10..11..12..13..14..15..16..17..18..19..Finish
Avg Loss: 0.9021412971111151, Acc: 0.6948
Round 77/80
Learner 0..1..2..3..4..5..6..7..8..9..10..11..12..13..14..15..16..17..18..19..Finish
Avg Loss: 0.8953663788664455, Acc: 0.6958
Round 78/80
Learner 0..1..2..3..4..5..6..7..8..9..10..11..12..13..14..15..16..17..18..19..Finish
Avg Loss: 0.8953153478642242, Acc: 0.6976
Round 79/80
Learner 0..1..2..3..4..5..6..7..8..9..10..11..12..13..14..15..16..17..18..19..Finish
Avg Loss: 0.894129582296926, Acc: 0.7001
Round 80/80
Learner 0..1..2..3..4..5..6..7..8..9..10..11..12..13..14..15..16..17..18..19..Finish
Avg Loss: 0.892080233024713, Acc: 0.6959
Round 1/80
Learner 0..1..2..3..4..5..6..7..8..9..10..11..12..13..14..15..16..17..18..19..Finish
Avg Loss: 2.3135426029229698, Acc: 0.1
Round 2/80
Learner 0..1..2..3..4..5..6..7..8..9..10..11..12..13..14..15..16..17..18..19..Finish
Avg Loss: 2.3025849413947936, Acc: 0.0967
Round 3/80
Learner 0..1..2..3..4..5..6..7..8..9..10..11..12..13..14..15..16..17..18..19..Finish
Avg Loss: 2.302563683293498, Acc: 0.1
Round 4/80
Learner 0..1..2..3..4..5..6..7..8..9..10..11..12..13..14..15..16..17..18..19..Finish
Avg Loss: 2.3025149400241838, Acc: 0.1
Round 5/80
Learner 0..1..2..3..4..5..6..7..8..9..10..11..12..13..14..15..16..17..18..19..Finish
Avg Loss: 2.302405304040391, Acc: 0.0956
Round 6/80
Learner 0..1..2..3..4..5..6..7..8..9..10..11..12..13..14..15..16..17..18..19..Finish
Avg Loss: 2.3020326847466417, Acc: 0.1017
Round 7/80
Learner 0..1..2..3..4..5..6..7..8..9..10..11..12..13..14..15..16..17..18..19..Finish
Avg Loss: 2.2991693469282155, Acc: 0.181
Round 8/80
Learner 0..1..2..3..4..5..6..7..8..9..10..11..12..13..14..15..16..17..18..19..Finish
Avg Loss: 2.227278910505886, Acc: 0.1808
Round 9/80
Learner 0..1..2..3..4..5..6..7..8..9..10..11..12..13..14..15..16..17..18..19..Finish
Avg Loss: 1.9902773135767196, Acc: 0.1932
Round 10/80
Learner 0..1..2..3..4..5..6..7..8..9..10..11..12..13..14..15..16..17..18..19..Finish
Avg Loss: 1.9765573404848384, Acc: 0.1981
Round 11/80
Learner 0..1..2..3..4..5..6..7..8..9..10..11..12..13..14..15..16..17..18..19..Finish
Avg Loss: 1.9606548010731657, Acc: 0.203
Round 12/80
Learner 0..1..2..3..4..5..6..7..8..9..10..11..12..13..14..15..16..17..18..19..Finish
Avg Loss: 1.928958896630869, Acc: 0.2362
Round 13/80
Learner 0..1..2..3..4..5..6..7..8..9..10..11..12..13..14..15..16..17..18..19..Finish
Avg Loss: 1.8208488195468062, Acc: 0.2781
Round 14/80
Learner 0..1..2..3..4..5..6..7..8..9..10..11..12..13..14..15..16..17..18..19..Finish
Avg Loss: 1.7742250388422713, Acc: 0.3108
Round 15/80
Learner 0..1..2..3..4..5..6..7..8..9..10..11..12..13..14..15..16..17..18..19..Finish
Avg Loss: 1.7112105014606025, Acc: 0.3495
Round 16/80
Learner 0..1..2..3..4..5..6..7..8..9..10..11..12..13..14..15..16..17..18..19..Finish
Avg Loss: 1.6819590025435622, Acc: 0.3786
Round 17/80
Learner 0..1..2..3..4..5..6..7..8..9..10..11..12..13..14..15..16..17..18..19..Finish
Avg Loss: 1.6218072408304427, Acc: 0.4136
Round 18/80
Learner 0..1..2..3..4..5..6..7..8..9..10..11..12..13..14..15..16..17..18..19..Finish
Avg Loss: 1.5876356869840775, Acc: 0.4188
Round 19/80
Learner 0..1..2..3..4..5..6..7..8..9..10..11..12..13..14..15..16..17..18..19..Finish
Avg Loss: 1.544201615519417, Acc: 0.4394
Round 20/80
Learner 0..1..2..3..4..5..6..7..8..9..10..11..12..13..14..15..16..17..18..19..Finish
Avg Loss: 1.5495689467500193, Acc: 0.4447
Round 21/80
Learner 0..1..2..3..4..5..6..7..8..9..10..11..12..13..14..15..16..17..18..19..Finish
Avg Loss: 1.4953144278389197, Acc: 0.4646
Round 22/80
Learner 0..1..2..3..4..5..6..7..8..9..10..11..12..13..14..15..16..17..18..19..Finish
Avg Loss: 1.4347261914049094, Acc: 0.4852
Round 23/80
Learner 0..1..2..3..4..5..6..7..8..9..10..11..12..13..14..15..16..17..18..19..Finish
Avg Loss: 1.4006086146107877, Acc: 0.5009
Round 24/80
Learner 0..1..2..3..4..5..6..7..8..9..10..11..12..13..14..15..16..17..18..19..Finish
Avg Loss: 1.3777907966805722, Acc: 0.5118
Round 25/80
Learner 0..1..2..3..4..5..6..7..8..9..10..11..12..13..14..15..16..17..18..19..Finish
Avg Loss: 1.3284296082993285, Acc: 0.5322
Round 26/80
Learner 0..1..2..3..4..5..6..7..8..9..10..11..12..13..14..15..16..17..18..19..Finish
Avg Loss: 1.29863955704168, Acc: 0.5435
Round 27/80
Learner 0..1..2..3..4..5..6..7..8..9..10..11..12..13..14..15..16..17..18..19..Finish
Avg Loss: 1.2974123572008298, Acc: 0.547
Round 28/80
Learner 0..1..2..3..4..5..6..7..8..9..10..11..12..13..14..15..16..17..18..19..Finish
Avg Loss: 1.2674462538176832, Acc: 0.5575
Round 29/80
Learner 0..1..2..3..4..5..6..7..8..9..10..11..12..13..14..15..16..17..18..19..Finish
Avg Loss: 1.2331861609848924, Acc: 0.5707
Round 30/80
Learner 0..1..2..3..4..5..6..7..8..9..10..11..12..13..14..15..16..17..18..19..Finish
Avg Loss: 1.1951756658264623, Acc: 0.582
Round 31/80
Learner 0..1..2..3..4..5..6..7..8..9..10..11..12..13..14..15..16..17..18..19..Finish
Avg Loss: 1.1768408019702656, Acc: 0.5919
Round 32/80
Learner 0..1..2..3..4..5..6..7..8..9..10..11..12..13..14..15..16..17..18..19..Finish
Avg Loss: 1.155947688288582, Acc: 0.5966
Round 33/80
Learner 0..1..2..3..4..5..6..7..8..9..10..11..12..13..14..15..16..17..18..19..Finish
Avg Loss: 1.13818133048737, Acc: 0.5992
Round 34/80
Learner 0..1..2..3..4..5..6..7..8..9..10..11..12..13..14..15..16..17..18..19..Finish
Avg Loss: 1.1153489492190913, Acc: 0.6091
Round 35/80
Learner 0..1..2..3..4..5..6..7..8..9..10..11..12..13..14..15..16..17..18..19..Finish
Avg Loss: 1.101074549527214, Acc: 0.6169
Round 36/80
Learner 0..1..2..3..4..5..6..7..8..9..10..11..12..13..14..15..16..17..18..19..Finish
Avg Loss: 1.0876163337558222, Acc: 0.6201
Round 37/80
Learner 0..1..2..3..4..5..6..7..8..9..10..11..12..13..14..15..16..17..18..19..Finish
Avg Loss: 1.0654712083240667, Acc: 0.6241
Round 38/80
Learner 0..1..2..3..4..5..6..7..8..9..10..11..12..13..14..15..16..17..18..19..Finish
Avg Loss: 1.0544818055134613, Acc: 0.6309
Round 39/80
Learner 0..1..2..3..4..5..6..7..8..9..10..11..12..13..14..15..16..17..18..19..Finish
Avg Loss: 1.0437367779378313, Acc: 0.6323
Round 40/80
Learner 0..1..2..3..4..5..6..7..8..9..10..11..12..13..14..15..16..17..18..19..Finish
Avg Loss: 1.0432153763100742, Acc: 0.6314
Round 41/80
Learner 0..1..2..3..4..5..6..7..8..9..10..11..12..13..14..15..16..17..18..19..Finish
Avg Loss: 1.0379642939415221, Acc: 0.6345
Round 42/80
Learner 0..1..2..3..4..5..6..7..8..9..10..11..12..13..14..15..16..17..18..19..Finish
Avg Loss: 1.0148580472309368, Acc: 0.6432
Round 43/80
Learner 0..1..2..3..4..5..6..7..8..9..10..11..12..13..14..15..16..17..18..19..Finish
Avg Loss: 1.0096612957338937, Acc: 0.6454
Round 44/80
Learner 0..1..2..3..4..5..6..7..8..9..10..11..12..13..14..15..16..17..18..19..Finish
Avg Loss: 0.997517180328552, Acc: 0.6515
Round 45/80
Learner 0..1..2..3..4..5..6..7..8..9..10..11..12..13..14..15..16..17..18..19..Finish
Avg Loss: 0.9893192534629529, Acc: 0.6505
Round 46/80
Learner 0..1..2..3..4..5..6..7..8..9..10..11..12..13..14..15..16..17..18..19..Finish
Avg Loss: 0.9895657874143924, Acc: 0.6551
Round 47/80
Learner 0..1..2..3..4..5..6..7..8..9..10..11..12..13..14..15..16..17..18..19..Finish
Avg Loss: 0.9837656990407755, Acc: 0.655
Round 48/80
Learner 0..1..2..3..4..5..6..7..8..9..10..11..12..13..14..15..16..17..18..19..Finish
Avg Loss: 0.9710957373673923, Acc: 0.6605
Round 49/80
Learner 0..1..2..3..4..5..6..7..8..9..10..11..12..13..14..15..16..17..18..19..Finish
Avg Loss: 0.9636259273218271, Acc: 0.6646
Round 50/80
Learner 0..1..2..3..4..5..6..7..8..9..10..11..12..13..14..15..16..17..18..19..Finish
Avg Loss: 0.9643359799354602, Acc: 0.6618
Round 51/80
Learner 0..1..2..3..4..5..6..7..8..9..10..11..12..13..14..15..16..17..18..19..Finish
Avg Loss: 0.9589819131186976, Acc: 0.6636
Round 52/80
Learner 0..1..2..3..4..5..6..7..8..9..10..11..12..13..14..15..16..17..18..19..Finish
Avg Loss: 0.9534391918883156, Acc: 0.668
Round 53/80
Learner 0..1..2..3..4..5..6..7..8..9..10..11..12..13..14..15..16..17..18..19..Finish
Avg Loss: 0.9471410688119956, Acc: 0.6694
Round 54/80
Learner 0..1..2..3..4..5..6..7..8..9..10..11..12..13..14..15..16..17..18..19..Finish
Avg Loss: 0.9453289179375377, Acc: 0.6723
Round 55/80
Learner 0..1..2..3..4..5..6..7..8..9..10..11..12..13..14..15..16..17..18..19..Finish
Avg Loss: 0.9412066085270038, Acc: 0.6751
Round 56/80
Learner 0..1..2..3..4..5..6..7..8..9..10..11..12..13..14..15..16..17..18..19..Finish
Avg Loss: 0.9326424412072276, Acc: 0.6766
Round 57/80
Learner 0..1..2..3..4..5..6..7..8..9..10..11..12..13..14..15..16..17..18..19..Finish
Avg Loss: 0.9350437864708824, Acc: 0.6761
Round 58/80
Learner 0..1..2..3..4..5..6..7..8..9..10..11..12..13..14..15..16..17..18..19..Finish
Avg Loss: 0.933537018565705, Acc: 0.6775
Round 59/80
Learner 0..1..2..3..4..5..6..7..8..9..10..11..12..13..14..15..16..17..18..19..Finish
Avg Loss: 0.9359403555385601, Acc: 0.6764
Round 60/80
Learner 0..1..2..3..4..5..6..7..8..9..10..11..12..13..14..15..16..17..18..19..Finish
Avg Loss: 0.9232652992867052, Acc: 0.6822
Round 61/80
Learner 0..1..2..3..4..5..6..7..8..9..10..11..12..13..14..15..16..17..18..19..Finish
Avg Loss: 0.9254172217731659, Acc: 0.6797
Round 62/80
Learner 0..1..2..3..4..5..6..7..8..9..10..11..12..13..14..15..16..17..18..19..Finish
Avg Loss: 0.923346038634023, Acc: 0.6817
Round 63/80
Learner 0..1..2..3..4..5..6..7..8..9..10..11..12..13..14..15..16..17..18..19..Finish
Avg Loss: 0.9189699150312441, Acc: 0.682
Round 64/80
Learner 0..1..2..3..4..5..6..7..8..9..10..11..12..13..14..15..16..17..18..19..Finish
Avg Loss: 0.9081726949245404, Acc: 0.6851
Round 65/80
Learner 0..1..2..3..4..5..6..7..8..9..10..11..12..13..14..15..16..17..18..19..Finish
Avg Loss: 0.9172810366549812, Acc: 0.6813
Round 66/80
Learner 0..1..2..3..4..5..6..7..8..9..10..11..12..13..14..15..16..17..18..19..Finish
Avg Loss: 0.9189432566158307, Acc: 0.6795
Round 67/80
Learner 0..1..2..3..4..5..6..7..8..9..10..11..12..13..14..15..16..17..18..19..Finish
Avg Loss: 0.9090966468040174, Acc: 0.6859
Round 68/80
Learner 0..1..2..3..4..5..6..7..8..9..10..11..12..13..14..15..16..17..18..19..Finish
Avg Loss: 0.9130265583245518, Acc: 0.6847
Round 69/80
Learner 0..1..2..3..4..5..6..7..8..9..10..11..12..13..14..15..16..17..18..19..Finish
Avg Loss: 0.9065387364203176, Acc: 0.6874
Round 70/80
Learner 0..1..2..3..4..5..6..7..8..9..10..11..12..13..14..15..16..17..18..19..Finish
Avg Loss: 0.9130597392591043, Acc: 0.6877
Round 71/80
Learner 0..1..2..3..4..5..6..7..8..9..10..11..12..13..14..15..16..17..18..19..Finish
Avg Loss: 0.9072310021891, Acc: 0.6883
Round 72/80
Learner 0..1..2..3..4..5..6..7..8..9..10..11..12..13..14..15..16..17..18..19..Finish
Avg Loss: 0.9049627434331388, Acc: 0.6871
Round 73/80
Learner 0..1..2..3..4..5..6..7..8..9..10..11..12..13..14..15..16..17..18..19..Finish
Avg Loss: 0.9016564026617775, Acc: 0.6884
Round 74/80
Learner 0..1..2..3..4..5..6..7..8..9..10..11..12..13..14..15..16..17..18..19..Finish
Avg Loss: 0.8957049058268245, Acc: 0.6902
Round 75/80
Learner 0..1..2..3..4..5..6..7..8..9..10..11..12..13..14..15..16..17..18..19..Finish
Avg Loss: 0.9006594289034701, Acc: 0.6889
Round 76/80
Learner 0..1..2..3..4..5..6..7..8..9..10..11..12..13..14..15..16..17..18..19..Finish
Avg Loss: 0.9044493118794962, Acc: 0.6873
Round 77/80
Learner 0..1..2..3..4..5..6..7..8..9..10..11..12..13..14..15..16..17..18..19..Finish
Avg Loss: 0.8973703014012724, Acc: 0.6905
Round 78/80
Learner 0..1..2..3..4..5..6..7..8..9..10..11..12..13..14..15..16..17..18..19..Finish
Avg Loss: 0.8946197263348978, Acc: 0.6926
Round 79/80
Learner 0..1..2..3..4..5..6..7..8..9..10..11..12..13..14..15..16..17..18..19..Finish
Avg Loss: 0.8926369007974387, Acc: 0.693
Round 80/80
Learner 0..1..2..3..4..5..6..7..8..9..10..11..12..13..14..15..16..17..18..19..Finish
Avg Loss: 0.8965971157573663, Acc: 0.6929
