ID Reset
ID Generated: 26
Round 1/40
Learner 0..1..2..3..4..5..6..7..8..9..10..11..12..13..14..15..16..17..18..19..Finish
Avg Loss: 2.3055943727493284, Acc: 0.09095541401273885
Round 2/40
Learner 0..1..2..3..4..5..6..7..8..9..10..11..12..13..14..15..16..17..18..19..Finish
Avg Loss: 2.32018611062833, Acc: 0.10733757961783441
Round 3/40
Learner 0..1..2..3..4..5..6..7..8..9..10..11..12..13..14..15..16..17..18..19..Finish
Avg Loss: 2.377569428401265, Acc: 0.14889171974522292
Round 4/40
Learner 0..1..2..3..4..5..6..7..8..9..10..11..12..13..14..15..16..17..18..19..Finish
Avg Loss: 2.2738114036195647, Acc: 0.1758726114649682
Round 5/40
Learner 0..1..2..3..4..5..6..7..8..9..10..11..12..13..14..15..16..17..18..19..Finish
Avg Loss: 2.26296151081721, Acc: 0.18017834394904458
Round 6/40
Learner 0..1..2..3..4..5..6..7..8..9..10..11..12..13..14..15..16..17..18..19..Finish
Avg Loss: 2.1563894636262724, Acc: 0.1881783439490446
Round 7/40
Learner 0..1..2..3..4..5..6..7..8..9..10..11..12..13..14..15..16..17..18..19..Finish
Avg Loss: 2.0702160258118694, Acc: 0.2525095541401274
Round 8/40
Learner 0..1..2..3..4..5..6..7..8..9..10..11..12..13..14..15..16..17..18..19..Finish
Avg Loss: 1.9877167034439924, Acc: 0.2631082802547771
Round 9/40
Learner 0..1..2..3..4..5..6..7..8..9..10..11..12..13..14..15..16..17..18..19..Finish
Avg Loss: 1.9100922338846253, Acc: 0.2919745222929936
Round 10/40
Learner 0..1..2..3..4..5..6..7..8..9..10..11..12..13..14..15..16..17..18..19..Finish
Avg Loss: 1.8850687532405543, Acc: 0.3001528662420382
Round 11/40
Learner 0..1..2..3..4..5..6..7..8..9..10..11..12..13..14..15..16..17..18..19..Finish
Avg Loss: 1.7219259701124052, Acc: 0.3742929936305732
Round 12/40
Learner 0..1..2..3..4..5..6..7..8..9..10..11..12..13..14..15..16..17..18..19..Finish
Avg Loss: 1.6595302732010198, Acc: 0.40907006369426746
Round 13/40
Learner 0..1..2..3..4..5..6..7..8..9..10..11..12..13..14..15..16..17..18..19..Finish
Avg Loss: 1.6273396633020263, Acc: 0.4185732484076433
Round 14/40
Learner 0..1..2..3..4..5..6..7..8..9..10..11..12..13..14..15..16..17..18..19..Finish
Avg Loss: 1.5692341584500258, Acc: 0.44555414012738853
Round 15/40
Learner 0..1..2..3..4..5..6..7..8..9..10..11..12..13..14..15..16..17..18..19..Finish
Avg Loss: 1.569578905512647, Acc: 0.46810191082802544
Round 16/40
Learner 0..1..2..3..4..5..6..7..8..9..10..11..12..13..14..15..16..17..18..19..Finish
Avg Loss: 1.4282801063564734, Acc: 0.5068789808917198
Round 17/40
Learner 0..1..2..3..4..5..6..7..8..9..10..11..12..13..14..15..16..17..18..19..Finish
Avg Loss: 1.3846843497539925, Acc: 0.5322802547770701
Round 18/40
Learner 0..1..2..3..4..5..6..7..8..9..10..11..12..13..14..15..16..17..18..19..Finish
Avg Loss: 1.374521528899185, Acc: 0.5293503184713375
Round 19/40
Learner 0..1..2..3..4..5..6..7..8..9..10..11..12..13..14..15..16..17..18..19..Finish
Avg Loss: 1.3048111140727996, Acc: 0.5543184713375797
Round 20/40
Learner 0..1..2..3..4..5..6..7..8..9..10..11..12..13..14..15..16..17..18..19..Finish
Avg Loss: 1.2700911423539727, Acc: 0.5679745222929936
Round 21/40
Learner 0..1..2..3..4..5..6..7..8..9..10..11..12..13..14..15..16..17..18..19..Finish
Avg Loss: 1.2484733270193504, Acc: 0.582267515923567
Round 22/40
Learner 0..1..2..3..4..5..6..7..8..9..10..11..12..13..14..15..16..17..18..19..Finish
Avg Loss: 1.240525240869057, Acc: 0.579515923566879
Round 23/40
Learner 0..1..2..3..4..5..6..7..8..9..10..11..12..13..14..15..16..17..18..19..Finish
Avg Loss: 1.1794856043608208, Acc: 0.6071337579617835
Round 24/40
Learner 0..1..2..3..4..5..6..7..8..9..10..11..12..13..14..15..16..17..18..19..Finish
Avg Loss: 1.1566259035976922, Acc: 0.6150318471337579
Round 25/40
Learner 0..1..2..3..4..5..6..7..8..9..10..11..12..13..14..15..16..17..18..19..Finish
Avg Loss: 1.1252063088543047, Acc: 0.6244840764331211
Round 26/40
Learner 0..1..2..3..4..5..6..7..8..9..10..11..12..13..14..15..16..17..18..19..Finish
Avg Loss: 1.1046881049386854, Acc: 0.6333248407643313
Round 27/40
Learner 0..1..2..3..4..5..6..7..8..9..10..11..12..13..14..15..16..17..18..19..Finish
Avg Loss: 1.0698144727606114, Acc: 0.6433375796178343
Round 28/40
Learner 0..1..2..3..4..5..6..7..8..9..10..11..12..13..14..15..16..17..18..19..Finish
Avg Loss: 1.1108115526961118, Acc: 0.6318726114649682
Round 29/40
Learner 0..1..2..3..4..5..6..7..8..9..10..11..12..13..14..15..16..17..18..19..Finish
Avg Loss: 1.03982067666645, Acc: 0.6573248407643313
Round 30/40
Learner 0..1..2..3..4..5..6..7..8..9..10..11..12..13..14..15..16..17..18..19..Finish
Avg Loss: 1.0357196879338442, Acc: 0.6597707006369425
Round 31/40
Learner 0..1..2..3..4..5..6..7..8..9..10..11..12..13..14..15..16..17..18..19..Finish
Avg Loss: 1.019457714683641, Acc: 0.6637707006369428
Round 32/40
Learner 0..1..2..3..4..5..6..7..8..9..10..11..12..13..14..15..16..17..18..19..Finish
Avg Loss: 0.9882948887178568, Acc: 0.6752101910828026
Round 33/40
Learner 0..1..2..3..4..5..6..7..8..9..10..11..12..13..14..15..16..17..18..19..Finish
Avg Loss: 0.9863616386685914, Acc: 0.6735796178343949
Round 34/40
Learner 0..1..2..3..4..5..6..7..8..9..10..11..12..13..14..15..16..17..18..19..Finish
Avg Loss: 0.9783743368174003, Acc: 0.6790573248407644
Round 35/40
Learner 0..1..2..3..4..5..6..7..8..9..10..11..12..13..14..15..16..17..18..19..Finish
Avg Loss: 0.9546477436777051, Acc: 0.6890955414012738
Round 36/40
Learner 0..1..2..3..4..5..6..7..8..9..10..11..12..13..14..15..16..17..18..19..Finish
Avg Loss: 0.9195978802757535, Acc: 0.7003566878980891
Round 37/40
Learner 0..1..2..3..4..5..6..7..8..9..10..11..12..13..14..15..16..17..18..19..Finish
Avg Loss: 0.9266646442495711, Acc: 0.6997961783439491
Round 38/40
Learner 0..1..2..3..4..5..6..7..8..9..10..11..12..13..14..15..16..17..18..19..Finish
Avg Loss: 0.9186439900500017, Acc: 0.7028025477707007
Round 39/40
Learner 0..1..2..3..4..5..6..7..8..9..10..11..12..13..14..15..16..17..18..19..Finish
Avg Loss: 0.8848015112120932, Acc: 0.715923566878981
Round 40/40
Learner 0..1..2..3..4..5..6..7..8..9..10..11..12..13..14..15..16..17..18..19..Finish
Avg Loss: 0.8593680097441363, Acc: 0.7228280254777069
Round 1/40
Learner 0..1..2..3..4..5..6..7..8..9..10..11..12..13..14..15..16..17..18..19..Finish
Avg Loss: 0.8872485930236376, Acc: 0.71171974522293
Round 2/40
Learner 0..1..2..3..4..5..6..7..8..9..10..11..12..13..14..15..16..17..18..19..Finish
Avg Loss: 0.8447565689804108, Acc: 0.7248152866242038
Round 3/40
Learner 0..1..2..3..4..5..6..7..8..9..10..11..12..13..14..15..16..17..18..19..Finish
Avg Loss: 0.8480412843145005, Acc: 0.7242802547770701
Round 4/40
Learner 0..1..2..3..4..5..6..7..8..9..10..11..12..13..14..15..16..17..18..19..Finish
Avg Loss: 0.8273708828278188, Acc: 0.7347006369426752
Round 5/40
Learner 0..1..2..3..4..5..6..7..8..9..10..11..12..13..14..15..16..17..18..19..Finish
Avg Loss: 0.8201102411601602, Acc: 0.7377579617834396
Round 6/40
Learner 0..1..2..3..4..5..6..7..8..9..10..11..12..13..14..15..16..17..18..19..Finish
Avg Loss: 0.8179150952071679, Acc: 0.736484076433121
Round 7/40
Learner 0..1..2..3..4..5..6..7..8..9..10..11..12..13..14..15..16..17..18..19..Finish
Avg Loss: 0.8264258052699448, Acc: 0.7341146496815287
Round 8/40
Learner 0..1..2..3..4..5..6..7..8..9..10..11..12..13..14..15..16..17..18..19..Finish
Avg Loss: 0.8151464272441903, Acc: 0.7399745222929937
Round 9/40
Learner 0..1..2..3..4..5..6..7..8..9..10..11..12..13..14..15..16..17..18..19..Finish
Avg Loss: 0.7760388505592093, Acc: 0.7516433121019108
Round 10/40
Learner 0..1..2..3..4..5..6..7..8..9..10..11..12..13..14..15..16..17..18..19..Finish
Avg Loss: 0.7625465057305688, Acc: 0.7548280254777071
Round 11/40
Learner 0..1..2..3..4..5..6..7..8..9..10..11..12..13..14..15..16..17..18..19..Finish
Avg Loss: 0.7678158171050917, Acc: 0.7524331210191083
Round 12/40
Learner 0..1..2..3..4..5..6..7..8..9..10..11..12..13..14..15..16..17..18..19..Finish
Avg Loss: 0.7777599848867431, Acc: 0.7478726114649682
Round 13/40
Learner 0..1..2..3..4..5..6..7..8..9..10..11..12..13..14..15..16..17..18..19..Finish
Avg Loss: 0.7683550581699465, Acc: 0.7508789808917197
Round 14/40
Learner 0..1..2..3..4..5..6..7..8..9..10..11..12..13..14..15..16..17..18..19..Finish
Avg Loss: 0.769887546770941, Acc: 0.7524076433121019
Round 15/40
Learner 0..1..2..3..4..5..6..7..8..9..10..11..12..13..14..15..16..17..18..19..Finish
Avg Loss: 0.7579993244411984, Acc: 0.7608662420382165
Round 16/40
Learner 0..1..2..3..4..5..6..7..8..9..10..11..12..13..14..15..16..17..18..19..Finish
Avg Loss: 0.7460209656537062, Acc: 0.7611464968152867
Round 17/40
Learner 0..1..2..3..4..5..6..7..8..9..10..11..12..13..14..15..16..17..18..19..Finish
Avg Loss: 0.7425009518498328, Acc: 0.7631592356687898
Round 18/40
Learner 0..1..2..3..4..5..6..7..8..9..10..11..12..13..14..15..16..17..18..19..Finish
Avg Loss: 0.7326891699215261, Acc: 0.7642038216560509
Round 19/40
Learner 0..1..2..3..4..5..6..7..8..9..10..11..12..13..14..15..16..17..18..19..Finish
Avg Loss: 0.7296194528297679, Acc: 0.7659617834394905
Round 20/40
Learner 0..1..2..3..4..5..6..7..8..9..10..11..12..13..14..15..16..17..18..19..Finish
Avg Loss: 0.7202923164013924, Acc: 0.7690955414012739
Round 21/40
Learner 0..1..2..3..4..5..6..7..8..9..10..11..12..13..14..15..16..17..18..19..Finish
Avg Loss: 0.7200079459303278, Acc: 0.7713375796178343
Round 22/40
Learner 0..1..2..3..4..5..6..7..8..9..10..11..12..13..14..15..16..17..18..19..Finish
Avg Loss: 0.696238429377961, Acc: 0.7767643312101911
Round 23/40
Learner 0..1..2..3..4..5..6..7..8..9..10..11..12..13..14..15..16..17..18..19..Finish
Avg Loss: 0.6910018137739441, Acc: 0.7788025477707007
Round 24/40
Learner 0..1..2..3..4..5..6..7..8..9..10..11..12..13..14..15..16..17..18..19..Finish
Avg Loss: 0.7092480851322172, Acc: 0.7748535031847134
Round 25/40
Learner 0..1..2..3..4..5..6..7..8..9..10..11..12..13..14..15..16..17..18..19..Finish
Avg Loss: 0.6938276943818825, Acc: 0.7798471337579617
Round 26/40
Learner 0..1..2..3..4..5..6..7..8..9..10..11..12..13..14..15..16..17..18..19..Finish
Avg Loss: 0.6772953094323961, Acc: 0.785248407643312
Round 27/40
Learner 0..1..2..3..4..5..6..7..8..9..10..11..12..13..14..15..16..17..18..19..Finish
Avg Loss: 0.6798691223428502, Acc: 0.7831082802547771
Round 28/40
Learner 0..1..2..3..4..5..6..7..8..9..10..11..12..13..14..15..16..17..18..19..Finish
Avg Loss: 0.6886653419553749, Acc: 0.7797707006369426
Round 29/40
Learner 0..1..2..3..4..5..6..7..8..9..10..11..12..13..14..15..16..17..18..19..Finish
Avg Loss: 0.6693027701319718, Acc: 0.7859108280254777
Round 30/40
Learner 0..1..2..3..4..5..6..7..8..9..10..11..12..13..14..15..16..17..18..19..Finish
Avg Loss: 0.6770499017922496, Acc: 0.7840254777070064
Round 31/40
Learner 0..1..2..3..4..5..6..7..8..9..10..11..12..13..14..15..16..17..18..19..Finish
Avg Loss: 0.6676995226401624, Acc: 0.7889426751592357
Round 32/40
Learner 0..1..2..3..4..5..6..7..8..9..10..11..12..13..14..15..16..17..18..19..Finish
Avg Loss: 0.6650721199295628, Acc: 0.7905222929936306
Round 33/40
Learner 0..1..2..3..4..5..6..7..8..9..10..11..12..13..14..15..16..17..18..19..Finish
Avg Loss: 0.6520432405870378, Acc: 0.7931719745222929
Round 34/40
Learner 0..1..2..3..4..5..6..7..8..9..10..11..12..13..14..15..16..17..18..19..Finish
Avg Loss: 0.6589902864784244, Acc: 0.7902165605095542
Round 35/40
Learner 0..1..2..3..4..5..6..7..8..9..10..11..12..13..14..15..16..17..18..19..Finish
Avg Loss: 0.6476523622809872, Acc: 0.7944458598726114
Round 36/40
Learner 0..1..2..3..4..5..6..7..8..9..10..11..12..13..14..15..16..17..18..19..Finish
Avg Loss: 0.6653446597721033, Acc: 0.7900382165605098
Round 37/40
Learner 0..1..2..3..4..5..6..7..8..9..10..11..12..13..14..15..16..17..18..19..Finish
Avg Loss: 0.6419921527578822, Acc: 0.7980636942675159
Round 38/40
Learner 0..1..2..3..4..5..6..7..8..9..10..11..12..13..14..15..16..17..18..19..Finish
Avg Loss: 0.6713683381434378, Acc: 0.786751592356688
Round 39/40
Learner 0..1..2..3..4..5..6..7..8..9..10..11..12..13..14..15..16..17..18..19..Finish
Avg Loss: 0.6532121790376135, Acc: 0.7927898089171974
Round 40/40
Learner 0..1..2..3..4..5..6..7..8..9..10..11..12..13..14..15..16..17..18..19..Finish
Avg Loss: 0.6528473985510144, Acc: 0.7918980891719746
Round 1/40
Learner 0..1..2..3..4..5..6..7..8..9..10..11..12..13..14..15..16..17..18..19..Finish
Avg Loss: 0.634252599435972, Acc: 0.7992866242038217
Round 2/40
Learner 0..1..2..3..4..5..6..7..8..9..10..11..12..13..14..15..16..17..18..19..Finish
Avg Loss: 0.6402479769798314, Acc: 0.7982420382165605
Round 3/40
Learner 0..1..2..3..4..5..6..7..8..9..10..11..12..13..14..15..16..17..18..19..Finish
Avg Loss: 0.6360927507463026, Acc: 0.7986496815286626
Round 4/40
Learner 0..1..2..3..4..5..6..7..8..9..10..11..12..13..14..15..16..17..18..19..Finish
Avg Loss: 0.6361650034754984, Acc: 0.7989554140127388
Round 5/40
Learner 0..1..2..3..4..5..6..7..8..9..10..11..12..13..14..15..16..17..18..19..Finish
Avg Loss: 0.643155838579424, Acc: 0.796968152866242
Round 6/40
Learner 0..1..2..3..4..5..6..7..8..9..10..11..12..13..14..15..16..17..18..19..Finish
Avg Loss: 0.6383107719200898, Acc: 0.7990828025477708
Round 7/40
Learner 0..1..2..3..4..5..6..7..8..9..10..11..12..13..14..15..16..17..18..19..Finish
Avg Loss: 0.6241788215511214, Acc: 0.8048152866242038
Round 8/40
Learner 0..1..2..3..4..5..6..7..8..9..10..11..12..13..14..15..16..17..18..19..Finish
Avg Loss: 0.6238341016740333, Acc: 0.8051974522292994
Round 9/40
Learner 0..1..2..3..4..5..6..7..8..9..10..11..12..13..14..15..16..17..18..19..Finish
Avg Loss: 0.6138318681680575, Acc: 0.8056305732484077
Round 10/40
Learner 0..1..2..3..4..5..6..7..8..9..10..11..12..13..14..15..16..17..18..19..Finish
Avg Loss: 0.6326021316423406, Acc: 0.8000254777070064
Round 11/40
Learner 0..1..2..3..4..5..6..7..8..9..10..11..12..13..14..15..16..17..18..19..Finish
Avg Loss: 0.6101393846158938, Acc: 0.810955414012739
Round 12/40
Learner 0..1..2..3..4..5..6..7..8..9..10..11..12..13..14..15..16..17..18..19..Finish
Avg Loss: 0.6144452764675385, Acc: 0.8054012738853503
Round 13/40
Learner 0..1..2..3..4..5..6..7..8..9..10..11..12..13..14..15..16..17..18..19..Finish
Avg Loss: 0.6103305969811309, Acc: 0.8094522292993631
Round 14/40
Learner 0..1..2..3..4..5..6..7..8..9..10..11..12..13..14..15..16..17..18..19..Finish
Avg Loss: 0.6183004071602856, Acc: 0.8021656050955415
Round 15/40
Learner 0..1..2..3..4..5..6..7..8..9..10..11..12..13..14..15..16..17..18..19..Finish
Avg Loss: 0.6262088839843022, Acc: 0.8013503184713378
Round 16/40
Learner 0..1..2..3..4..5..6..7..8..9..10..11..12..13..14..15..16..17..18..19..Finish
Avg Loss: 0.6064276200802468, Acc: 0.8111592356687899
Round 17/40
Learner 0..1..2..3..4..5..6..7..8..9..10..11..12..13..14..15..16..17..18..19..Finish
Avg Loss: 0.5989922589099989, Acc: 0.8115414012738853
Round 18/40
Learner 0..1..2..3..4..5..6..7..8..9..10..11..12..13..14..15..16..17..18..19..Finish
Avg Loss: 0.6172014129597967, Acc: 0.8074904458598725
Round 19/40
Learner 0..1..2..3..4..5..6..7..8..9..10..11..12..13..14..15..16..17..18..19..Finish
Avg Loss: 0.5935390288691695, Acc: 0.8130191082802549
Round 20/40
Learner 0..1..2..3..4..5..6..7..8..9..10..11..12..13..14..15..16..17..18..19..Finish
Avg Loss: 0.5975418584739288, Acc: 0.8136050955414011
Round 21/40
Learner 0..1..2..3..4..5..6..7..8..9..10..11..12..13..14..15..16..17..18..19..Finish
Avg Loss: 0.5909954602368236, Acc: 0.8127898089171974
Round 22/40
Learner 0..1..2..3..4..5..6..7..8..9..10..11..12..13..14..15..16..17..18..19..Finish
Avg Loss: 0.5853895929861601, Acc: 0.814471337579618
Round 23/40
Learner 0..1..2..3..4..5..6..7..8..9..10..11..12..13..14..15..16..17..18..19..Finish
Avg Loss: 0.5865722437623919, Acc: 0.8166878980891719
Round 24/40
Learner 0..1..2..3..4..5..6..7..8..9..10..11..12..13..14..15..16..17..18..19..Finish
Avg Loss: 0.5833513066475469, Acc: 0.8191847133757962
Round 25/40
Learner 0..1..2..3..4..5..6..7..8..9..10..11..12..13..14..15..16..17..18..19..Finish
Avg Loss: 0.59425336134779, Acc: 0.8162802547770701
Round 26/40
Learner 0..1..2..3..4..5..6..7..8..9..10..11..12..13..14..15..16..17..18..19..Finish
Avg Loss: 0.5750422808848988, Acc: 0.820203821656051
Round 27/40
Learner 0..1..2..3..4..5..6..7..8..9..10..11..12..13..14..15..16..17..18..19..Finish
Avg Loss: 0.5784089037103624, Acc: 0.819515923566879
Round 28/40
Learner 0..1..2..3..4..5..6..7..8..9..10..11..12..13..14..15..16..17..18..19..Finish
Avg Loss: 0.5673101029926684, Acc: 0.822547770700637
Round 29/40
Learner 0..1..2..3..4..5..6..7..8..9..10..11..12..13..14..15..16..17..18..19..Finish
Avg Loss: 0.5795846836202271, Acc: 0.8204331210191084
Round 30/40
Learner 0..1..2..3..4..5..6..7..8..9..10..11..12..13..14..15..16..17..18..19..Finish
Avg Loss: 0.5789628188360513, Acc: 0.8195414012738853
Round 31/40
Learner 0..1..2..3..4..5..6..7..8..9..10..11..12..13..14..15..16..17..18..19..Finish
Avg Loss: 0.5911043978546087, Acc: 0.8171210191082803
Round 32/40
Learner 0..1..2..3..4..5..6..7..8..9..10..11..12..13..14..15..16..17..18..19..Finish
Avg Loss: 0.5756147768515033, Acc: 0.818777070063694
Round 33/40
Learner 0..1..2..3..4..5..6..7..8..9..10..11..12..13..14..15..16..17..18..19..Finish
Avg Loss: 0.5719196776639882, Acc: 0.8222675159235668
Round 34/40
Learner 0..1..2..3..4..5..6..7..8..9..10..11..12..13..14..15..16..17..18..19..Finish
Avg Loss: 0.5687968692681714, Acc: 0.822751592356688
Round 35/40
Learner 0..1..2..3..4..5..6..7..8..9..10..11..12..13..14..15..16..17..18..19..Finish
Avg Loss: 0.5736718096929352, Acc: 0.8236178343949045
Round 36/40
Learner 0..1..2..3..4..5..6..7..8..9..10..11..12..13..14..15..16..17..18..19..Finish
Avg Loss: 0.5627383044337838, Acc: 0.8237707006369426
Round 37/40
Learner 0..1..2..3..4..5..6..7..8..9..10..11..12..13..14..15..16..17..18..19..Finish
Avg Loss: 0.5740718054638161, Acc: 0.8225222929936307
Round 38/40
Learner 0..1..2..3..4..5..6..7..8..9..10..11..12..13..14..15..16..17..18..19..Finish
Avg Loss: 0.5829338801767283, Acc: 0.8220636942675158
Round 39/40
Learner 0..1..2..3..4..5..6..7..8..9..10..11..12..13..14..15..16..17..18..19..Finish
Avg Loss: 0.5762028445921293, Acc: 0.8226751592356688
Round 40/40
Learner 0..1..2..3..4..5..6..7..8..9..10..11..12..13..14..15..16..17..18..19..Finish
Avg Loss: 0.579011557325418, Acc: 0.8199235668789809
Round 1/40
Learner 0..1..2..3..4..5..6..7..8..9..10..11..12..13..14..15..16..17..18..19..Finish
Avg Loss: 0.5554616619628377, Acc: 0.8281273885350318
Round 2/40
Learner 0..1..2..3..4..5..6..7..8..9..10..11..12..13..14..15..16..17..18..19..Finish
Avg Loss: 0.5616923524536253, Acc: 0.8281273885350318
Round 3/40
Learner 0..1..2..3..4..5..6..7..8..9..10..11..12..13..14..15..16..17..18..19..Finish
Avg Loss: 0.5709373091052219, Acc: 0.8244840764331209
Round 4/40
Learner 0..1..2..3..4..5..6..7..8..9..10..11..12..13..14..15..16..17..18..19..Finish
Avg Loss: 0.5814538491003942, Acc: 0.820484076433121
Round 5/40
Learner 0..1..2..3..4..5..6..7..8..9..10..11..12..13..14..15..16..17..18..19..Finish
Avg Loss: 0.5592911375906107, Acc: 0.830624203821656
Round 6/40
Learner 0..1..2..3..4..5..6..7..8..9..10..11..12..13..14..15..16..17..18..19..Finish
Avg Loss: 0.557861184125115, Acc: 0.8254012738853505
Round 7/40
Learner 0..1..2..3..4..5..6..7..8..9..10..11..12..13..14..15..16..17..18..19..Finish
Avg Loss: 0.5521985213703862, Acc: 0.8298853503184713
Round 8/40
Learner 0..1..2..3..4..5..6..7..8..9..10..11..12..13..14..15..16..17..18..19..Finish
Avg Loss: 0.5748515127961168, Acc: 0.825248407643312
Round 9/40
Learner 0..1..2..3..4..5..6..7..8..9..10..11..12..13..14..15..16..17..18..19..Finish
Avg Loss: 0.5583163227325654, Acc: 0.8281019108280254
Round 10/40
Learner 0..1..2..3..4..5..6..7..8..9..10..11..12..13..14..15..16..17..18..19..Finish
Avg Loss: 0.5533951443309586, Acc: 0.8331974522292993
Round 11/40
Learner 0..1..2..3..4..5..6..7..8..9..10..11..12..13..14..15..16..17..18..19..Finish
Avg Loss: 0.5746542333557112, Acc: 0.8264203821656052
Round 12/40
Learner 0..1..2..3..4..5..6..7..8..9..10..11..12..13..14..15..16..17..18..19..Finish
Avg Loss: 0.5456247668440748, Acc: 0.8330955414012738
Round 13/40
Learner 0..1..2..3..4..5..6..7..8..9..10..11..12..13..14..15..16..17..18..19..Finish
Avg Loss: 0.5554610901701499, Acc: 0.830547770700637
Round 14/40
Learner 0..1..2..3..4..5..6..7..8..9..10..11..12..13..14..15..16..17..18..19..Finish
Avg Loss: 0.5366700200379138, Acc: 0.8338853503184713
Round 15/40
Learner 0..1..2..3..4..5..6..7..8..9..10..11..12..13..14..15..16..17..18..19..Finish
Avg Loss: 0.5506389242104762, Acc: 0.8326114649681529
Round 16/40
Learner 0..1..2..3..4..5..6..7..8..9..10..11..12..13..14..15..16..17..18..19..Finish
Avg Loss: 0.5408108911060585, Acc: 0.8345732484076434
Round 17/40
Learner 0..1..2..3..4..5..6..7..8..9..10..11..12..13..14..15..16..17..18..19..Finish
Avg Loss: 0.5664199651987482, Acc: 0.8305987261146497
Round 18/40
Learner 0..1..2..3..4..5..6..7..8..9..10..11..12..13..14..15..16..17..18..19..Finish
Avg Loss: 0.5375361603237991, Acc: 0.833936305732484
Round 19/40
Learner 0..1..2..3..4..5..6..7..8..9..10..11..12..13..14..15..16..17..18..19..Finish
Avg Loss: 0.5504306257172389, Acc: 0.8323821656050955
Round 20/40
Learner 0..1..2..3..4..5..6..7..8..9..10..11..12..13..14..15..16..17..18..19..Finish
Avg Loss: 0.5471313447441633, Acc: 0.8310573248407642
Round 21/40
Learner 0..1..2..3..4..5..6..7..8..9..10..11..12..13..14..15..16..17..18..19..Finish
Avg Loss: 0.543469185045943, Acc: 0.8349044585987262
Round 22/40
Learner 0..1..2..3..4..5..6..7..8..9..10..11..12..13..14..15..16..17..18..19..Finish
Avg Loss: 0.5396110123795708, Acc: 0.8351337579617834
Round 23/40
Learner 0..1..2..3..4..5..6..7..8..9..10..11..12..13..14..15..16..17..18..19..Finish
Avg Loss: 0.5493725940081616, Acc: 0.8325350318471338
Round 24/40
Learner 0..1..2..3..4..5..6..7..8..9..10..11..12..13..14..15..16..17..18..19..Finish
Avg Loss: 0.5190193005542202, Acc: 0.841936305732484
Round 25/40
Learner 0..1..2..3..4..5..6..7..8..9..10..11..12..13..14..15..16..17..18..19..Finish
Avg Loss: 0.5456826655769615, Acc: 0.8341146496815286
Round 26/40
Learner 0..1..2..3..4..5..6..7..8..9..10..11..12..13..14..15..16..17..18..19..Finish
Avg Loss: 0.5382371280811787, Acc: 0.835796178343949
Round 27/40
Learner 0..1..2..3..4..5..6..7..8..9..10..11..12..13..14..15..16..17..18..19..Finish
Avg Loss: 0.5471276962796484, Acc: 0.834828025477707
Round 28/40
Learner 0..1..2..3..4..5..6..7..8..9..10..11..12..13..14..15..16..17..18..19..Finish
Avg Loss: 0.5342922539374511, Acc: 0.8384713375796178
Round 29/40
Learner 0..1..2..3..4..5..6..7..8..9..10..11..12..13..14..15..16..17..18..19..Finish
Avg Loss: 0.5402068491661695, Acc: 0.8366369426751591
Round 30/40
Learner 0..1..2..3..4..5..6..7..8..9..10..11..12..13..14..15..16..17..18..19..Finish
Avg Loss: 0.5332438954068878, Acc: 0.8390318471337579
Round 31/40
Learner 0..1..2..3..4..5..6..7..8..9..10..11..12..13..14..15..16..17..18..19..Finish
Avg Loss: 0.5294278947772775, Acc: 0.8409171974522293
Round 32/40
Learner 0..1..2..3..4..5..6..7..8..9..10..11..12..13..14..15..16..17..18..19..Finish
Avg Loss: 0.5320749046053829, Acc: 0.8371974522292994
Round 33/40
Learner 0..1..2..3..4..5..6..7..8..9..10..11..12..13..14..15..16..17..18..19..Finish
Avg Loss: 0.5223443470138117, Acc: 0.8405605095541402
Round 34/40
Learner 0..1..2..3..4..5..6..7..8..9..10..11..12..13..14..15..16..17..18..19..Finish
Avg Loss: 0.5252899237995499, Acc: 0.8405605095541402
Round 35/40
Learner 0..1..2..3..4..5..6..7..8..9..10..11..12..13..14..15..16..17..18..19..Finish
Avg Loss: 0.5391376165960862, Acc: 0.8363566878980893
Round 36/40
Learner 0..1..2..3..4..5..6..7..8..9..10..11..12..13..14..15..16..17..18..19..Finish
Avg Loss: 0.5337701741295555, Acc: 0.8405095541401273
Round 37/40
Learner 0..1..2..3..4..5..6..7..8..9..10..11..12..13..14..15..16..17..18..19..Finish
Avg Loss: 0.5396899680720597, Acc: 0.8377324840764331
Round 38/40
Learner 0..1..2..3..4..5..6..7..8..9..10..11..12..13..14..15..16..17..18..19..Finish
Avg Loss: 0.5246805540399582, Acc: 0.8421401273885349
Round 39/40
Learner 0..1..2..3..4..5..6..7..8..9..10..11..12..13..14..15..16..17..18..19..Finish
Avg Loss: 0.5448208046925626, Acc: 0.8391847133757964
Round 40/40
Learner 0..1..2..3..4..5..6..7..8..9..10..11..12..13..14..15..16..17..18..19..Finish
Avg Loss: 0.516740034918899, Acc: 0.8405095541401273
Round 1/40
Learner 0..1..2..3..4..5..6..7..8..9..10..11..12..13..14..15..16..17..18..19..Finish
Avg Loss: 0.5293376533980899, Acc: 0.8416560509554142
Round 2/40
Learner 0..1..2..3..4..5..6..7..8..9..10..11..12..13..14..15..16..17..18..19..Finish
Avg Loss: 0.5266544783525774, Acc: 0.8411210191082802
Round 3/40
Learner 0..1..2..3..4..5..6..7..8..9..10..11..12..13..14..15..16..17..18..19..Finish
Avg Loss: 0.5218954791205109, Acc: 0.8440509554140128
Round 4/40
Learner 0..1..2..3..4..5..6..7..8..9..10..11..12..13..14..15..16..17..18..19..Finish
Avg Loss: 0.522460437868911, Acc: 0.8435414012738853
Round 5/40
Learner 0..1..2..3..4..5..6..7..8..9..10..11..12..13..14..15..16..17..18..19..Finish
Avg Loss: 0.530973171429118, Acc: 0.8430828025477707
Round 6/40
Learner 0..1..2..3..4..5..6..7..8..9..10..11..12..13..14..15..16..17..18..19..Finish
Avg Loss: 0.5336746106529986, Acc: 0.839235668789809
Round 7/40
Learner 0..1..2..3..4..5..6..7..8..9..10..11..12..13..14..15..16..17..18..19..Finish
Avg Loss: 0.5274974107787739, Acc: 0.8411719745222929
Round 8/40
Learner 0..1..2..3..4..5..6..7..8..9..10..11..12..13..14..15..16..17..18..19..Finish
Avg Loss: 0.5348438755041215, Acc: 0.8391337579617835
Round 9/40
Learner 0..1..2..3..4..5..6..7..8..9..10..11..12..13..14..15..16..17..18..19..Finish
Avg Loss: 0.521156473995406, Acc: 0.8425732484076432
Round 10/40
Learner 0..1..2..3..4..5..6..7..8..9..10..11..12..13..14..15..16..17..18..19..Finish
Avg Loss: 0.5189723468711221, Acc: 0.8433885350318471
Round 11/40
Learner 0..1..2..3..4..5..6..7..8..9..10..11..12..13..14..15..16..17..18..19..Finish
Avg Loss: 0.5259393236137987, Acc: 0.842700636942675
Round 12/40
Learner 0..1..2..3..4..5..6..7..8..9..10..11..12..13..14..15..16..17..18..19..Finish
Avg Loss: 0.5171122938879137, Acc: 0.8440254777070064
Round 13/40
Learner 0..1..2..3..4..5..6..7..8..9..10..11..12..13..14..15..16..17..18..19..Finish
Avg Loss: 0.5226902841491914, Acc: 0.8432866242038216
Round 14/40
Learner 0..1..2..3..4..5..6..7..8..9..10..11..12..13..14..15..16..17..18..19..Finish
Avg Loss: 0.5204053804157226, Acc: 0.8444840764331211
Round 15/40
Learner 0..1..2..3..4..5..6..7..8..9..10..11..12..13..14..15..16..17..18..19..Finish
Avg Loss: 0.5182947752073529, Acc: 0.8436687898089172
Round 16/40
Learner 0..1..2..3..4..5..6..7..8..9..10..11..12..13..14..15..16..17..18..19..Finish
Avg Loss: 0.5196319479775441, Acc: 0.8460127388535031
Round 17/40
Learner 0..1..2..3..4..5..6..7..8..9..10..11..12..13..14..15..16..17..18..19..Finish
Avg Loss: 0.5214020122145492, Acc: 0.8445350318471337
Round 18/40
Learner 0..1..2..3..4..5..6..7..8..9..10..11..12..13..14..15..16..17..18..19..Finish
Avg Loss: 0.5261629298094629, Acc: 0.8434649681528663
Round 19/40
Learner 0..1..2..3..4..5..6..7..8..9..10..11..12..13..14..15..16..17..18..19..Finish
Avg Loss: 0.5136532425986438, Acc: 0.8442038216560508
Round 20/40
Learner 0..1..2..3..4..5..6..7..8..9..10..11..12..13..14..15..16..17..18..19..Finish
Avg Loss: 0.5273730956835718, Acc: 0.8415286624203822
Round 21/40
Learner 0..1..2..3..4..5..6..7..8..9..10..11..12..13..14..15..16..17..18..19..Finish
Avg Loss: 0.5244626937176639, Acc: 0.8450445859872611
Round 22/40
Learner 0..1..2..3..4..5..6..7..8..9..10..11..12..13..14..15..16..17..18..19..Finish
Avg Loss: 0.5145697052719269, Acc: 0.8471592356687898
Round 23/40
Learner 0..1..2..3..4..5..6..7..8..9..10..11..12..13..14..15..16..17..18..19..Finish
Avg Loss: 0.51662968593854, Acc: 0.8450700636942676
Round 24/40
Learner 0..1..2..3..4..5..6..7..8..9..10..11..12..13..14..15..16..17..18..19..Finish
Avg Loss: 0.5199567056344291, Acc: 0.8463439490445861
Round 25/40
Learner 0..1..2..3..4..5..6..7..8..9..10..11..12..13..14..15..16..17..18..19..Finish
Avg Loss: 0.506872941682312, Acc: 0.8498853503184713
Round 26/40
Learner 0..1..2..3..4..5..6..7..8..9..10..11..12..13..14..15..16..17..18..19..Finish
Avg Loss: 0.5058623249922705, Acc: 0.8469044585987262
Round 27/40
Learner 0..1..2..3..4..5..6..7..8..9..10..11..12..13..14..15..16..17..18..19..Finish
Avg Loss: 0.5144362445852559, Acc: 0.849171974522293
Round 28/40
Learner 0..1..2..3..4..5..6..7..8..9..10..11..12..13..14..15..16..17..18..19..Finish
Avg Loss: 0.5325109131937105, Acc: 0.8434394904458598
Round 29/40
Learner 0..1..2..3..4..5..6..7..8..9..10..11..12..13..14..15..16..17..18..19..Finish
Avg Loss: 0.5159146683457179, Acc: 0.8471337579617835
Round 30/40
Learner 0..1..2..3..4..5..6..7..8..9..10..11..12..13..14..15..16..17..18..19..Finish
Avg Loss: 0.5218813916797016, Acc: 0.8456560509554141
Round 31/40
Learner 0..1..2..3..4..5..6..7..8..9..10..11..12..13..14..15..16..17..18..19..Finish
Avg Loss: 0.5091139697757496, Acc: 0.849808917197452
Round 32/40
Learner 0..1..2..3..4..5..6..7..8..9..10..11..12..13..14..15..16..17..18..19..Finish
Avg Loss: 0.5106233585232156, Acc: 0.8477961783439489
Round 33/40
Learner 0..1..2..3..4..5..6..7..8..9..10..11..12..13..14..15..16..17..18..19..Finish
Avg Loss: 0.5155812392276296, Acc: 0.8455541401273885
Round 34/40
Learner 0..1..2..3..4..5..6..7..8..9..10..11..12..13..14..15..16..17..18..19..Finish
Avg Loss: 0.5117098141931058, Acc: 0.8461910828025478
Round 35/40
Learner 0..1..2..3..4..5..6..7..8..9..10..11..12..13..14..15..16..17..18..19..Finish
Avg Loss: 0.5116595633797407, Acc: 0.8487133757961784
Round 36/40
Learner 0..1..2..3..4..5..6..7..8..9..10..11..12..13..14..15..16..17..18..19..Finish
Avg Loss: 0.5181049598078055, Acc: 0.8445859872611464
Round 37/40
Learner 0..1..2..3..4..5..6..7..8..9..10..11..12..13..14..15..16..17..18..19..Finish
Avg Loss: 0.5182674849330168, Acc: 0.8486878980891719
Round 38/40
Learner 0..1..2..3..4..5..6..7..8..9..10..11..12..13..14..15..16..17..18..19..Finish
Avg Loss: 0.5122667566816345, Acc: 0.8490445859872612
Round 39/40
Learner 0..1..2..3..4..5..6..7..8..9..10..11..12..13..14..15..16..17..18..19..Finish
Avg Loss: 0.5299365264367373, Acc: 0.8459108280254777
Round 40/40
Learner 0..1..2..3..4..5..6..7..8..9..10..11..12..13..14..15..16..17..18..19..Finish
Avg Loss: 0.5176019458244061, Acc: 0.8481783439490446
