ID Reset
ID Generated: 15
Round 1/40
Learner 0..1..2..3..4..5..6..7..8..9..10..11..12..13..14..15..16..17..18..19..Finish
Avg Loss: 2.3914817294884934, Acc: 0.09095541401273885
Round 2/40
Learner 0..1..2..3..4..5..6..7..8..9..10..11..12..13..14..15..16..17..18..19..Finish
Avg Loss: 2.7756624698315857, Acc: 0.07613588110403396
Round 3/40
Learner 0..1..2..3..4..5..6..7..8..9..10..11..12..13..14..15..16..17..18..19..Finish
Avg Loss: 2.956781718896764, Acc: 0.08588818117480539
Round 4/40
Learner 0..1..2..3..4..5..6..7..8..9..10..11..12..13..14..15..16..17..18..19..Finish
Avg Loss: 3.292806000028953, Acc: 0.07490445859872612
Round 5/40
Learner 0..1..2..3..4..5..6..7..8..9..10..11..12..13..14..15..16..17..18..19..Finish
Avg Loss: 3.79204209247148, Acc: 0.06414720452937013
Round 6/40
Learner 0..1..2..3..4..5..6..7..8..9..10..11..12..13..14..15..16..17..18..19..Finish
Avg Loss: 4.106422126239339, Acc: 0.07292285916489738
Round 7/40
Learner 0..1..2..3..4..5..6..7..8..9..10..11..12..13..14..15..16..17..18..19..Finish
Avg Loss: 4.27475818278236, Acc: 0.062137296532200986
Round 8/40
Learner 0..1..2..3..4..5..6..7..8..9..10..11..12..13..14..15..16..17..18..19..Finish
Avg Loss: 4.070055959778211, Acc: 0.06008492569002123
Round 9/40
Learner 0..1..2..3..4..5..6..7..8..9..10..11..12..13..14..15..16..17..18..19..Finish
Avg Loss: 4.827788085472293, Acc: 0.06142958244869074
Round 10/40
Learner 0..1..2..3..4..5..6..7..8..9..10..11..12..13..14..15..16..17..18..19..Finish
Avg Loss: 4.729012838439459, Acc: 0.052116065109695686
Round 11/40
Learner 0..1..2..3..4..5..6..7..8..9..10..11..12..13..14..15..16..17..18..19..Finish
Avg Loss: 4.950298076938054, Acc: 0.05742392073602265
Round 12/40
Learner 0..1..2..3..4..5..6..7..8..9..10..11..12..13..14..15..16..17..18..19..Finish
Avg Loss: 4.827923285498098, Acc: 0.05450813871196036
Round 13/40
Learner 0..1..2..3..4..5..6..7..8..9..10..11..12..13..14..15..16..17..18..19..Finish
Avg Loss: 5.729326877813674, Acc: 0.05087048832271762
Round 14/40
Learner 0..1..2..3..4..5..6..7..8..9..10..11..12..13..14..15..16..17..18..19..Finish
Avg Loss: 4.776205537118886, Acc: 0.059660297239915075
Round 15/40
Learner 0..1..2..3..4..5..6..7..8..9..10..11..12..13..14..15..16..17..18..19..Finish
Avg Loss: 5.724940724381479, Acc: 0.04520877565463552
Round 16/40
Learner 0..1..2..3..4..5..6..7..8..9..10..11..12..13..14..15..16..17..18..19..Finish
Avg Loss: 5.653237642096094, Acc: 0.054366595895258316
Round 17/40
Learner 0..1..2..3..4..5..6..7..8..9..10..11..12..13..14..15..16..17..18..19..Finish
Avg Loss: 5.20129451163739, Acc: 0.056079263977353154
Round 18/40
Learner 0..1..2..3..4..5..6..7..8..9..10..11..12..13..14..15..16..17..18..19..Finish
Avg Loss: 6.066488902635583, Acc: 0.041656050955414005
Round 19/40
Learner 0..1..2..3..4..5..6..7..8..9..10..11..12..13..14..15..16..17..18..19..Finish
Avg Loss: 6.235451036029392, Acc: 0.052540693559801836
Round 20/40
Learner 0..1..2..3..4..5..6..7..8..9..10..11..12..13..14..15..16..17..18..19..Finish
Avg Loss: 5.839433019077228, Acc: 0.05246992215145082
Round 21/40
Learner 0..1..2..3..4..5..6..7..8..9..10..11..12..13..14..15..16..17..18..19..Finish
Avg Loss: 6.707586600959248, Acc: 0.050615711252653926
Round 22/40
Learner 0..1..2..3..4..5..6..7..8..9..10..11..12..13..14..15..16..17..18..19..Finish
Avg Loss: 6.523743260628271, Acc: 0.04168435951875442
Round 23/40
Learner 0..1..2..3..4..5..6..7..8..9..10..11..12..13..14..15..16..17..18..19..Finish
Avg Loss: 6.284846146363014, Acc: 0.053418259023354564
Round 24/40
Learner 0..1..2..3..4..5..6..7..8..9..10..11..12..13..14..15..16..17..18..19..Finish
Avg Loss: 6.546507394949165, Acc: 0.056758669497523014
Round 25/40
Learner 0..1..2..3..4..5..6..7..8..9..10..11..12..13..14..15..16..17..18..19..Finish
Avg Loss: 6.654093600762462, Acc: 0.04396319886765746
Round 26/40
Learner 0..1..2..3..4..5..6..7..8..9..10..11..12..13..14..15..16..17..18..19..Finish
Avg Loss: 6.412505913986854, Acc: 0.05671620665251239
Round 27/40
Learner 0..1..2..3..4..5..6..7..8..9..10..11..12..13..14..15..16..17..18..19..Finish
Avg Loss: 7.772057644612313, Acc: 0.037367303609341825
Round 28/40
Learner 0..1..2..3..4..5..6..7..8..9..10..11..12..13..14..15..16..17..18..19..Finish
Avg Loss: 6.964283227920533, Acc: 0.05037508846426044
Round 29/40
Learner 0..1..2..3..4..5..6..7..8..9..10..11..12..13..14..15..16..17..18..19..Finish
Avg Loss: 7.544792954730038, Acc: 0.05169143665958953
Round 30/40
Learner 0..1..2..3..4..5..6..7..8..9..10..11..12..13..14..15..16..17..18..19..Finish
Avg Loss: 8.01627374686092, Acc: 0.04832271762208069
Round 31/40
Learner 0..1..2..3..4..5..6..7..8..9..10..11..12..13..14..15..16..17..18..19..Finish
Avg Loss: 7.182175199729211, Acc: 0.042335456475583864
Round 32/40
Learner 0..1..2..3..4..5..6..7..8..9..10..11..12..13..14..15..16..17..18..19..Finish
Avg Loss: 7.50737239071778, Acc: 0.04062278839348903
Round 33/40
Learner 0..1..2..3..4..5..6..7..8..9..10..11..12..13..14..15..16..17..18..19..Finish
Avg Loss: 7.812052543247295, Acc: 0.04230714791224346
Round 34/40
Learner 0..1..2..3..4..5..6..7..8..9..10..11..12..13..14..15..16..17..18..19..Finish
Avg Loss: 6.979038267277767, Acc: 0.05372965322009907
Round 35/40
Learner 0..1..2..3..4..5..6..7..8..9..10..11..12..13..14..15..16..17..18..19..Finish
Avg Loss: 7.643876650899838, Acc: 0.050714791224345364
Round 36/40
Learner 0..1..2..3..4..5..6..7..8..9..10..11..12..13..14..15..16..17..18..19..Finish
Avg Loss: 8.059744954863, Acc: 0.03387119603680113
Round 37/40
Learner 0..1..2..3..4..5..6..7..8..9..10..11..12..13..14..15..16..17..18..19..Finish
Avg Loss: 7.332021551726634, Acc: 0.040792639773531494
Round 38/40
Learner 0..1..2..3..4..5..6..7..8..9..10..11..12..13..14..15..16..17..18..19..Finish
Avg Loss: 7.970336748870945, Acc: 0.049723991507430995
Round 39/40
Learner 0..1..2..3..4..5..6..7..8..9..10..11..12..13..14..15..16..17..18..19..Finish
Avg Loss: 7.710611202206392, Acc: 0.04137296532200991
Round 40/40
Learner 0..1..2..3..4..5..6..7..8..9..10..11..12..13..14..15..16..17..18..19..Finish
Avg Loss: 7.734669833110063, Acc: 0.04975230007077141
Round 1/40
Learner 0..1..2..3..4..5..6..7..8..9..10..11..12..13..14..15..16..17..18..19..Finish
Avg Loss: 7.848411647931024, Acc: 0.04359518754423213
Round 2/40
Learner 0..1..2..3..4..5..6..7..8..9..10..11..12..13..14..15..16..17..18..19..Finish
Avg Loss: 7.98325310414615, Acc: 0.047034677990092005
Round 3/40
Learner 0..1..2..3..4..5..6..7..8..9..10..11..12..13..14..15..16..17..18..19..Finish
Avg Loss: 7.9715416192362305, Acc: 0.053857041755130924
Round 4/40
Learner 0..1..2..3..4..5..6..7..8..9..10..11..12..13..14..15..16..17..18..19..Finish
Avg Loss: 7.774790105134814, Acc: 0.04904458598726115
Round 5/40
Learner 0..1..2..3..4..5..6..7..8..9..10..11..12..13..14..15..16..17..18..19..Finish
Avg Loss: 8.736355027424501, Acc: 0.04887473460721868
Round 6/40
Learner 0..1..2..3..4..5..6..7..8..9..10..11..12..13..14..15..16..17..18..19..Finish
Avg Loss: 7.919380928335043, Acc: 0.054140127388535034
Round 7/40
Learner 0..1..2..3..4..5..6..7..8..9..10..11..12..13..14..15..16..17..18..19..Finish
Avg Loss: 8.13235781229393, Acc: 0.04247699929228591
Round 8/40
Learner 0..1..2..3..4..5..6..7..8..9..10..11..12..13..14..15..16..17..18..19..Finish
Avg Loss: 8.249144238077418, Acc: 0.04846426043878273
Round 9/40
Learner 0..1..2..3..4..5..6..7..8..9..10..11..12..13..14..15..16..17..18..19..Finish
Avg Loss: 8.521614227191543, Acc: 0.05412597310686482
Round 10/40
Learner 0..1..2..3..4..5..6..7..8..9..10..11..12..13..14..15..16..17..18..19..Finish
Avg Loss: 8.528888379332173, Acc: 0.04060863411181884
Round 11/40
Learner 0..1..2..3..4..5..6..7..8..9..10..11..12..13..14..15..16..17..18..19..Finish
Avg Loss: 8.535804945817377, Acc: 0.041840056617126684
Round 12/40
Learner 0..1..2..3..4..5..6..7..8..9..10..11..12..13..14..15..16..17..18..19..Finish
Avg Loss: 8.084382975542987, Acc: 0.04668082094833687
Round 13/40
Learner 0..1..2..3..4..5..6..7..8..9..10..11..12..13..14..15..16..17..18..19..Finish
Avg Loss: 8.388277530024046, Acc: 0.0478414720452937
Round 14/40
Learner 0..1..2..3..4..5..6..7..8..9..10..11..12..13..14..15..16..17..18..19..Finish
Avg Loss: 8.676789060840761, Acc: 0.04063694267515924
Round 15/40
Learner 0..1..2..3..4..5..6..7..8..9..10..11..12..13..14..15..16..17..18..19..Finish
Avg Loss: 8.904746637542505, Acc: 0.04031139419674452
Round 16/40
Learner 0..1..2..3..4..5..6..7..8..9..10..11..12..13..14..15..16..17..18..19..Finish
Avg Loss: 8.619188185952867, Acc: 0.04648266100495399
Round 17/40
Learner 0..1..2..3..4..5..6..7..8..9..10..11..12..13..14..15..16..17..18..19..Finish
Avg Loss: 9.100809844205694, Acc: 0.04022646850672328
Round 18/40
Learner 0..1..2..3..4..5..6..7..8..9..10..11..12..13..14..15..16..17..18..19..Finish
Avg Loss: 8.983627191188644, Acc: 0.03752300070771408
Round 19/40
Learner 0..1..2..3..4..5..6..7..8..9..10..11..12..13..14..15..16..17..18..19..Finish
Avg Loss: 8.569892502412564, Acc: 0.053970276008492565
Round 20/40
Learner 0..1..2..3..4..5..6..7..8..9..10..11..12..13..14..15..16..17..18..19..Finish
Avg Loss: 8.856017658704017, Acc: 0.049384288747346065
Round 21/40
Learner 0..1..2..3..4..5..6..7..8..9..10..11..12..13..14..15..16..17..18..19..Finish
Avg Loss: 9.152180390198595, Acc: 0.038711960368011326
Round 22/40
Learner 0..1..2..3..4..5..6..7..8..9..10..11..12..13..14..15..16..17..18..19..Finish
Avg Loss: 8.589364222610115, Acc: 0.04503892427459307
Round 23/40
Learner 0..1..2..3..4..5..6..7..8..9..10..11..12..13..14..15..16..17..18..19..Finish
Avg Loss: 8.976841288638093, Acc: 0.03958952583156405
Round 24/40
Learner 0..1..2..3..4..5..6..7..8..9..10..11..12..13..14..15..16..17..18..19..Finish
Avg Loss: 8.784374481186527, Acc: 0.048634111818825196
Round 25/40
Learner 0..1..2..3..4..5..6..7..8..9..10..11..12..13..14..15..16..17..18..19..Finish
Avg Loss: 9.005738836316882, Acc: 0.04580325548478415
Round 26/40
Learner 0..1..2..3..4..5..6..7..8..9..10..11..12..13..14..15..16..17..18..19..Finish
Avg Loss: 8.993976931154135, Acc: 0.04287331917905166
Round 27/40
Learner 0..1..2..3..4..5..6..7..8..9..10..11..12..13..14..15..16..17..18..19..Finish
Avg Loss: 8.869825495075512, Acc: 0.047685774946921444
Round 28/40
Learner 0..1..2..3..4..5..6..7..8..9..10..11..12..13..14..15..16..17..18..19..Finish
Avg Loss: 9.366682232018515, Acc: 0.04495399858457183
Round 29/40
Learner 0..1..2..3..4..5..6..7..8..9..10..11..12..13..14..15..16..17..18..19..Finish
Avg Loss: 9.043382978051659, Acc: 0.03637650389242746
Round 30/40
Learner 0..1..2..3..4..5..6..7..8..9..10..11..12..13..14..15..16..17..18..19..Finish
Avg Loss: 9.518510114855882, Acc: 0.038796886058032554
Round 31/40
Learner 0..1..2..3..4..5..6..7..8..9..10..11..12..13..14..15..16..17..18..19..Finish
Avg Loss: 8.960507357131284, Acc: 0.04128803963198868
Round 32/40
Learner 0..1..2..3..4..5..6..7..8..9..10..11..12..13..14..15..16..17..18..19..Finish
Avg Loss: 9.508928686407309, Acc: 0.04401981599433829
Round 33/40
Learner 0..1..2..3..4..5..6..7..8..9..10..11..12..13..14..15..16..17..18..19..Finish
Avg Loss: 9.675688913844143, Acc: 0.047190375088464256
Round 34/40
Learner 0..1..2..3..4..5..6..7..8..9..10..11..12..13..14..15..16..17..18..19..Finish
Avg Loss: 9.093167972004725, Acc: 0.04133050247699929
Round 35/40
Learner 0..1..2..3..4..5..6..7..8..9..10..11..12..13..14..15..16..17..18..19..Finish
Avg Loss: 9.211143512389848, Acc: 0.043680113234253366
Round 36/40
Learner 0..1..2..3..4..5..6..7..8..9..10..11..12..13..14..15..16..17..18..19..Finish
Avg Loss: 9.305102496289301, Acc: 0.04066525123849965
Round 37/40
Learner 0..1..2..3..4..5..6..7..8..9..10..11..12..13..14..15..16..17..18..19..Finish
Avg Loss: 8.932953366311478, Acc: 0.04142958244869072
Round 38/40
Learner 0..1..2..3..4..5..6..7..8..9..10..11..12..13..14..15..16..17..18..19..Finish
Avg Loss: 9.882876321875308, Acc: 0.04195329087048832
Round 39/40
Learner 0..1..2..3..4..5..6..7..8..9..10..11..12..13..14..15..16..17..18..19..Finish
Avg Loss: 9.136442139973594, Acc: 0.04049539985845718
Round 40/40
Learner 0..1..2..3..4..5..6..7..8..9..10..11..12..13..14..15..16..17..18..19..Finish
Avg Loss: 8.964771762234516, Acc: 0.03927813163481953
Round 1/40
Learner 0..1..2..3..4..5..6..7..8..9..10..11..12..13..14..15..16..17..18..19..Finish
Avg Loss: 9.623857491276992, Acc: 0.039957537154989384
Round 2/40
Learner 0..1..2..3..4..5..6..7..8..9..10..11..12..13..14..15..16..17..18..19..Finish
Avg Loss: 9.476489287189459, Acc: 0.04169851380042463
Round 3/40
Learner 0..1..2..3..4..5..6..7..8..9..10..11..12..13..14..15..16..17..18..19..Finish
Avg Loss: 9.407432840876247, Acc: 0.04409058740268931
Round 4/40
Learner 0..1..2..3..4..5..6..7..8..9..10..11..12..13..14..15..16..17..18..19..Finish
Avg Loss: 9.591469316517003, Acc: 0.0400141542816702
Round 5/40
Learner 0..1..2..3..4..5..6..7..8..9..10..11..12..13..14..15..16..17..18..19..Finish
Avg Loss: 9.469432085187131, Acc: 0.04198159943382873
Round 6/40
Learner 0..1..2..3..4..5..6..7..8..9..10..11..12..13..14..15..16..17..18..19..Finish
Avg Loss: 9.282311307382455, Acc: 0.05014861995753715
Round 7/40
Learner 0..1..2..3..4..5..6..7..8..9..10..11..12..13..14..15..16..17..18..19..Finish
Avg Loss: 9.472362602090879, Acc: 0.04335456475583864
Round 8/40
Learner 0..1..2..3..4..5..6..7..8..9..10..11..12..13..14..15..16..17..18..19..Finish
Avg Loss: 10.204345360250223, Acc: 0.037650389242745934
Round 9/40
Learner 0..1..2..3..4..5..6..7..8..9..10..11..12..13..14..15..16..17..18..19..Finish
Avg Loss: 9.762500729556544, Acc: 0.03988676574663836
Round 10/40
Learner 0..1..2..3..4..5..6..7..8..9..10..11..12..13..14..15..16..17..18..19..Finish
Avg Loss: 9.419936332383884, Acc: 0.04229299363057325
Round 11/40
Learner 0..1..2..3..4..5..6..7..8..9..10..11..12..13..14..15..16..17..18..19..Finish
Avg Loss: 9.534280080890053, Acc: 0.03695682944090587
Round 12/40
Learner 0..1..2..3..4..5..6..7..8..9..10..11..12..13..14..15..16..17..18..19..Finish
Avg Loss: 9.599752962427734, Acc: 0.044147204529370127
Round 13/40
Learner 0..1..2..3..4..5..6..7..8..9..10..11..12..13..14..15..16..17..18..19..Finish
Avg Loss: 9.387836641950877, Acc: 0.03765038924274593
Round 14/40
Learner 0..1..2..3..4..5..6..7..8..9..10..11..12..13..14..15..16..17..18..19..Finish
Avg Loss: 9.288141745108145, Acc: 0.04709129511677282
Round 15/40
Learner 0..1..2..3..4..5..6..7..8..9..10..11..12..13..14..15..16..17..18..19..Finish
Avg Loss: 9.837044798584813, Acc: 0.041641896673743815
Round 16/40
Learner 0..1..2..3..4..5..6..7..8..9..10..11..12..13..14..15..16..17..18..19..Finish
Avg Loss: 10.134619408506687, Acc: 0.0453927813163482
Round 17/40
Learner 0..1..2..3..4..5..6..7..8..9..10..11..12..13..14..15..16..17..18..19..Finish
Avg Loss: 9.455404853863875, Acc: 0.042561924982307146
Round 18/40
Learner 0..1..2..3..4..5..6..7..8..9..10..11..12..13..14..15..16..17..18..19..Finish
Avg Loss: 9.54387392261164, Acc: 0.03983014861995754
Round 19/40
Learner 0..1..2..3..4..5..6..7..8..9..10..11..12..13..14..15..16..17..18..19..Finish
Avg Loss: 9.45423057193463, Acc: 0.04506723283793347
Round 20/40
Learner 0..1..2..3..4..5..6..7..8..9..10..11..12..13..14..15..16..17..18..19..Finish
Avg Loss: 9.802192234842217, Acc: 0.04069355980184006
Round 21/40
Learner 0..1..2..3..4..5..6..7..8..9..10..11..12..13..14..15..16..17..18..19..Finish
Avg Loss: 9.825971193322212, Acc: 0.0443312101910828
Round 22/40
Learner 0..1..2..3..4..5..6..7..8..9..10..11..12..13..14..15..16..17..18..19..Finish
Avg Loss: 9.751853336594401, Acc: 0.03866949752300071
Round 23/40
Learner 0..1..2..3..4..5..6..7..8..9..10..11..12..13..14..15..16..17..18..19..Finish
Avg Loss: 9.882277336439358, Acc: 0.04106157112526539
Round 24/40
Learner 0..1..2..3..4..5..6..7..8..9..10..11..12..13..14..15..16..17..18..19..Finish
Avg Loss: 10.109701505306075, Acc: 0.04411889596602972
Round 25/40
Learner 0..1..2..3..4..5..6..7..8..9..10..11..12..13..14..15..16..17..18..19..Finish
Avg Loss: 10.024941337679353, Acc: 0.046355272469922146
Round 26/40
Learner 0..1..2..3..4..5..6..7..8..9..10..11..12..13..14..15..16..17..18..19..Finish
Avg Loss: 9.704951883977666, Acc: 0.04828025477707006
Round 27/40
Learner 0..1..2..3..4..5..6..7..8..9..10..11..12..13..14..15..16..17..18..19..Finish
Avg Loss: 10.002631529021501, Acc: 0.047813163481953296
Round 28/40
Learner 0..1..2..3..4..5..6..7..8..9..10..11..12..13..14..15..16..17..18..19..Finish
Avg Loss: 10.152169483894685, Acc: 0.04503892427459307
Round 29/40
Learner 0..1..2..3..4..5..6..7..8..9..10..11..12..13..14..15..16..17..18..19..Finish
Avg Loss: 10.32246719207867, Acc: 0.048294409058740266
Round 30/40
Learner 0..1..2..3..4..5..6..7..8..9..10..11..12..13..14..15..16..17..18..19..Finish
Avg Loss: 10.998630490729479, Acc: 0.037650389242745934
Round 31/40
Learner 0..1..2..3..4..5..6..7..8..9..10..11..12..13..14..15..16..17..18..19..Finish
Avg Loss: 10.456989546347655, Acc: 0.04612880396319888
Round 32/40
Learner 0..1..2..3..4..5..6..7..8..9..10..11..12..13..14..15..16..17..18..19..Finish
Avg Loss: 10.005707006898138, Acc: 0.04611464968152866
Round 33/40
Learner 0..1..2..3..4..5..6..7..8..9..10..11..12..13..14..15..16..17..18..19..Finish
Avg Loss: 10.034827205439138, Acc: 0.04084925690021232
Round 34/40
Learner 0..1..2..3..4..5..6..7..8..9..10..11..12..13..14..15..16..17..18..19..Finish
Avg Loss: 10.4311901101575, Acc: 0.0445859872611465
Round 35/40
Learner 0..1..2..3..4..5..6..7..8..9..10..11..12..13..14..15..16..17..18..19..Finish
Avg Loss: 10.003282022346971, Acc: 0.04192498230714792
Round 36/40
Learner 0..1..2..3..4..5..6..7..8..9..10..11..12..13..14..15..16..17..18..19..Finish
Avg Loss: 10.28005096087503, Acc: 0.04087756546355273
Round 37/40
Learner 0..1..2..3..4..5..6..7..8..9..10..11..12..13..14..15..16..17..18..19..Finish
Avg Loss: 9.71437081282701, Acc: 0.04362349610757254
Round 38/40
Learner 0..1..2..3..4..5..6..7..8..9..10..11..12..13..14..15..16..17..18..19..Finish
Avg Loss: 9.990549634357995, Acc: 0.04285916489738146
Round 39/40
Learner 0..1..2..3..4..5..6..7..8..9..10..11..12..13..14..15..16..17..18..19..Finish
Avg Loss: 10.383790306928681, Acc: 0.04033970276008493
Round 40/40
Learner 0..1..2..3..4..5..6..7..8..9..10..11..12..13..14..15..16..17..18..19..Finish
Avg Loss: 10.30505103685884, Acc: 0.04039631988676575
Round 1/40
Learner 0..1..2..3..4..5..6..7..8..9..10..11..12..13..14..15..16..17..18..19..Finish
Avg Loss: 10.047977487353883, Acc: 0.0389101203113942
Round 2/40
Learner 0..1..2..3..4..5..6..7..8..9..10..11..12..13..14..15..16..17..18..19..Finish
Avg Loss: 9.987597910261627, Acc: 0.05602264685067233
Round 3/40
Learner 0..1..2..3..4..5..6..7..8..9..10..11..12..13..14..15..16..17..18..19..Finish
Avg Loss: 10.858796361339124, Acc: 0.04203821656050956
Round 4/40
Learner 0..1..2..3..4..5..6..7..8..9..10..11..12..13..14..15..16..17..18..19..Finish
Avg Loss: 10.190929046275924, Acc: 0.04050955414012739
Round 5/40
Learner 0..1..2..3..4..5..6..7..8..9..10..11..12..13..14..15..16..17..18..19..Finish
Avg Loss: 10.230767419560062, Acc: 0.050049539985845715
Round 6/40
Learner 0..1..2..3..4..5..6..7..8..9..10..11..12..13..14..15..16..17..18..19..Finish
Avg Loss: 10.349948659714213, Acc: 0.03874026893135174
Round 7/40
Learner 0..1..2..3..4..5..6..7..8..9..10..11..12..13..14..15..16..17..18..19..Finish
Avg Loss: 10.394539185440422, Acc: 0.03924982307147912
Round 8/40
Learner 0..1..2..3..4..5..6..7..8..9..10..11..12..13..14..15..16..17..18..19..Finish
Avg Loss: 10.64280490134359, Acc: 0.047133757961783436
Round 9/40
Learner 0..1..2..3..4..5..6..7..8..9..10..11..12..13..14..15..16..17..18..19..Finish
Avg Loss: 10.269995009457624, Acc: 0.04297239915074309
Round 10/40
Learner 0..1..2..3..4..5..6..7..8..9..10..11..12..13..14..15..16..17..18..19..Finish
Avg Loss: 11.06494427567252, Acc: 0.040679405520169847
Round 11/40
Learner 0..1..2..3..4..5..6..7..8..9..10..11..12..13..14..15..16..17..18..19..Finish
Avg Loss: 10.239955365603963, Acc: 0.03842887473460722
Round 12/40
Learner 0..1..2..3..4..5..6..7..8..9..10..11..12..13..14..15..16..17..18..19..Finish
Avg Loss: 10.452128620113246, Acc: 0.03474876150035386
Round 13/40
Learner 0..1..2..3..4..5..6..7..8..9..10..11..12..13..14..15..16..17..18..19..Finish
Avg Loss: 10.232204164808252, Acc: 0.04182590233545648
Round 14/40
Learner 0..1..2..3..4..5..6..7..8..9..10..11..12..13..14..15..16..17..18..19..Finish
Avg Loss: 10.41970743762553, Acc: 0.03708421797593772
Round 15/40
Learner 0..1..2..3..4..5..6..7..8..9..10..11..12..13..14..15..16..17..18..19..Finish
Avg Loss: 10.686201366951796, Acc: 0.03629157820240622
Round 16/40
Learner 0..1..2..3..4..5..6..7..8..9..10..11..12..13..14..15..16..17..18..19..Finish
Avg Loss: 10.557198712711626, Acc: 0.0429723991507431
Round 17/40
Learner 0..1..2..3..4..5..6..7..8..9..10..11..12..13..14..15..16..17..18..19..Finish
Avg Loss: 10.763580693354344, Acc: 0.04996461429582449
Round 18/40
Learner 0..1..2..3..4..5..6..7..8..9..10..11..12..13..14..15..16..17..18..19..Finish
Avg Loss: 10.558956087012493, Acc: 0.047742392073602265
Round 19/40
Learner 0..1..2..3..4..5..6..7..8..9..10..11..12..13..14..15..16..17..18..19..Finish
Avg Loss: 10.11438160343222, Acc: 0.04544939844302902
Round 20/40
Learner 0..1..2..3..4..5..6..7..8..9..10..11..12..13..14..15..16..17..18..19..Finish
Avg Loss: 10.330002255233, Acc: 0.04389242745930644
Round 21/40
Learner 0..1..2..3..4..5..6..7..8..9..10..11..12..13..14..15..16..17..18..19..Finish
Avg Loss: 10.322783973912667, Acc: 0.04819532908704883
Round 22/40
Learner 0..1..2..3..4..5..6..7..8..9..10..11..12..13..14..15..16..17..18..19..Finish
Avg Loss: 10.498081255088332, Acc: 0.0418966737438075
Round 23/40
Learner 0..1..2..3..4..5..6..7..8..9..10..11..12..13..14..15..16..17..18..19..Finish
Avg Loss: 10.731737774777436, Acc: 0.04625619249823072
Round 24/40
Learner 0..1..2..3..4..5..6..7..8..9..10..11..12..13..14..15..16..17..18..19..Finish
Avg Loss: 11.20190159609001, Acc: 0.044925690021231424
Round 25/40
Learner 0..1..2..3..4..5..6..7..8..9..10..11..12..13..14..15..16..17..18..19..Finish
Avg Loss: 11.022204962956982, Acc: 0.034451521585279546
Round 26/40
Learner 0..1..2..3..4..5..6..7..8..9..10..11..12..13..14..15..16..17..18..19..Finish
Avg Loss: 10.397245517806525, Acc: 0.03964614295824487
Round 27/40
Learner 0..1..2..3..4..5..6..7..8..9..10..11..12..13..14..15..16..17..18..19..Finish
Avg Loss: 11.146324308691739, Acc: 0.03743807501769285
Round 28/40
Learner 0..1..2..3..4..5..6..7..8..9..10..11..12..13..14..15..16..17..18..19..Finish
Avg Loss: 10.8233602402333, Acc: 0.04396319886765747
Round 29/40
Learner 0..1..2..3..4..5..6..7..8..9..10..11..12..13..14..15..16..17..18..19..Finish
Avg Loss: 10.384288521855396, Acc: 0.0416135881104034
Round 30/40
Learner 0..1..2..3..4..5..6..7..8..9..10..11..12..13..14..15..16..17..18..19..Finish
Avg Loss: 9.846103490745044, Acc: 0.04794055201698514
Round 31/40
Learner 0..1..2..3..4..5..6..7..8..9..10..11..12..13..14..15..16..17..18..19..Finish
Avg Loss: 10.65689472023603, Acc: 0.04369426751592357
Round 32/40
Learner 0..1..2..3..4..5..6..7..8..9..10..11..12..13..14..15..16..17..18..19..Finish
Avg Loss: 10.451195283095474, Acc: 0.04618542108987969
Round 33/40
Learner 0..1..2..3..4..5..6..7..8..9..10..11..12..13..14..15..16..17..18..19..Finish
Avg Loss: 10.568929702393515, Acc: 0.04004246284501062
Round 34/40
Learner 0..1..2..3..4..5..6..7..8..9..10..11..12..13..14..15..16..17..18..19..Finish
Avg Loss: 10.701276225233894, Acc: 0.04100495399858457
Round 35/40
Learner 0..1..2..3..4..5..6..7..8..9..10..11..12..13..14..15..16..17..18..19..Finish
Avg Loss: 10.597161267831074, Acc: 0.044458598726114656
Round 36/40
Learner 0..1..2..3..4..5..6..7..8..9..10..11..12..13..14..15..16..17..18..19..Finish
Avg Loss: 10.731501969003203, Acc: 0.04666666666666666
Round 37/40
Learner 0..1..2..3..4..5..6..7..8..9..10..11..12..13..14..15..16..17..18..19..Finish
Avg Loss: 10.505246877670288, Acc: 0.04305732484076433
Round 38/40
Learner 0..1..2..3..4..5..6..7..8..9..10..11..12..13..14..15..16..17..18..19..Finish
Avg Loss: 11.013238832771831, Acc: 0.039759377211606516
Round 39/40
Learner 0..1..2..3..4..5..6..7..8..9..10..11..12..13..14..15..16..17..18..19..Finish
Avg Loss: 11.42041629752062, Acc: 0.04522292993630572
Round 40/40
Learner 0..1..2..3..4..5..6..7..8..9..10..11..12..13..14..15..16..17..18..19..Finish
Avg Loss: 11.38634286211112, Acc: 0.042887473460721866
Round 1/40
Learner 0..1..2..3..4..5..6..7..8..9..10..11..12..13..14..15..16..17..18..19..Finish
Avg Loss: 10.754064031625076, Acc: 0.04529370134465675
Round 2/40
Learner 0..1..2..3..4..5..6..7..8..9..10..11..12..13..14..15..16..17..18..19..Finish
Avg Loss: 10.66575048458716, Acc: 0.05033262561924982
Round 3/40
Learner 0..1..2..3..4..5..6..7..8..9..10..11..12..13..14..15..16..17..18..19..Finish
Avg Loss: 10.639156648675494, Acc: 0.0454210898796886
Round 4/40
Learner 0..1..2..3..4..5..6..7..8..9..10..11..12..13..14..15..16..17..18..19..Finish
Avg Loss: 10.977100810276674, Acc: 0.048917197452229305
Round 5/40
Learner 0..1..2..3..4..5..6..7..8..9..10..11..12..13..14..15..16..17..18..19..Finish
Avg Loss: 10.645981862077655, Acc: 0.047784854918612875
Round 6/40
Learner 0..1..2..3..4..5..6..7..8..9..10..11..12..13..14..15..16..17..18..19..Finish
Avg Loss: 10.875783586243628, Acc: 0.043241330502477
Round 7/40
Learner 0..1..2..3..4..5..6..7..8..9..10..11..12..13..14..15..16..17..18..19..Finish
Avg Loss: 10.88051938170663, Acc: 0.04989384288747346
Round 8/40
Learner 0..1..2..3..4..5..6..7..8..9..10..11..12..13..14..15..16..17..18..19..Finish
Avg Loss: 10.353795696510964, Acc: 0.053474876150035384
Round 9/40
Learner 0..1..2..3..4..5..6..7..8..9..10..11..12..13..14..15..16..17..18..19..Finish
Avg Loss: 10.956358431477533, Acc: 0.04223637650389243
Round 10/40
Learner 0..1..2..3..4..5..6..7..8..9..10..11..12..13..14..15..16..17..18..19..Finish
Avg Loss: 11.16573713530047, Acc: 0.04069355980184006
Round 11/40
Learner 0..1..2..3..4..5..6..7..8..9..10..11..12..13..14..15..16..17..18..19..Finish
Avg Loss: 11.174404073967628, Acc: 0.04440198159943383
Round 12/40
Learner 0..1..2..3..4..5..6..7..8..9..10..11..12..13..14..15..16..17..18..19..Finish
Avg Loss: 10.475492742541897, Acc: 0.045987261146496816
Round 13/40
Learner 0..1..2..3..4..5..6..7..8..9..10..11..12..13..14..15..16..17..18..19..Finish
Avg Loss: 11.034097153750647, Acc: 0.04435951875442321
Round 14/40
Learner 0..1..2..3..4..5..6..7..8..9..10..11..12..13..14..15..16..17..18..19..Finish
Avg Loss: 10.962673607880507, Acc: 0.039872611464968157
Round 15/40
Learner 0..1..2..3..4..5..6..7..8..9..10..11..12..13..14..15..16..17..18..19..Finish
Avg Loss: 11.374778815616654, Acc: 0.04312809624911536
Round 16/40
Learner 0..1..2..3..4..5..6..7..8..9..10..11..12..13..14..15..16..17..18..19..Finish
Avg Loss: 10.70881328091712, Acc: 0.04672328379334748
Round 17/40
Learner 0..1..2..3..4..5..6..7..8..9..10..11..12..13..14..15..16..17..18..19..Finish
Avg Loss: 10.388585030547972, Acc: 0.047473460721868366
Round 18/40
Learner 0..1..2..3..4..5..6..7..8..9..10..11..12..13..14..15..16..17..18..19..Finish
Avg Loss: 11.051990866768758, Acc: 0.043241330502477
Round 19/40
Learner 0..1..2..3..4..5..6..7..8..9..10..11..12..13..14..15..16..17..18..19..Finish
Avg Loss: 11.182926978306828, Acc: 0.04256192498230715
Round 20/40
Learner 0..1..2..3..4..5..6..7..8..9..10..11..12..13..14..15..16..17..18..19..Finish
Avg Loss: 10.720303186556187, Acc: 0.04699221514508139
Round 21/40
Learner 0..1..2..3..4..5..6..7..8..9..10..11..12..13..14..15..16..17..18..19..Finish
Avg Loss: 11.047122660045057, Acc: 0.03770700636942676
Round 22/40
Learner 0..1..2..3..4..5..6..7..8..9..10..11..12..13..14..15..16..17..18..19..Finish
Avg Loss: 11.267196010660243, Acc: 0.046369426751592356
Round 23/40
Learner 0..1..2..3..4..5..6..7..8..9..10..11..12..13..14..15..16..17..18..19..Finish
Avg Loss: 10.93035903791102, Acc: 0.04423213021939136
Round 24/40
Learner 0..1..2..3..4..5..6..7..8..9..10..11..12..13..14..15..16..17..18..19..Finish
Avg Loss: 10.939923350403948, Acc: 0.039363057324840765
Round 25/40
Learner 0..1..2..3..4..5..6..7..8..9..10..11..12..13..14..15..16..17..18..19..Finish
Avg Loss: 11.239887577839122, Acc: 0.036871903750884644
Round 26/40
Learner 0..1..2..3..4..5..6..7..8..9..10..11..12..13..14..15..16..17..18..19..Finish
Avg Loss: 10.854239705024588, Acc: 0.041896673743807504
Round 27/40
Learner 0..1..2..3..4..5..6..7..8..9..10..11..12..13..14..15..16..17..18..19..Finish
Avg Loss: 11.173593639358273, Acc: 0.04636942675159236
Round 28/40
Learner 0..1..2..3..4..5..6..7..8..9..10..11..12..13..14..15..16..17..18..19..Finish
Avg Loss: 11.140011372174243, Acc: 0.04219391365888181
Round 29/40
Learner 0..1..2..3..4..5..6..7..8..9..10..11..12..13..14..15..16..17..18..19..Finish
Avg Loss: 11.015630481688957, Acc: 0.043043170559094124
Round 30/40
Learner 0..1..2..3..4..5..6..7..8..9..10..11..12..13..14..15..16..17..18..19..Finish
Avg Loss: 11.478833719320736, Acc: 0.037749469214437364
Round 31/40
Learner 0..1..2..3..4..5..6..7..8..9..10..11..12..13..14..15..16..17..18..19..Finish
Avg Loss: 11.829421630289067, Acc: 0.03640481245576786
Round 32/40
Learner 0..1..2..3..4..5..6..7..8..9..10..11..12..13..14..15..16..17..18..19..Finish
Avg Loss: 11.112742820083286, Acc: 0.040368011323425344
Round 33/40
Learner 0..1..2..3..4..5..6..7..8..9..10..11..12..13..14..15..16..17..18..19..Finish
Avg Loss: 11.559320454136575, Acc: 0.043170559094125975
Round 34/40
Learner 0..1..2..3..4..5..6..7..8..9..10..11..12..13..14..15..16..17..18..19..Finish
Avg Loss: 10.82969812390604, Acc: 0.049228591648973814
Round 35/40
Learner 0..1..2..3..4..5..6..7..8..9..10..11..12..13..14..15..16..17..18..19..Finish
Avg Loss: 11.317025167401459, Acc: 0.0416277423920736
Round 36/40
Learner 0..1..2..3..4..5..6..7..8..9..10..11..12..13..14..15..16..17..18..19..Finish
Avg Loss: 11.718420987529804, Acc: 0.04220806794055201
Round 37/40
Learner 0..1..2..3..4..5..6..7..8..9..10..11..12..13..14..15..16..17..18..19..Finish
Avg Loss: 11.27544856480682, Acc: 0.0418966737438075
Round 38/40
Learner 0..1..2..3..4..5..6..7..8..9..10..11..12..13..14..15..16..17..18..19..Finish
Avg Loss: 11.369264064227123, Acc: 0.03773531493276716
Round 39/40
Learner 0..1..2..3..4..5..6..7..8..9..10..11..12..13..14..15..16..17..18..19..Finish
Avg Loss: 11.29252344289123, Acc: 0.03933474876150036
Round 40/40
Learner 0..1..2..3..4..5..6..7..8..9..10..11..12..13..14..15..16..17..18..19..Finish
Avg Loss: 11.668752425623671, Acc: 0.036249115357395605
