ID Reset
ID Generated: 18
Round 1/40
Learner 0..1..2..3..4..5..6..7..8..9..10..11..12..13..14..15..16..17..18..19..Finish
Avg Loss: 2.3039684897515835, Acc: 0.10063694267515924
Round 2/40
Learner 0..1..2..3..4..5..6..7..8..9..10..11..12..13..14..15..16..17..18..19..Finish
Avg Loss: 2.3216586382408453, Acc: 0.09859872611464968
Round 3/40
Learner 0..1..2..3..4..5..6..7..8..9..10..11..12..13..14..15..16..17..18..19..Finish
Avg Loss: 2.2201437809603, Acc: 0.17889171974522294
Round 4/40
Learner 0..1..2..3..4..5..6..7..8..9..10..11..12..13..14..15..16..17..18..19..Finish
Avg Loss: 2.0360730951879082, Acc: 0.2497579617834395
Round 5/40
Learner 0..1..2..3..4..5..6..7..8..9..10..11..12..13..14..15..16..17..18..19..Finish
Avg Loss: 1.8099326235007465, Acc: 0.37359235668789814
Round 6/40
Learner 0..1..2..3..4..5..6..7..8..9..10..11..12..13..14..15..16..17..18..19..Finish
Avg Loss: 1.7033937809670845, Acc: 0.41500636942675156
Round 7/40
Learner 0..1..2..3..4..5..6..7..8..9..10..11..12..13..14..15..16..17..18..19..Finish
Avg Loss: 1.6688867459209955, Acc: 0.4274649681528662
Round 8/40
Learner 0..1..2..3..4..5..6..7..8..9..10..11..12..13..14..15..16..17..18..19..Finish
Avg Loss: 1.5147110410822118, Acc: 0.4918853503184713
Round 9/40
Learner 0..1..2..3..4..5..6..7..8..9..10..11..12..13..14..15..16..17..18..19..Finish
Avg Loss: 1.4476350130831324, Acc: 0.5187261146496815
Round 10/40
Learner 0..1..2..3..4..5..6..7..8..9..10..11..12..13..14..15..16..17..18..19..Finish
Avg Loss: 1.3901040914097453, Acc: 0.5347515923566879
Round 11/40
Learner 0..1..2..3..4..5..6..7..8..9..10..11..12..13..14..15..16..17..18..19..Finish
Avg Loss: 1.3603630795711426, Acc: 0.5482802547770701
Round 12/40
Learner 0..1..2..3..4..5..6..7..8..9..10..11..12..13..14..15..16..17..18..19..Finish
Avg Loss: 1.2898409433844613, Acc: 0.5754012738853503
Round 13/40
Learner 0..1..2..3..4..5..6..7..8..9..10..11..12..13..14..15..16..17..18..19..Finish
Avg Loss: 1.234605460595794, Acc: 0.5947261146496815
Round 14/40
Learner 0..1..2..3..4..5..6..7..8..9..10..11..12..13..14..15..16..17..18..19..Finish
Avg Loss: 1.2002316779116307, Acc: 0.6066624203821656
Round 15/40
Learner 0..1..2..3..4..5..6..7..8..9..10..11..12..13..14..15..16..17..18..19..Finish
Avg Loss: 1.1799725679544415, Acc: 0.6186624203821657
Round 16/40
Learner 0..1..2..3..4..5..6..7..8..9..10..11..12..13..14..15..16..17..18..19..Finish
Avg Loss: 1.168500201488898, Acc: 0.6206878980891719
Round 17/40
Learner 0..1..2..3..4..5..6..7..8..9..10..11..12..13..14..15..16..17..18..19..Finish
Avg Loss: 1.09319825071266, Acc: 0.6421146496815286
Round 18/40
Learner 0..1..2..3..4..5..6..7..8..9..10..11..12..13..14..15..16..17..18..19..Finish
Avg Loss: 1.064215734019512, Acc: 0.6539872611464966
Round 19/40
Learner 0..1..2..3..4..5..6..7..8..9..10..11..12..13..14..15..16..17..18..19..Finish
Avg Loss: 1.0297322842830081, Acc: 0.66656050955414
Round 20/40
Learner 0..1..2..3..4..5..6..7..8..9..10..11..12..13..14..15..16..17..18..19..Finish
Avg Loss: 0.9956933551324093, Acc: 0.676828025477707
Round 21/40
Learner 0..1..2..3..4..5..6..7..8..9..10..11..12..13..14..15..16..17..18..19..Finish
Avg Loss: 0.9632671835643005, Acc: 0.6887898089171974
Round 22/40
Learner 0..1..2..3..4..5..6..7..8..9..10..11..12..13..14..15..16..17..18..19..Finish
Avg Loss: 0.9529707871983206, Acc: 0.69028025477707
Round 23/40
Learner 0..1..2..3..4..5..6..7..8..9..10..11..12..13..14..15..16..17..18..19..Finish
Avg Loss: 0.9189821233594321, Acc: 0.7041019108280254
Round 24/40
Learner 0..1..2..3..4..5..6..7..8..9..10..11..12..13..14..15..16..17..18..19..Finish
Avg Loss: 0.8902989444269881, Acc: 0.7126114649681528
Round 25/40
Learner 0..1..2..3..4..5..6..7..8..9..10..11..12..13..14..15..16..17..18..19..Finish
Avg Loss: 0.8940070914786038, Acc: 0.7104076433121019
Round 26/40
Learner 0..1..2..3..4..5..6..7..8..9..10..11..12..13..14..15..16..17..18..19..Finish
Avg Loss: 0.8784585915384738, Acc: 0.7150828025477708
Round 27/40
Learner 0..1..2..3..4..5..6..7..8..9..10..11..12..13..14..15..16..17..18..19..Finish
Avg Loss: 0.8395427340535614, Acc: 0.7290700636942674
Round 28/40
Learner 0..1..2..3..4..5..6..7..8..9..10..11..12..13..14..15..16..17..18..19..Finish
Avg Loss: 0.8400134510867965, Acc: 0.7278343949044586
Round 29/40
Learner 0..1..2..3..4..5..6..7..8..9..10..11..12..13..14..15..16..17..18..19..Finish
Avg Loss: 0.8471667210261027, Acc: 0.729656050955414
Round 30/40
Learner 0..1..2..3..4..5..6..7..8..9..10..11..12..13..14..15..16..17..18..19..Finish
Avg Loss: 0.8032834243059643, Acc: 0.7421273885350319
Round 31/40
Learner 0..1..2..3..4..5..6..7..8..9..10..11..12..13..14..15..16..17..18..19..Finish
Avg Loss: 0.8005451554114498, Acc: 0.7412993630573249
Round 32/40
Learner 0..1..2..3..4..5..6..7..8..9..10..11..12..13..14..15..16..17..18..19..Finish
Avg Loss: 0.7774051100712239, Acc: 0.7506496815286624
Round 33/40
Learner 0..1..2..3..4..5..6..7..8..9..10..11..12..13..14..15..16..17..18..19..Finish
Avg Loss: 0.7909076735604464, Acc: 0.745656050955414
Round 34/40
Learner 0..1..2..3..4..5..6..7..8..9..10..11..12..13..14..15..16..17..18..19..Finish
Avg Loss: 0.7650352395374359, Acc: 0.7531847133757962
Round 35/40
Learner 0..1..2..3..4..5..6..7..8..9..10..11..12..13..14..15..16..17..18..19..Finish
Avg Loss: 0.7650539769965217, Acc: 0.7552611464968153
Round 36/40
Learner 0..1..2..3..4..5..6..7..8..9..10..11..12..13..14..15..16..17..18..19..Finish
Avg Loss: 0.7454175241503531, Acc: 0.759796178343949
Round 37/40
Learner 0..1..2..3..4..5..6..7..8..9..10..11..12..13..14..15..16..17..18..19..Finish
Avg Loss: 0.7563411581746446, Acc: 0.7590191082802549
Round 38/40
Learner 0..1..2..3..4..5..6..7..8..9..10..11..12..13..14..15..16..17..18..19..Finish
Avg Loss: 0.7255242708282985, Acc: 0.768140127388535
Round 39/40
Learner 0..1..2..3..4..5..6..7..8..9..10..11..12..13..14..15..16..17..18..19..Finish
Avg Loss: 0.7177904113551709, Acc: 0.7699999999999999
Round 40/40
Learner 0..1..2..3..4..5..6..7..8..9..10..11..12..13..14..15..16..17..18..19..Finish
Avg Loss: 0.7178376722565997, Acc: 0.7705605095541401
Round 1/40
Learner 0..1..2..3..4..5..6..7..8..9..10..11..12..13..14..15..16..17..18..19..Finish
Avg Loss: 0.6992052476247393, Acc: 0.7758343949044585
Round 2/40
Learner 0..1..2..3..4..5..6..7..8..9..10..11..12..13..14..15..16..17..18..19..Finish
Avg Loss: 0.713879921470534, Acc: 0.7746624203821655
Round 3/40
Learner 0..1..2..3..4..5..6..7..8..9..10..11..12..13..14..15..16..17..18..19..Finish
Avg Loss: 0.7080512381764508, Acc: 0.7752993630573248
Round 4/40
Learner 0..1..2..3..4..5..6..7..8..9..10..11..12..13..14..15..16..17..18..19..Finish
Avg Loss: 0.669206169793549, Acc: 0.787031847133758
Round 5/40
Learner 0..1..2..3..4..5..6..7..8..9..10..11..12..13..14..15..16..17..18..19..Finish
Avg Loss: 0.6787733267371854, Acc: 0.7831592356687898
Round 6/40
Learner 0..1..2..3..4..5..6..7..8..9..10..11..12..13..14..15..16..17..18..19..Finish
Avg Loss: 0.6905562775989436, Acc: 0.7812611464968151
Round 7/40
Learner 0..1..2..3..4..5..6..7..8..9..10..11..12..13..14..15..16..17..18..19..Finish
Avg Loss: 0.6664858464522637, Acc: 0.78656050955414
Round 8/40
Learner 0..1..2..3..4..5..6..7..8..9..10..11..12..13..14..15..16..17..18..19..Finish
Avg Loss: 0.6711810284748492, Acc: 0.786267515923567
Round 9/40
Learner 0..1..2..3..4..5..6..7..8..9..10..11..12..13..14..15..16..17..18..19..Finish
Avg Loss: 0.6516321567682232, Acc: 0.7909299363057324
Round 10/40
Learner 0..1..2..3..4..5..6..7..8..9..10..11..12..13..14..15..16..17..18..19..Finish
Avg Loss: 0.6461576025751306, Acc: 0.793936305732484
Round 11/40
Learner 0..1..2..3..4..5..6..7..8..9..10..11..12..13..14..15..16..17..18..19..Finish
Avg Loss: 0.6526418803963902, Acc: 0.7920127388535032
Round 12/40
Learner 0..1..2..3..4..5..6..7..8..9..10..11..12..13..14..15..16..17..18..19..Finish
Avg Loss: 0.6403137756890154, Acc: 0.7974777070063694
Round 13/40
Learner 0..1..2..3..4..5..6..7..8..9..10..11..12..13..14..15..16..17..18..19..Finish
Avg Loss: 0.6419730347407058, Acc: 0.7971847133757961
Round 14/40
Learner 0..1..2..3..4..5..6..7..8..9..10..11..12..13..14..15..16..17..18..19..Finish
Avg Loss: 0.6129134080834626, Acc: 0.8051719745222929
Round 15/40
Learner 0..1..2..3..4..5..6..7..8..9..10..11..12..13..14..15..16..17..18..19..Finish
Avg Loss: 0.6205072574060018, Acc: 0.8016050955414012
Round 16/40
Learner 0..1..2..3..4..5..6..7..8..9..10..11..12..13..14..15..16..17..18..19..Finish
Avg Loss: 0.6328152747627923, Acc: 0.7982802547770701
Round 17/40
Learner 0..1..2..3..4..5..6..7..8..9..10..11..12..13..14..15..16..17..18..19..Finish
Avg Loss: 0.6175751162117453, Acc: 0.80456050955414
Round 18/40
Learner 0..1..2..3..4..5..6..7..8..9..10..11..12..13..14..15..16..17..18..19..Finish
Avg Loss: 0.6039056242269472, Acc: 0.8077579617834395
Round 19/40
Learner 0..1..2..3..4..5..6..7..8..9..10..11..12..13..14..15..16..17..18..19..Finish
Avg Loss: 0.612734197726761, Acc: 0.8071337579617834
Round 20/40
Learner 0..1..2..3..4..5..6..7..8..9..10..11..12..13..14..15..16..17..18..19..Finish
Avg Loss: 0.6024860652557356, Acc: 0.8087261146496815
Round 21/40
Learner 0..1..2..3..4..5..6..7..8..9..10..11..12..13..14..15..16..17..18..19..Finish
Avg Loss: 0.6243453710589831, Acc: 0.8045095541401274
Round 22/40
Learner 0..1..2..3..4..5..6..7..8..9..10..11..12..13..14..15..16..17..18..19..Finish
Avg Loss: 0.6077610032754095, Acc: 0.8098471337579618
Round 23/40
Learner 0..1..2..3..4..5..6..7..8..9..10..11..12..13..14..15..16..17..18..19..Finish
Avg Loss: 0.6030423207995975, Acc: 0.810420382165605
Round 24/40
Learner 0..1..2..3..4..5..6..7..8..9..10..11..12..13..14..15..16..17..18..19..Finish
Avg Loss: 0.5968978159705072, Acc: 0.8134267515923568
Round 25/40
Learner 0..1..2..3..4..5..6..7..8..9..10..11..12..13..14..15..16..17..18..19..Finish
Avg Loss: 0.5992658611674739, Acc: 0.8137070063694269
Round 26/40
Learner 0..1..2..3..4..5..6..7..8..9..10..11..12..13..14..15..16..17..18..19..Finish
Avg Loss: 0.5820810785221799, Acc: 0.8164203821656051
Round 27/40
Learner 0..1..2..3..4..5..6..7..8..9..10..11..12..13..14..15..16..17..18..19..Finish
Avg Loss: 0.5807372115628142, Acc: 0.818343949044586
Round 28/40
Learner 0..1..2..3..4..5..6..7..8..9..10..11..12..13..14..15..16..17..18..19..Finish
Avg Loss: 0.569736288423173, Acc: 0.8198343949044586
Round 29/40
Learner 0..1..2..3..4..5..6..7..8..9..10..11..12..13..14..15..16..17..18..19..Finish
Avg Loss: 0.5827585506957116, Acc: 0.8183057324840763
Round 30/40
Learner 0..1..2..3..4..5..6..7..8..9..10..11..12..13..14..15..16..17..18..19..Finish
Avg Loss: 0.5731466751485094, Acc: 0.8188152866242039
Round 31/40
Learner 0..1..2..3..4..5..6..7..8..9..10..11..12..13..14..15..16..17..18..19..Finish
Avg Loss: 0.5710817154209182, Acc: 0.8197579617834394
Round 32/40
Learner 0..1..2..3..4..5..6..7..8..9..10..11..12..13..14..15..16..17..18..19..Finish
Avg Loss: 0.5725319930530207, Acc: 0.8213630573248407
Round 33/40
Learner 0..1..2..3..4..5..6..7..8..9..10..11..12..13..14..15..16..17..18..19..Finish
Avg Loss: 0.5738410420901318, Acc: 0.8208917197452228
Round 34/40
Learner 0..1..2..3..4..5..6..7..8..9..10..11..12..13..14..15..16..17..18..19..Finish
Avg Loss: 0.5734633971225258, Acc: 0.8208025477707006
Round 35/40
Learner 0..1..2..3..4..5..6..7..8..9..10..11..12..13..14..15..16..17..18..19..Finish
Avg Loss: 0.5536122612405296, Acc: 0.8268789808917199
Round 36/40
Learner 0..1..2..3..4..5..6..7..8..9..10..11..12..13..14..15..16..17..18..19..Finish
Avg Loss: 0.5779984696594074, Acc: 0.82028025477707
Round 37/40
Learner 0..1..2..3..4..5..6..7..8..9..10..11..12..13..14..15..16..17..18..19..Finish
Avg Loss: 0.5653939447327843, Acc: 0.8242038216560509
Round 38/40
Learner 0..1..2..3..4..5..6..7..8..9..10..11..12..13..14..15..16..17..18..19..Finish
Avg Loss: 0.5535490751205906, Acc: 0.8277070063694267
Round 39/40
Learner 0..1..2..3..4..5..6..7..8..9..10..11..12..13..14..15..16..17..18..19..Finish
Avg Loss: 0.5583619178901238, Acc: 0.8270063694267517
Round 40/40
Learner 0..1..2..3..4..5..6..7..8..9..10..11..12..13..14..15..16..17..18..19..Finish
Avg Loss: 0.5621637921772777, Acc: 0.8264458598726115
Round 1/40
Learner 0..1..2..3..4..5..6..7..8..9..10..11..12..13..14..15..16..17..18..19..Finish
Avg Loss: 0.5560935903280005, Acc: 0.826968152866242
Round 2/40
Learner 0..1..2..3..4..5..6..7..8..9..10..11..12..13..14..15..16..17..18..19..Finish
Avg Loss: 0.5513391594735648, Acc: 0.8301783439490447
Round 3/40
Learner 0..1..2..3..4..5..6..7..8..9..10..11..12..13..14..15..16..17..18..19..Finish
Avg Loss: 0.5468027884852353, Acc: 0.8309808917197452
Round 4/40
Learner 0..1..2..3..4..5..6..7..8..9..10..11..12..13..14..15..16..17..18..19..Finish
Avg Loss: 0.533653165898248, Acc: 0.8330700636942676
Round 5/40
Learner 0..1..2..3..4..5..6..7..8..9..10..11..12..13..14..15..16..17..18..19..Finish
Avg Loss: 0.5606925642744418, Acc: 0.8291719745222931
Round 6/40
Learner 0..1..2..3..4..5..6..7..8..9..10..11..12..13..14..15..16..17..18..19..Finish
Avg Loss: 0.537221730409599, Acc: 0.8333375796178345
Round 7/40
Learner 0..1..2..3..4..5..6..7..8..9..10..11..12..13..14..15..16..17..18..19..Finish
Avg Loss: 0.5392322062840307, Acc: 0.8324458598726115
Round 8/40
Learner 0..1..2..3..4..5..6..7..8..9..10..11..12..13..14..15..16..17..18..19..Finish
Avg Loss: 0.5433382757534312, Acc: 0.8321401273885349
Round 9/40
Learner 0..1..2..3..4..5..6..7..8..9..10..11..12..13..14..15..16..17..18..19..Finish
Avg Loss: 0.5476078229467953, Acc: 0.8324968152866242
Round 10/40
Learner 0..1..2..3..4..5..6..7..8..9..10..11..12..13..14..15..16..17..18..19..Finish
Avg Loss: 0.5435059416986154, Acc: 0.8339745222929936
Round 11/40
Learner 0..1..2..3..4..5..6..7..8..9..10..11..12..13..14..15..16..17..18..19..Finish
Avg Loss: 0.5340711433103505, Acc: 0.8349044585987262
Round 12/40
Learner 0..1..2..3..4..5..6..7..8..9..10..11..12..13..14..15..16..17..18..19..Finish
Avg Loss: 0.528602664317648, Acc: 0.8360127388535032
Round 13/40
Learner 0..1..2..3..4..5..6..7..8..9..10..11..12..13..14..15..16..17..18..19..Finish
Avg Loss: 0.5250477078613045, Acc: 0.8366242038216563
Round 14/40
Learner 0..1..2..3..4..5..6..7..8..9..10..11..12..13..14..15..16..17..18..19..Finish
Avg Loss: 0.5263643616348566, Acc: 0.8381273885350318
Round 15/40
Learner 0..1..2..3..4..5..6..7..8..9..10..11..12..13..14..15..16..17..18..19..Finish
Avg Loss: 0.549404971999101, Acc: 0.8328152866242038
Round 16/40
Learner 0..1..2..3..4..5..6..7..8..9..10..11..12..13..14..15..16..17..18..19..Finish
Avg Loss: 0.5356162876905344, Acc: 0.83543949044586
Round 17/40
Learner 0..1..2..3..4..5..6..7..8..9..10..11..12..13..14..15..16..17..18..19..Finish
Avg Loss: 0.529823557000486, Acc: 0.8365222929936305
Round 18/40
Learner 0..1..2..3..4..5..6..7..8..9..10..11..12..13..14..15..16..17..18..19..Finish
Avg Loss: 0.5270168987871335, Acc: 0.8381019108280254
Round 19/40
Learner 0..1..2..3..4..5..6..7..8..9..10..11..12..13..14..15..16..17..18..19..Finish
Avg Loss: 0.5264318963221266, Acc: 0.8391974522292994
Round 20/40
Learner 0..1..2..3..4..5..6..7..8..9..10..11..12..13..14..15..16..17..18..19..Finish
Avg Loss: 0.5250334645931921, Acc: 0.8381146496815285
Round 21/40
Learner 0..1..2..3..4..5..6..7..8..9..10..11..12..13..14..15..16..17..18..19..Finish
Avg Loss: 0.5258415298106724, Acc: 0.8392738853503185
Round 22/40
Learner 0..1..2..3..4..5..6..7..8..9..10..11..12..13..14..15..16..17..18..19..Finish
Avg Loss: 0.5259440435469529, Acc: 0.8391847133757961
Round 23/40
Learner 0..1..2..3..4..5..6..7..8..9..10..11..12..13..14..15..16..17..18..19..Finish
Avg Loss: 0.5162276599991583, Acc: 0.8409554140127389
Round 24/40
Learner 0..1..2..3..4..5..6..7..8..9..10..11..12..13..14..15..16..17..18..19..Finish
Avg Loss: 0.5234632891981401, Acc: 0.8415031847133758
Round 25/40
Learner 0..1..2..3..4..5..6..7..8..9..10..11..12..13..14..15..16..17..18..19..Finish
Avg Loss: 0.5135671796858295, Acc: 0.8436942675159236
Round 26/40
Learner 0..1..2..3..4..5..6..7..8..9..10..11..12..13..14..15..16..17..18..19..Finish
Avg Loss: 0.516818337504964, Acc: 0.8430191082802547
Round 27/40
Learner 0..1..2..3..4..5..6..7..8..9..10..11..12..13..14..15..16..17..18..19..Finish
Avg Loss: 0.520851954939298, Acc: 0.8435541401273886
Round 28/40
Learner 0..1..2..3..4..5..6..7..8..9..10..11..12..13..14..15..16..17..18..19..Finish
Avg Loss: 0.5225391981191932, Acc: 0.8422420382165605
Round 29/40
Learner 0..1..2..3..4..5..6..7..8..9..10..11..12..13..14..15..16..17..18..19..Finish
Avg Loss: 0.5116396683302321, Acc: 0.845095541401274
Round 30/40
Learner 0..1..2..3..4..5..6..7..8..9..10..11..12..13..14..15..16..17..18..19..Finish
Avg Loss: 0.5184215116616512, Acc: 0.8442929936305731
Round 31/40
Learner 0..1..2..3..4..5..6..7..8..9..10..11..12..13..14..15..16..17..18..19..Finish
Avg Loss: 0.507996939510444, Acc: 0.8453503184713375
Round 32/40
Learner 0..1..2..3..4..5..6..7..8..9..10..11..12..13..14..15..16..17..18..19..Finish
Avg Loss: 0.5118636570028521, Acc: 0.8459363057324841
Round 33/40
Learner 0..1..2..3..4..5..6..7..8..9..10..11..12..13..14..15..16..17..18..19..Finish
Avg Loss: 0.5139875035573979, Acc: 0.8441656050955416
Round 34/40
Learner 0..1..2..3..4..5..6..7..8..9..10..11..12..13..14..15..16..17..18..19..Finish
Avg Loss: 0.5070996630198618, Acc: 0.8455796178343948
Round 35/40
Learner 0..1..2..3..4..5..6..7..8..9..10..11..12..13..14..15..16..17..18..19..Finish
Avg Loss: 0.5054005757360378, Acc: 0.8463184713375795
Round 36/40
Learner 0..1..2..3..4..5..6..7..8..9..10..11..12..13..14..15..16..17..18..19..Finish
Avg Loss: 0.5065392581795198, Acc: 0.8459363057324841
Round 37/40
Learner 0..1..2..3..4..5..6..7..8..9..10..11..12..13..14..15..16..17..18..19..Finish
Avg Loss: 0.5183113465661078, Acc: 0.8428789808917199
Round 38/40
Learner 0..1..2..3..4..5..6..7..8..9..10..11..12..13..14..15..16..17..18..19..Finish
Avg Loss: 0.5217295012116903, Acc: 0.843936305732484
Round 39/40
Learner 0..1..2..3..4..5..6..7..8..9..10..11..12..13..14..15..16..17..18..19..Finish
Avg Loss: 0.5025893774247024, Acc: 0.8488535031847135
Round 40/40
Learner 0..1..2..3..4..5..6..7..8..9..10..11..12..13..14..15..16..17..18..19..Finish
Avg Loss: 0.5074693180916442, Acc: 0.8492229299363057
Round 1/40
Learner 0..1..2..3..4..5..6..7..8..9..10..11..12..13..14..15..16..17..18..19..Finish
Avg Loss: 0.516330569956217, Acc: 0.8463057324840765
Round 2/40
Learner 0..1..2..3..4..5..6..7..8..9..10..11..12..13..14..15..16..17..18..19..Finish
Avg Loss: 0.49323264983259285, Acc: 0.8522675159235668
Round 3/40
Learner 0..1..2..3..4..5..6..7..8..9..10..11..12..13..14..15..16..17..18..19..Finish
Avg Loss: 0.49184340238627955, Acc: 0.8511337579617836
Round 4/40
Learner 0..1..2..3..4..5..6..7..8..9..10..11..12..13..14..15..16..17..18..19..Finish
Avg Loss: 0.5063681738708562, Acc: 0.8473885350318471
Round 5/40
Learner 0..1..2..3..4..5..6..7..8..9..10..11..12..13..14..15..16..17..18..19..Finish
Avg Loss: 0.49616872007292284, Acc: 0.8494522292993631
Round 6/40
Learner 0..1..2..3..4..5..6..7..8..9..10..11..12..13..14..15..16..17..18..19..Finish
Avg Loss: 0.48590147517530663, Acc: 0.851847133757962
Round 7/40
Learner 0..1..2..3..4..5..6..7..8..9..10..11..12..13..14..15..16..17..18..19..Finish
Avg Loss: 0.4873789081096317, Acc: 0.8525859872611463
Round 8/40
Learner 0..1..2..3..4..5..6..7..8..9..10..11..12..13..14..15..16..17..18..19..Finish
Avg Loss: 0.4910407245151577, Acc: 0.8524585987261147
Round 9/40
Learner 0..1..2..3..4..5..6..7..8..9..10..11..12..13..14..15..16..17..18..19..Finish
Avg Loss: 0.5076794340038612, Acc: 0.849171974522293
Round 10/40
Learner 0..1..2..3..4..5..6..7..8..9..10..11..12..13..14..15..16..17..18..19..Finish
Avg Loss: 0.4991379138786437, Acc: 0.8510700636942676
Round 11/40
Learner 0..1..2..3..4..5..6..7..8..9..10..11..12..13..14..15..16..17..18..19..Finish
Avg Loss: 0.48987358076709925, Acc: 0.8535031847133757
Round 12/40
Learner 0..1..2..3..4..5..6..7..8..9..10..11..12..13..14..15..16..17..18..19..Finish
Avg Loss: 0.5124390459967761, Acc: 0.8492738853503183
Round 13/40
Learner 0..1..2..3..4..5..6..7..8..9..10..11..12..13..14..15..16..17..18..19..Finish
Avg Loss: 0.49190557024468157, Acc: 0.8538343949044587
Round 14/40
Learner 0..1..2..3..4..5..6..7..8..9..10..11..12..13..14..15..16..17..18..19..Finish
Avg Loss: 0.4869405327205795, Acc: 0.8523057324840764
Round 15/40
Learner 0..1..2..3..4..5..6..7..8..9..10..11..12..13..14..15..16..17..18..19..Finish
Avg Loss: 0.49883355952011854, Acc: 0.8509426751592356
Round 16/40
Learner 0..1..2..3..4..5..6..7..8..9..10..11..12..13..14..15..16..17..18..19..Finish
Avg Loss: 0.4964307681733091, Acc: 0.8525095541401274
Round 17/40
Learner 0..1..2..3..4..5..6..7..8..9..10..11..12..13..14..15..16..17..18..19..Finish
Avg Loss: 0.5002728635182119, Acc: 0.8519108280254777
Round 18/40
Learner 0..1..2..3..4..5..6..7..8..9..10..11..12..13..14..15..16..17..18..19..Finish
Avg Loss: 0.4856759271022251, Acc: 0.8524968152866241
Round 19/40
Learner 0..1..2..3..4..5..6..7..8..9..10..11..12..13..14..15..16..17..18..19..Finish
Avg Loss: 0.4839908103893011, Acc: 0.8562802547770701
Round 20/40
Learner 0..1..2..3..4..5..6..7..8..9..10..11..12..13..14..15..16..17..18..19..Finish
Avg Loss: 0.49511674107222736, Acc: 0.8528789808917198
Round 21/40
Learner 0..1..2..3..4..5..6..7..8..9..10..11..12..13..14..15..16..17..18..19..Finish
Avg Loss: 0.483061437419998, Acc: 0.8559490445859872
Round 22/40
Learner 0..1..2..3..4..5..6..7..8..9..10..11..12..13..14..15..16..17..18..19..Finish
Avg Loss: 0.48515305600481157, Acc: 0.8554522292993632
Round 23/40
Learner 0..1..2..3..4..5..6..7..8..9..10..11..12..13..14..15..16..17..18..19..Finish
Avg Loss: 0.48128609261115846, Acc: 0.8563439490445861
Round 24/40
Learner 0..1..2..3..4..5..6..7..8..9..10..11..12..13..14..15..16..17..18..19..Finish
Avg Loss: 0.4863372811987027, Acc: 0.8555414012738854
Round 25/40
Learner 0..1..2..3..4..5..6..7..8..9..10..11..12..13..14..15..16..17..18..19..Finish
Avg Loss: 0.48368986411175374, Acc: 0.8562675159235671
Round 26/40
Learner 0..1..2..3..4..5..6..7..8..9..10..11..12..13..14..15..16..17..18..19..Finish
Avg Loss: 0.4943669056968491, Acc: 0.8545987261146498
Round 27/40
Learner 0..1..2..3..4..5..6..7..8..9..10..11..12..13..14..15..16..17..18..19..Finish
Avg Loss: 0.48987880434738684, Acc: 0.8553248407643312
Round 28/40
Learner 0..1..2..3..4..5..6..7..8..9..10..11..12..13..14..15..16..17..18..19..Finish
Avg Loss: 0.48719536155240795, Acc: 0.8556815286624204
Round 29/40
Learner 0..1..2..3..4..5..6..7..8..9..10..11..12..13..14..15..16..17..18..19..Finish
Avg Loss: 0.4833742846036329, Acc: 0.8574649681528662
Round 30/40
Learner 0..1..2..3..4..5..6..7..8..9..10..11..12..13..14..15..16..17..18..19..Finish
Avg Loss: 0.4932631376755946, Acc: 0.8547515923566879
Round 31/40
Learner 0..1..2..3..4..5..6..7..8..9..10..11..12..13..14..15..16..17..18..19..Finish
Avg Loss: 0.48468338767808633, Acc: 0.8577324840764332
Round 32/40
Learner 0..1..2..3..4..5..6..7..8..9..10..11..12..13..14..15..16..17..18..19..Finish
Avg Loss: 0.47752634592891885, Acc: 0.858343949044586
Round 33/40
Learner 0..1..2..3..4..5..6..7..8..9..10..11..12..13..14..15..16..17..18..19..Finish
Avg Loss: 0.48602029345778186, Acc: 0.856828025477707
Round 34/40
Learner 0..1..2..3..4..5..6..7..8..9..10..11..12..13..14..15..16..17..18..19..Finish
Avg Loss: 0.47613344841704863, Acc: 0.8565732484076433
Round 35/40
Learner 0..1..2..3..4..5..6..7..8..9..10..11..12..13..14..15..16..17..18..19..Finish
Avg Loss: 0.4938154500275017, Acc: 0.8552101910828025
Round 36/40
Learner 0..1..2..3..4..5..6..7..8..9..10..11..12..13..14..15..16..17..18..19..Finish
Avg Loss: 0.48878707319282266, Acc: 0.8575796178343952
Round 37/40
Learner 0..1..2..3..4..5..6..7..8..9..10..11..12..13..14..15..16..17..18..19..Finish
Avg Loss: 0.49201731711026947, Acc: 0.8581146496815286
Round 38/40
Learner 0..1..2..3..4..5..6..7..8..9..10..11..12..13..14..15..16..17..18..19..Finish
Avg Loss: 0.47967017412988266, Acc: 0.8591337579617834
Round 39/40
Learner 0..1..2..3..4..5..6..7..8..9..10..11..12..13..14..15..16..17..18..19..Finish
Avg Loss: 0.47908978397291674, Acc: 0.8579872611464967
Round 40/40
Learner 0..1..2..3..4..5..6..7..8..9..10..11..12..13..14..15..16..17..18..19..Finish
Avg Loss: 0.4759315405925924, Acc: 0.8588280254777068
Round 1/40
Learner 0..1..2..3..4..5..6..7..8..9..10..11..12..13..14..15..16..17..18..19..Finish
Avg Loss: 0.469943380789695, Acc: 0.8621910828025477
Round 2/40
Learner 0..1..2..3..4..5..6..7..8..9..10..11..12..13..14..15..16..17..18..19..Finish
Avg Loss: 0.4836102542830859, Acc: 0.8563566878980892
Round 3/40
Learner 0..1..2..3..4..5..6..7..8..9..10..11..12..13..14..15..16..17..18..19..Finish
Avg Loss: 0.4913339856608839, Acc: 0.8568535031847135
Round 4/40
Learner 0..1..2..3..4..5..6..7..8..9..10..11..12..13..14..15..16..17..18..19..Finish
Avg Loss: 0.4837654800089909, Acc: 0.8608025477707008
Round 5/40
Learner 0..1..2..3..4..5..6..7..8..9..10..11..12..13..14..15..16..17..18..19..Finish
Avg Loss: 0.4704285290940263, Acc: 0.8619490445859874
Round 6/40
Learner 0..1..2..3..4..5..6..7..8..9..10..11..12..13..14..15..16..17..18..19..Finish
Avg Loss: 0.4797662597257507, Acc: 0.8570700636942676
Round 7/40
Learner 0..1..2..3..4..5..6..7..8..9..10..11..12..13..14..15..16..17..18..19..Finish
Avg Loss: 0.4875860897623518, Acc: 0.8578980891719746
Round 8/40
Learner 0..1..2..3..4..5..6..7..8..9..10..11..12..13..14..15..16..17..18..19..Finish
Avg Loss: 0.484370431555312, Acc: 0.8596305732484076
Round 9/40
Learner 0..1..2..3..4..5..6..7..8..9..10..11..12..13..14..15..16..17..18..19..Finish
Avg Loss: 0.46309433030854247, Acc: 0.8619108280254778
Round 10/40
Learner 0..1..2..3..4..5..6..7..8..9..10..11..12..13..14..15..16..17..18..19..Finish
Avg Loss: 0.4819327367028616, Acc: 0.858547770700637
Round 11/40
Learner 0..1..2..3..4..5..6..7..8..9..10..11..12..13..14..15..16..17..18..19..Finish
Avg Loss: 0.4725681540272313, Acc: 0.8618726114649682
Round 12/40
Learner 0..1..2..3..4..5..6..7..8..9..10..11..12..13..14..15..16..17..18..19..Finish
Avg Loss: 0.4738759130377198, Acc: 0.8614012738853504
Round 13/40
Learner 0..1..2..3..4..5..6..7..8..9..10..11..12..13..14..15..16..17..18..19..Finish
Avg Loss: 0.4723870074107667, Acc: 0.8624585987261147
Round 14/40
Learner 0..1..2..3..4..5..6..7..8..9..10..11..12..13..14..15..16..17..18..19..Finish
Avg Loss: 0.47265346832677524, Acc: 0.8615541401273885
Round 15/40
Learner 0..1..2..3..4..5..6..7..8..9..10..11..12..13..14..15..16..17..18..19..Finish
Avg Loss: 0.4635682037766508, Acc: 0.8638089171974525
Round 16/40
Learner 0..1..2..3..4..5..6..7..8..9..10..11..12..13..14..15..16..17..18..19..Finish
Avg Loss: 0.4719526881794067, Acc: 0.8628789808917198
Round 17/40
Learner 0..1..2..3..4..5..6..7..8..9..10..11..12..13..14..15..16..17..18..19..Finish
Avg Loss: 0.4772243499308181, Acc: 0.8605987261146497
Round 18/40
Learner 0..1..2..3..4..5..6..7..8..9..10..11..12..13..14..15..16..17..18..19..Finish
Avg Loss: 0.46966559242161854, Acc: 0.8628789808917198
Round 19/40
Learner 0..1..2..3..4..5..6..7..8..9..10..11..12..13..14..15..16..17..18..19..Finish
Avg Loss: 0.4675831167444273, Acc: 0.8634649681528662
Round 20/40
Learner 0..1..2..3..4..5..6..7..8..9..10..11..12..13..14..15..16..17..18..19..Finish
Avg Loss: 0.4687285173231947, Acc: 0.8644076433121018
Round 21/40
Learner 0..1..2..3..4..5..6..7..8..9..10..11..12..13..14..15..16..17..18..19..Finish
Avg Loss: 0.46620459744869536, Acc: 0.8626751592356688
Round 22/40
Learner 0..1..2..3..4..5..6..7..8..9..10..11..12..13..14..15..16..17..18..19..Finish
Avg Loss: 0.4703785319485118, Acc: 0.8623184713375796
Round 23/40
Learner 0..1..2..3..4..5..6..7..8..9..10..11..12..13..14..15..16..17..18..19..Finish
Avg Loss: 0.469100702207297, Acc: 0.8642165605095542
Round 24/40
Learner 0..1..2..3..4..5..6..7..8..9..10..11..12..13..14..15..16..17..18..19..Finish
Avg Loss: 0.4777545908618362, Acc: 0.8620636942675161
Round 25/40
Learner 0..1..2..3..4..5..6..7..8..9..10..11..12..13..14..15..16..17..18..19..Finish
Avg Loss: 0.4679072725783457, Acc: 0.8642420382165605
Round 26/40
Learner 0..1..2..3..4..5..6..7..8..9..10..11..12..13..14..15..16..17..18..19..Finish
Avg Loss: 0.47356477562807564, Acc: 0.8628025477707008
Round 27/40
Learner 0..1..2..3..4..5..6..7..8..9..10..11..12..13..14..15..16..17..18..19..Finish
Avg Loss: 0.46823486469532705, Acc: 0.8659490445859873
Round 28/40
Learner 0..1..2..3..4..5..6..7..8..9..10..11..12..13..14..15..16..17..18..19..Finish
Avg Loss: 0.46675212866119375, Acc: 0.8649171974522293
Round 29/40
Learner 0..1..2..3..4..5..6..7..8..9..10..11..12..13..14..15..16..17..18..19..Finish
Avg Loss: 0.4663494867907755, Acc: 0.8652229299363057
Round 30/40
Learner 0..1..2..3..4..5..6..7..8..9..10..11..12..13..14..15..16..17..18..19..Finish
Avg Loss: 0.4726369559351256, Acc: 0.8637834394904459
Round 31/40
Learner 0..1..2..3..4..5..6..7..8..9..10..11..12..13..14..15..16..17..18..19..Finish
Avg Loss: 0.4723160464252246, Acc: 0.8636178343949045
Round 32/40
Learner 0..1..2..3..4..5..6..7..8..9..10..11..12..13..14..15..16..17..18..19..Finish
Avg Loss: 0.4570257610255262, Acc: 0.8664458598726114
Round 33/40
Learner 0..1..2..3..4..5..6..7..8..9..10..11..12..13..14..15..16..17..18..19..Finish
Avg Loss: 0.4698729737478164, Acc: 0.865668789808917
Round 34/40
Learner 0..1..2..3..4..5..6..7..8..9..10..11..12..13..14..15..16..17..18..19..Finish
Avg Loss: 0.4634733261442099, Acc: 0.8668662420382166
Round 35/40
Learner 0..1..2..3..4..5..6..7..8..9..10..11..12..13..14..15..16..17..18..19..Finish
Avg Loss: 0.4704066960140117, Acc: 0.8656050955414013
Round 36/40
Learner 0..1..2..3..4..5..6..7..8..9..10..11..12..13..14..15..16..17..18..19..Finish
Avg Loss: 0.4720274961775933, Acc: 0.8657452229299363
Round 37/40
Learner 0..1..2..3..4..5..6..7..8..9..10..11..12..13..14..15..16..17..18..19..Finish
Avg Loss: 0.46140441051570746, Acc: 0.8657452229299363
Round 38/40
Learner 0..1..2..3..4..5..6..7..8..9..10..11..12..13..14..15..16..17..18..19..Finish
Avg Loss: 0.46319409835973857, Acc: 0.8661528662420382
Round 39/40
Learner 0..1..2..3..4..5..6..7..8..9..10..11..12..13..14..15..16..17..18..19..Finish
Avg Loss: 0.46708653153315927, Acc: 0.8654140127388535
Round 40/40
Learner 0..1..2..3..4..5..6..7..8..9..10..11..12..13..14..15..16..17..18..19..Finish
Avg Loss: 0.46457595354981523, Acc: 0.8661910828025479
