ID Reset
ID Generated: 17
Round 1/40
Learner 0..1..2..3..4..5..6..7..8..9..10..11..12..13..14..15..16..17..18..19..Finish
Avg Loss: 2.306013129914033, Acc: 0.10063694267515924
Round 2/40
Learner 0..1..2..3..4..5..6..7..8..9..10..11..12..13..14..15..16..17..18..19..Finish
Avg Loss: 2.3200139833551976, Acc: 0.10992215145081388
Round 3/40
Learner 0..1..2..3..4..5..6..7..8..9..10..11..12..13..14..15..16..17..18..19..Finish
Avg Loss: 2.229249903880053, Acc: 0.15271054493984434
Round 4/40
Learner 0..1..2..3..4..5..6..7..8..9..10..11..12..13..14..15..16..17..18..19..Finish
Avg Loss: 2.0370368913367947, Acc: 0.2670912951167728
Round 5/40
Learner 0..1..2..3..4..5..6..7..8..9..10..11..12..13..14..15..16..17..18..19..Finish
Avg Loss: 1.7961532233153363, Acc: 0.3753998584571833
Round 6/40
Learner 0..1..2..3..4..5..6..7..8..9..10..11..12..13..14..15..16..17..18..19..Finish
Avg Loss: 1.7009402288573223, Acc: 0.40740268931351725
Round 7/40
Learner 0..1..2..3..4..5..6..7..8..9..10..11..12..13..14..15..16..17..18..19..Finish
Avg Loss: 1.634145798695012, Acc: 0.4353715498938429
Round 8/40
Learner 0..1..2..3..4..5..6..7..8..9..10..11..12..13..14..15..16..17..18..19..Finish
Avg Loss: 1.557821743089332, Acc: 0.47084217975937726
Round 9/40
Learner 0..1..2..3..4..5..6..7..8..9..10..11..12..13..14..15..16..17..18..19..Finish
Avg Loss: 1.4782754572910992, Acc: 0.5029157820240623
Round 10/40
Learner 0..1..2..3..4..5..6..7..8..9..10..11..12..13..14..15..16..17..18..19..Finish
Avg Loss: 1.4095117561485493, Acc: 0.5300353857041755
Round 11/40
Learner 0..1..2..3..4..5..6..7..8..9..10..11..12..13..14..15..16..17..18..19..Finish
Avg Loss: 1.3243569143607796, Acc: 0.5611181882519461
Round 12/40
Learner 0..1..2..3..4..5..6..7..8..9..10..11..12..13..14..15..16..17..18..19..Finish
Avg Loss: 1.3006373458788432, Acc: 0.5703467799009201
Round 13/40
Learner 0..1..2..3..4..5..6..7..8..9..10..11..12..13..14..15..16..17..18..19..Finish
Avg Loss: 1.2216785593730648, Acc: 0.597381457891012
Round 14/40
Learner 0..1..2..3..4..5..6..7..8..9..10..11..12..13..14..15..16..17..18..19..Finish
Avg Loss: 1.1808890851236402, Acc: 0.6108563340410473
Round 15/40
Learner 0..1..2..3..4..5..6..7..8..9..10..11..12..13..14..15..16..17..18..19..Finish
Avg Loss: 1.1928252500651007, Acc: 0.6121019108280255
Round 16/40
Learner 0..1..2..3..4..5..6..7..8..9..10..11..12..13..14..15..16..17..18..19..Finish
Avg Loss: 1.113285822354681, Acc: 0.6361217268223638
Round 17/40
Learner 0..1..2..3..4..5..6..7..8..9..10..11..12..13..14..15..16..17..18..19..Finish
Avg Loss: 1.1053474627859226, Acc: 0.637791932059448
Round 18/40
Learner 0..1..2..3..4..5..6..7..8..9..10..11..12..13..14..15..16..17..18..19..Finish
Avg Loss: 1.035420836364243, Acc: 0.6636942675159236
Round 19/40
Learner 0..1..2..3..4..5..6..7..8..9..10..11..12..13..14..15..16..17..18..19..Finish
Avg Loss: 1.0221791168053944, Acc: 0.6682236376503893
Round 20/40
Learner 0..1..2..3..4..5..6..7..8..9..10..11..12..13..14..15..16..17..18..19..Finish
Avg Loss: 0.9931153215555424, Acc: 0.6786270346779901
Round 21/40
Learner 0..1..2..3..4..5..6..7..8..9..10..11..12..13..14..15..16..17..18..19..Finish
Avg Loss: 0.9620890999524144, Acc: 0.6882519462137296
Round 22/40
Learner 0..1..2..3..4..5..6..7..8..9..10..11..12..13..14..15..16..17..18..19..Finish
Avg Loss: 0.9537127266327542, Acc: 0.6909554140127389
Round 23/40
Learner 0..1..2..3..4..5..6..7..8..9..10..11..12..13..14..15..16..17..18..19..Finish
Avg Loss: 0.9144574385590669, Acc: 0.7044444444444444
Round 24/40
Learner 0..1..2..3..4..5..6..7..8..9..10..11..12..13..14..15..16..17..18..19..Finish
Avg Loss: 0.9173152314157451, Acc: 0.7048549186128804
Round 25/40
Learner 0..1..2..3..4..5..6..7..8..9..10..11..12..13..14..15..16..17..18..19..Finish
Avg Loss: 0.8866632503862034, Acc: 0.7161217268223639
Round 26/40
Learner 0..1..2..3..4..5..6..7..8..9..10..11..12..13..14..15..16..17..18..19..Finish
Avg Loss: 0.8730457051578899, Acc: 0.7179051663128097
Round 27/40
Learner 0..1..2..3..4..5..6..7..8..9..10..11..12..13..14..15..16..17..18..19..Finish
Avg Loss: 0.8461810493473276, Acc: 0.7265109695682943
Round 28/40
Learner 0..1..2..3..4..5..6..7..8..9..10..11..12..13..14..15..16..17..18..19..Finish
Avg Loss: 0.8526233890394208, Acc: 0.7266100495399859
Round 29/40
Learner 0..1..2..3..4..5..6..7..8..9..10..11..12..13..14..15..16..17..18..19..Finish
Avg Loss: 0.8279332195719084, Acc: 0.7372823779193206
Round 30/40
Learner 0..1..2..3..4..5..6..7..8..9..10..11..12..13..14..15..16..17..18..19..Finish
Avg Loss: 0.8232368349308836, Acc: 0.7342392073602265
Round 31/40
Learner 0..1..2..3..4..5..6..7..8..9..10..11..12..13..14..15..16..17..18..19..Finish
Avg Loss: 0.8029343900022574, Acc: 0.7420240622788393
Round 32/40
Learner 0..1..2..3..4..5..6..7..8..9..10..11..12..13..14..15..16..17..18..19..Finish
Avg Loss: 0.8073119327304809, Acc: 0.7422222222222222
Round 33/40
Learner 0..1..2..3..4..5..6..7..8..9..10..11..12..13..14..15..16..17..18..19..Finish
Avg Loss: 0.80107550299453, Acc: 0.7443029016277424
Round 34/40
Learner 0..1..2..3..4..5..6..7..8..9..10..11..12..13..14..15..16..17..18..19..Finish
Avg Loss: 0.7663357822761249, Acc: 0.7533757961783439
Round 35/40
Learner 0..1..2..3..4..5..6..7..8..9..10..11..12..13..14..15..16..17..18..19..Finish
Avg Loss: 0.7673027085841996, Acc: 0.7548761500353858
Round 36/40
Learner 0..1..2..3..4..5..6..7..8..9..10..11..12..13..14..15..16..17..18..19..Finish
Avg Loss: 0.7609295778467833, Acc: 0.7555980184005662
Round 37/40
Learner 0..1..2..3..4..5..6..7..8..9..10..11..12..13..14..15..16..17..18..19..Finish
Avg Loss: 0.7560173924457091, Acc: 0.7570700636942677
Round 38/40
Learner 0..1..2..3..4..5..6..7..8..9..10..11..12..13..14..15..16..17..18..19..Finish
Avg Loss: 0.7416304108680856, Acc: 0.7629440905874028
Round 39/40
Learner 0..1..2..3..4..5..6..7..8..9..10..11..12..13..14..15..16..17..18..19..Finish
Avg Loss: 0.7522265172791487, Acc: 0.7614154281670206
Round 40/40
Learner 0..1..2..3..4..5..6..7..8..9..10..11..12..13..14..15..16..17..18..19..Finish
Avg Loss: 0.7338605668335183, Acc: 0.7674309978768578
Round 1/40
Learner 0..1..2..3..4..5..6..7..8..9..10..11..12..13..14..15..16..17..18..19..Finish
Avg Loss: 0.7214206183579933, Acc: 0.770063694267516
Round 2/40
Learner 0..1..2..3..4..5..6..7..8..9..10..11..12..13..14..15..16..17..18..19..Finish
Avg Loss: 0.71915706717548, Acc: 0.77171974522293
Round 3/40
Learner 0..1..2..3..4..5..6..7..8..9..10..11..12..13..14..15..16..17..18..19..Finish
Avg Loss: 0.7180678708177621, Acc: 0.7694550601556971
Round 4/40
Learner 0..1..2..3..4..5..6..7..8..9..10..11..12..13..14..15..16..17..18..19..Finish
Avg Loss: 0.7104518198355184, Acc: 0.7738004246284501
Round 5/40
Learner 0..1..2..3..4..5..6..7..8..9..10..11..12..13..14..15..16..17..18..19..Finish
Avg Loss: 0.7005874815513905, Acc: 0.7786553432413306
Round 6/40
Learner 0..1..2..3..4..5..6..7..8..9..10..11..12..13..14..15..16..17..18..19..Finish
Avg Loss: 0.6926814826287822, Acc: 0.7813446567586695
Round 7/40
Learner 0..1..2..3..4..5..6..7..8..9..10..11..12..13..14..15..16..17..18..19..Finish
Avg Loss: 0.6877856909565783, Acc: 0.7825619249823071
Round 8/40
Learner 0..1..2..3..4..5..6..7..8..9..10..11..12..13..14..15..16..17..18..19..Finish
Avg Loss: 0.6873658660398805, Acc: 0.7819108280254777
Round 9/40
Learner 0..1..2..3..4..5..6..7..8..9..10..11..12..13..14..15..16..17..18..19..Finish
Avg Loss: 0.6617129684443559, Acc: 0.7913375796178345
Round 10/40
Learner 0..1..2..3..4..5..6..7..8..9..10..11..12..13..14..15..16..17..18..19..Finish
Avg Loss: 0.6779927234682772, Acc: 0.7872611464968153
Round 11/40
Learner 0..1..2..3..4..5..6..7..8..9..10..11..12..13..14..15..16..17..18..19..Finish
Avg Loss: 0.6684613456375823, Acc: 0.7878131634819533
Round 12/40
Learner 0..1..2..3..4..5..6..7..8..9..10..11..12..13..14..15..16..17..18..19..Finish
Avg Loss: 0.6585345763238626, Acc: 0.7915640481245577
Round 13/40
Learner 0..1..2..3..4..5..6..7..8..9..10..11..12..13..14..15..16..17..18..19..Finish
Avg Loss: 0.6548470538277802, Acc: 0.7932342533616418
Round 14/40
Learner 0..1..2..3..4..5..6..7..8..9..10..11..12..13..14..15..16..17..18..19..Finish
Avg Loss: 0.6513884004774186, Acc: 0.7939702760084925
Round 15/40
Learner 0..1..2..3..4..5..6..7..8..9..10..11..12..13..14..15..16..17..18..19..Finish
Avg Loss: 0.6604489303347945, Acc: 0.7922434536447276
Round 16/40
Learner 0..1..2..3..4..5..6..7..8..9..10..11..12..13..14..15..16..17..18..19..Finish
Avg Loss: 0.6511956434814695, Acc: 0.7952724699221515
Round 17/40
Learner 0..1..2..3..4..5..6..7..8..9..10..11..12..13..14..15..16..17..18..19..Finish
Avg Loss: 0.6660307742896732, Acc: 0.793658881811748
Round 18/40
Learner 0..1..2..3..4..5..6..7..8..9..10..11..12..13..14..15..16..17..18..19..Finish
Avg Loss: 0.6296403241581885, Acc: 0.8015569709837226
Round 19/40
Learner 0..1..2..3..4..5..6..7..8..9..10..11..12..13..14..15..16..17..18..19..Finish
Avg Loss: 0.6323804270876564, Acc: 0.8008634111818825
Round 20/40
Learner 0..1..2..3..4..5..6..7..8..9..10..11..12..13..14..15..16..17..18..19..Finish
Avg Loss: 0.634429860412536, Acc: 0.7992781316348194
Round 21/40
Learner 0..1..2..3..4..5..6..7..8..9..10..11..12..13..14..15..16..17..18..19..Finish
Avg Loss: 0.6357568293072069, Acc: 0.8023920736022647
Round 22/40
Learner 0..1..2..3..4..5..6..7..8..9..10..11..12..13..14..15..16..17..18..19..Finish
Avg Loss: 0.6244600686617364, Acc: 0.8027459306440199
Round 23/40
Learner 0..1..2..3..4..5..6..7..8..9..10..11..12..13..14..15..16..17..18..19..Finish
Avg Loss: 0.6215968646475912, Acc: 0.8063835810332626
Round 24/40
Learner 0..1..2..3..4..5..6..7..8..9..10..11..12..13..14..15..16..17..18..19..Finish
Avg Loss: 0.6221080588028777, Acc: 0.8071196036801133
Round 25/40
Learner 0..1..2..3..4..5..6..7..8..9..10..11..12..13..14..15..16..17..18..19..Finish
Avg Loss: 0.6029660733637098, Acc: 0.8103750884642604
Round 26/40
Learner 0..1..2..3..4..5..6..7..8..9..10..11..12..13..14..15..16..17..18..19..Finish
Avg Loss: 0.602012216704944, Acc: 0.8105024769992922
Round 27/40
Learner 0..1..2..3..4..5..6..7..8..9..10..11..12..13..14..15..16..17..18..19..Finish
Avg Loss: 0.6149505645931844, Acc: 0.809299363057325
Round 28/40
Learner 0..1..2..3..4..5..6..7..8..9..10..11..12..13..14..15..16..17..18..19..Finish
Avg Loss: 0.6011139010323183, Acc: 0.8113658881811747
Round 29/40
Learner 0..1..2..3..4..5..6..7..8..9..10..11..12..13..14..15..16..17..18..19..Finish
Avg Loss: 0.6083358562473198, Acc: 0.8119037508846426
Round 30/40
Learner 0..1..2..3..4..5..6..7..8..9..10..11..12..13..14..15..16..17..18..19..Finish
Avg Loss: 0.5924257334698643, Acc: 0.8147062986553432
Round 31/40
Learner 0..1..2..3..4..5..6..7..8..9..10..11..12..13..14..15..16..17..18..19..Finish
Avg Loss: 0.595078688873737, Acc: 0.8168435951875442
Round 32/40
Learner 0..1..2..3..4..5..6..7..8..9..10..11..12..13..14..15..16..17..18..19..Finish
Avg Loss: 0.5966111820223956, Acc: 0.8145506015569709
Round 33/40
Learner 0..1..2..3..4..5..6..7..8..9..10..11..12..13..14..15..16..17..18..19..Finish
Avg Loss: 0.5981114932892014, Acc: 0.8137013446567587
Round 34/40
Learner 0..1..2..3..4..5..6..7..8..9..10..11..12..13..14..15..16..17..18..19..Finish
Avg Loss: 0.5964371551235409, Acc: 0.8114366595895259
Round 35/40
Learner 0..1..2..3..4..5..6..7..8..9..10..11..12..13..14..15..16..17..18..19..Finish
Avg Loss: 0.5823288704971122, Acc: 0.8197452229299362
Round 36/40
Learner 0..1..2..3..4..5..6..7..8..9..10..11..12..13..14..15..16..17..18..19..Finish
Avg Loss: 0.5982718877132576, Acc: 0.8166312809624912
Round 37/40
Learner 0..1..2..3..4..5..6..7..8..9..10..11..12..13..14..15..16..17..18..19..Finish
Avg Loss: 0.5732010560608264, Acc: 0.8214154281670205
Round 38/40
Learner 0..1..2..3..4..5..6..7..8..9..10..11..12..13..14..15..16..17..18..19..Finish
Avg Loss: 0.5744683492420597, Acc: 0.8212597310686482
Round 39/40
Learner 0..1..2..3..4..5..6..7..8..9..10..11..12..13..14..15..16..17..18..19..Finish
Avg Loss: 0.5825065729425348, Acc: 0.8219532908704884
Round 40/40
Learner 0..1..2..3..4..5..6..7..8..9..10..11..12..13..14..15..16..17..18..19..Finish
Avg Loss: 0.5762862427893761, Acc: 0.823312101910828
Round 1/40
Learner 0..1..2..3..4..5..6..7..8..9..10..11..12..13..14..15..16..17..18..19..Finish
Avg Loss: 0.5767736169227753, Acc: 0.8218259023354564
Round 2/40
Learner 0..1..2..3..4..5..6..7..8..9..10..11..12..13..14..15..16..17..18..19..Finish
Avg Loss: 0.5709503012950773, Acc: 0.8230997876857749
Round 3/40
Learner 0..1..2..3..4..5..6..7..8..9..10..11..12..13..14..15..16..17..18..19..Finish
Avg Loss: 0.5640417748024011, Acc: 0.8257183297947629
Round 4/40
Learner 0..1..2..3..4..5..6..7..8..9..10..11..12..13..14..15..16..17..18..19..Finish
Avg Loss: 0.5631975162717117, Acc: 0.8244302901627744
Round 5/40
Learner 0..1..2..3..4..5..6..7..8..9..10..11..12..13..14..15..16..17..18..19..Finish
Avg Loss: 0.5618630969525056, Acc: 0.8281811748053786
Round 6/40
Learner 0..1..2..3..4..5..6..7..8..9..10..11..12..13..14..15..16..17..18..19..Finish
Avg Loss: 0.5694210631957962, Acc: 0.8236801132342534
Round 7/40
Learner 0..1..2..3..4..5..6..7..8..9..10..11..12..13..14..15..16..17..18..19..Finish
Avg Loss: 0.5678283137032912, Acc: 0.8253644727530077
Round 8/40
Learner 0..1..2..3..4..5..6..7..8..9..10..11..12..13..14..15..16..17..18..19..Finish
Avg Loss: 0.5596192354052861, Acc: 0.8288605803255485
Round 9/40
Learner 0..1..2..3..4..5..6..7..8..9..10..11..12..13..14..15..16..17..18..19..Finish
Avg Loss: 0.5656491462747014, Acc: 0.8266949752300071
Round 10/40
Learner 0..1..2..3..4..5..6..7..8..9..10..11..12..13..14..15..16..17..18..19..Finish
Avg Loss: 0.5584673891521237, Acc: 0.8261288039631989
Round 11/40
Learner 0..1..2..3..4..5..6..7..8..9..10..11..12..13..14..15..16..17..18..19..Finish
Avg Loss: 0.5436990339058269, Acc: 0.8327813163481953
Round 12/40
Learner 0..1..2..3..4..5..6..7..8..9..10..11..12..13..14..15..16..17..18..19..Finish
Avg Loss: 0.5685265262374803, Acc: 0.8258881811748053
Round 13/40
Learner 0..1..2..3..4..5..6..7..8..9..10..11..12..13..14..15..16..17..18..19..Finish
Avg Loss: 0.5436302609649144, Acc: 0.8320311394196743
Round 14/40
Learner 0..1..2..3..4..5..6..7..8..9..10..11..12..13..14..15..16..17..18..19..Finish
Avg Loss: 0.5432398797735545, Acc: 0.8312951167728238
Round 15/40
Learner 0..1..2..3..4..5..6..7..8..9..10..11..12..13..14..15..16..17..18..19..Finish
Avg Loss: 0.5537548278497958, Acc: 0.8301910828025477
Round 16/40
Learner 0..1..2..3..4..5..6..7..8..9..10..11..12..13..14..15..16..17..18..19..Finish
Avg Loss: 0.5414813687215545, Acc: 0.8345081387119604
Round 17/40
Learner 0..1..2..3..4..5..6..7..8..9..10..11..12..13..14..15..16..17..18..19..Finish
Avg Loss: 0.5354971933311529, Acc: 0.8353432413305025
Round 18/40
Learner 0..1..2..3..4..5..6..7..8..9..10..11..12..13..14..15..16..17..18..19..Finish
Avg Loss: 0.5328429452553324, Acc: 0.8378343949044587
Round 19/40
Learner 0..1..2..3..4..5..6..7..8..9..10..11..12..13..14..15..16..17..18..19..Finish
Avg Loss: 0.5369249433077123, Acc: 0.8359094125973107
Round 20/40
Learner 0..1..2..3..4..5..6..7..8..9..10..11..12..13..14..15..16..17..18..19..Finish
Avg Loss: 0.5396531290545481, Acc: 0.8365038924274594
Round 21/40
Learner 0..1..2..3..4..5..6..7..8..9..10..11..12..13..14..15..16..17..18..19..Finish
Avg Loss: 0.5322206103593756, Acc: 0.8357112526539279
Round 22/40
Learner 0..1..2..3..4..5..6..7..8..9..10..11..12..13..14..15..16..17..18..19..Finish
Avg Loss: 0.5339388172028632, Acc: 0.8399575371549893
Round 23/40
Learner 0..1..2..3..4..5..6..7..8..9..10..11..12..13..14..15..16..17..18..19..Finish
Avg Loss: 0.5313991025273622, Acc: 0.8385562632696391
Round 24/40
Learner 0..1..2..3..4..5..6..7..8..9..10..11..12..13..14..15..16..17..18..19..Finish
Avg Loss: 0.5329865162431616, Acc: 0.8382165605095541
Round 25/40
Learner 0..1..2..3..4..5..6..7..8..9..10..11..12..13..14..15..16..17..18..19..Finish
Avg Loss: 0.5276182522633818, Acc: 0.8387261146496816
Round 26/40
Learner 0..1..2..3..4..5..6..7..8..9..10..11..12..13..14..15..16..17..18..19..Finish
Avg Loss: 0.5307100298822889, Acc: 0.8397593772116064
Round 27/40
Learner 0..1..2..3..4..5..6..7..8..9..10..11..12..13..14..15..16..17..18..19..Finish
Avg Loss: 0.5229373163886052, Acc: 0.8393347487615004
Round 28/40
Learner 0..1..2..3..4..5..6..7..8..9..10..11..12..13..14..15..16..17..18..19..Finish
Avg Loss: 0.5338238427304438, Acc: 0.8372965322009908
Round 29/40
Learner 0..1..2..3..4..5..6..7..8..9..10..11..12..13..14..15..16..17..18..19..Finish
Avg Loss: 0.5391583817770373, Acc: 0.8389242745930644
Round 30/40
Learner 0..1..2..3..4..5..6..7..8..9..10..11..12..13..14..15..16..17..18..19..Finish
Avg Loss: 0.5230391735190822, Acc: 0.841599433828733
Round 31/40
Learner 0..1..2..3..4..5..6..7..8..9..10..11..12..13..14..15..16..17..18..19..Finish
Avg Loss: 0.525167395487384, Acc: 0.8417692852087756
Round 32/40
Learner 0..1..2..3..4..5..6..7..8..9..10..11..12..13..14..15..16..17..18..19..Finish
Avg Loss: 0.5222633091081691, Acc: 0.8413871196036801
Round 33/40
Learner 0..1..2..3..4..5..6..7..8..9..10..11..12..13..14..15..16..17..18..19..Finish
Avg Loss: 0.5345186500407524, Acc: 0.8401415428167022
Round 34/40
Learner 0..1..2..3..4..5..6..7..8..9..10..11..12..13..14..15..16..17..18..19..Finish
Avg Loss: 0.5260069714976909, Acc: 0.8427459306440199
Round 35/40
Learner 0..1..2..3..4..5..6..7..8..9..10..11..12..13..14..15..16..17..18..19..Finish
Avg Loss: 0.5121085424806548, Acc: 0.8471903750884642
Round 36/40
Learner 0..1..2..3..4..5..6..7..8..9..10..11..12..13..14..15..16..17..18..19..Finish
Avg Loss: 0.5253179589304955, Acc: 0.8425760792639774
Round 37/40
Learner 0..1..2..3..4..5..6..7..8..9..10..11..12..13..14..15..16..17..18..19..Finish
Avg Loss: 0.5268329413537889, Acc: 0.8428167020523708
Round 38/40
Learner 0..1..2..3..4..5..6..7..8..9..10..11..12..13..14..15..16..17..18..19..Finish
Avg Loss: 0.5379174033189553, Acc: 0.8417268223637651
Round 39/40
Learner 0..1..2..3..4..5..6..7..8..9..10..11..12..13..14..15..16..17..18..19..Finish
Avg Loss: 0.5353757784295535, Acc: 0.8394479830148619
Round 40/40
Learner 0..1..2..3..4..5..6..7..8..9..10..11..12..13..14..15..16..17..18..19..Finish
Avg Loss: 0.5404143442661445, Acc: 0.8390516631280964
Round 1/40
Learner 0..1..2..3..4..5..6..7..8..9..10..11..12..13..14..15..16..17..18..19..Finish
Avg Loss: 0.5180190383223606, Acc: 0.844755838641189
Round 2/40
Learner 0..1..2..3..4..5..6..7..8..9..10..11..12..13..14..15..16..17..18..19..Finish
Avg Loss: 0.5197955971565216, Acc: 0.8443312101910829
Round 3/40
Learner 0..1..2..3..4..5..6..7..8..9..10..11..12..13..14..15..16..17..18..19..Finish
Avg Loss: 0.5244769098131151, Acc: 0.8421797593772116
Round 4/40
Learner 0..1..2..3..4..5..6..7..8..9..10..11..12..13..14..15..16..17..18..19..Finish
Avg Loss: 0.5199422892927619, Acc: 0.8430714791224345
Round 5/40
Learner 0..1..2..3..4..5..6..7..8..9..10..11..12..13..14..15..16..17..18..19..Finish
Avg Loss: 0.528590868360951, Acc: 0.841316348195329
Round 6/40
Learner 0..1..2..3..4..5..6..7..8..9..10..11..12..13..14..15..16..17..18..19..Finish
Avg Loss: 0.526920941480803, Acc: 0.8438782731776363
Round 7/40
Learner 0..1..2..3..4..5..6..7..8..9..10..11..12..13..14..15..16..17..18..19..Finish
Avg Loss: 0.5076808292938644, Acc: 0.8468931351733899
Round 8/40
Learner 0..1..2..3..4..5..6..7..8..9..10..11..12..13..14..15..16..17..18..19..Finish
Avg Loss: 0.5132460392386481, Acc: 0.8459731068648265
Round 9/40
Learner 0..1..2..3..4..5..6..7..8..9..10..11..12..13..14..15..16..17..18..19..Finish
Avg Loss: 0.5150880859024797, Acc: 0.8475017692852087
Round 10/40
Learner 0..1..2..3..4..5..6..7..8..9..10..11..12..13..14..15..16..17..18..19..Finish
Avg Loss: 0.5102877662188602, Acc: 0.8489879688605803
Round 11/40
Learner 0..1..2..3..4..5..6..7..8..9..10..11..12..13..14..15..16..17..18..19..Finish
Avg Loss: 0.5163738235814224, Acc: 0.8483793347487615
Round 12/40
Learner 0..1..2..3..4..5..6..7..8..9..10..11..12..13..14..15..16..17..18..19..Finish
Avg Loss: 0.510373795754171, Acc: 0.8468365180467092
Round 13/40
Learner 0..1..2..3..4..5..6..7..8..9..10..11..12..13..14..15..16..17..18..19..Finish
Avg Loss: 0.5152361330655324, Acc: 0.8464968152866242
Round 14/40
Learner 0..1..2..3..4..5..6..7..8..9..10..11..12..13..14..15..16..17..18..19..Finish
Avg Loss: 0.5180730062610825, Acc: 0.8472753007784855
Round 15/40
Learner 0..1..2..3..4..5..6..7..8..9..10..11..12..13..14..15..16..17..18..19..Finish
Avg Loss: 0.5038955641065765, Acc: 0.8508563340410474
Round 16/40
Learner 0..1..2..3..4..5..6..7..8..9..10..11..12..13..14..15..16..17..18..19..Finish
Avg Loss: 0.5037225152966553, Acc: 0.8498938428874736
Round 17/40
Learner 0..1..2..3..4..5..6..7..8..9..10..11..12..13..14..15..16..17..18..19..Finish
Avg Loss: 0.5189388133568628, Acc: 0.8487615003538571
Round 18/40
Learner 0..1..2..3..4..5..6..7..8..9..10..11..12..13..14..15..16..17..18..19..Finish
Avg Loss: 0.5119440464744371, Acc: 0.8496249115357396
Round 19/40
Learner 0..1..2..3..4..5..6..7..8..9..10..11..12..13..14..15..16..17..18..19..Finish
Avg Loss: 0.5063223606547594, Acc: 0.851111111111111
Round 20/40
Learner 0..1..2..3..4..5..6..7..8..9..10..11..12..13..14..15..16..17..18..19..Finish
Avg Loss: 0.4980725558733782, Acc: 0.8513375796178343
Round 21/40
Learner 0..1..2..3..4..5..6..7..8..9..10..11..12..13..14..15..16..17..18..19..Finish
Avg Loss: 0.5093539497594651, Acc: 0.8499646142958245
Round 22/40
Learner 0..1..2..3..4..5..6..7..8..9..10..11..12..13..14..15..16..17..18..19..Finish
Avg Loss: 0.5044136287387067, Acc: 0.8521443736730362
Round 23/40
Learner 0..1..2..3..4..5..6..7..8..9..10..11..12..13..14..15..16..17..18..19..Finish
Avg Loss: 0.5072597132788763, Acc: 0.8497806086341119
Round 24/40
Learner 0..1..2..3..4..5..6..7..8..9..10..11..12..13..14..15..16..17..18..19..Finish
Avg Loss: 0.5077968637424066, Acc: 0.850686482661005
Round 25/40
Learner 0..1..2..3..4..5..6..7..8..9..10..11..12..13..14..15..16..17..18..19..Finish
Avg Loss: 0.5052927915167145, Acc: 0.851238499646143
Round 26/40
Learner 0..1..2..3..4..5..6..7..8..9..10..11..12..13..14..15..16..17..18..19..Finish
Avg Loss: 0.4988837851852501, Acc: 0.8519462137296532
Round 27/40
Learner 0..1..2..3..4..5..6..7..8..9..10..11..12..13..14..15..16..17..18..19..Finish
Avg Loss: 0.5074970474830125, Acc: 0.8512668082094834
Round 28/40
Learner 0..1..2..3..4..5..6..7..8..9..10..11..12..13..14..15..16..17..18..19..Finish
Avg Loss: 0.5041725423871416, Acc: 0.8535456475583864
Round 29/40
Learner 0..1..2..3..4..5..6..7..8..9..10..11..12..13..14..15..16..17..18..19..Finish
Avg Loss: 0.5131333389756115, Acc: 0.8507430997876857
Round 30/40
Learner 0..1..2..3..4..5..6..7..8..9..10..11..12..13..14..15..16..17..18..19..Finish
Avg Loss: 0.5060443585741063, Acc: 0.8538995046001416
Round 31/40
Learner 0..1..2..3..4..5..6..7..8..9..10..11..12..13..14..15..16..17..18..19..Finish
Avg Loss: 0.5190212058438478, Acc: 0.8482519462137298
Round 32/40
Learner 0..1..2..3..4..5..6..7..8..9..10..11..12..13..14..15..16..17..18..19..Finish
Avg Loss: 0.502656808197448, Acc: 0.8518188251946214
Round 33/40
Learner 0..1..2..3..4..5..6..7..8..9..10..11..12..13..14..15..16..17..18..19..Finish
Avg Loss: 0.5039705748408159, Acc: 0.8535739561217269
Round 34/40
Learner 0..1..2..3..4..5..6..7..8..9..10..11..12..13..14..15..16..17..18..19..Finish
Avg Loss: 0.5024501521799918, Acc: 0.8525406935598018
Round 35/40
Learner 0..1..2..3..4..5..6..7..8..9..10..11..12..13..14..15..16..17..18..19..Finish
Avg Loss: 0.504956210282393, Acc: 0.8516065109695683
Round 36/40
Learner 0..1..2..3..4..5..6..7..8..9..10..11..12..13..14..15..16..17..18..19..Finish
Avg Loss: 0.5113059510304421, Acc: 0.8519462137296532
Round 37/40
Learner 0..1..2..3..4..5..6..7..8..9..10..11..12..13..14..15..16..17..18..19..Finish
Avg Loss: 0.5048632103007106, Acc: 0.8528662420382166
Round 38/40
Learner 0..1..2..3..4..5..6..7..8..9..10..11..12..13..14..15..16..17..18..19..Finish
Avg Loss: 0.5125229862975436, Acc: 0.8502760084925689
Round 39/40
Learner 0..1..2..3..4..5..6..7..8..9..10..11..12..13..14..15..16..17..18..19..Finish
Avg Loss: 0.5115875829118047, Acc: 0.8511818825194621
Round 40/40
Learner 0..1..2..3..4..5..6..7..8..9..10..11..12..13..14..15..16..17..18..19..Finish
Avg Loss: 0.504110206629031, Acc: 0.8538711960368012
Round 1/40
Learner 0..1..2..3..4..5..6..7..8..9..10..11..12..13..14..15..16..17..18..19..Finish
Avg Loss: 0.4929138895909974, Acc: 0.8562208067940553
Round 2/40
Learner 0..1..2..3..4..5..6..7..8..9..10..11..12..13..14..15..16..17..18..19..Finish
Avg Loss: 0.4979722946171347, Acc: 0.8544515215852796
Round 3/40
Learner 0..1..2..3..4..5..6..7..8..9..10..11..12..13..14..15..16..17..18..19..Finish
Avg Loss: 0.4886141800104582, Acc: 0.8575654635527248
Round 4/40
Learner 0..1..2..3..4..5..6..7..8..9..10..11..12..13..14..15..16..17..18..19..Finish
Avg Loss: 0.493916351880286, Acc: 0.8545081387119604
Round 5/40
Learner 0..1..2..3..4..5..6..7..8..9..10..11..12..13..14..15..16..17..18..19..Finish
Avg Loss: 0.5060065516776321, Acc: 0.8549752300070771
Round 6/40
Learner 0..1..2..3..4..5..6..7..8..9..10..11..12..13..14..15..16..17..18..19..Finish
Avg Loss: 0.4987204887369157, Acc: 0.857862703467799
Round 7/40
Learner 0..1..2..3..4..5..6..7..8..9..10..11..12..13..14..15..16..17..18..19..Finish
Avg Loss: 0.4860722812913971, Acc: 0.8591082802547771
Round 8/40
Learner 0..1..2..3..4..5..6..7..8..9..10..11..12..13..14..15..16..17..18..19..Finish
Avg Loss: 0.4792349708090724, Acc: 0.8589525831564049
Round 9/40
Learner 0..1..2..3..4..5..6..7..8..9..10..11..12..13..14..15..16..17..18..19..Finish
Avg Loss: 0.504601555119892, Acc: 0.8555697098372258
Round 10/40
Learner 0..1..2..3..4..5..6..7..8..9..10..11..12..13..14..15..16..17..18..19..Finish
Avg Loss: 0.49810528144338817, Acc: 0.8559377211606511
Round 11/40
Learner 0..1..2..3..4..5..6..7..8..9..10..11..12..13..14..15..16..17..18..19..Finish
Avg Loss: 0.4968938825820475, Acc: 0.8565322009907997
Round 12/40
Learner 0..1..2..3..4..5..6..7..8..9..10..11..12..13..14..15..16..17..18..19..Finish
Avg Loss: 0.48707982988240633, Acc: 0.855031847133758
Round 13/40
Learner 0..1..2..3..4..5..6..7..8..9..10..11..12..13..14..15..16..17..18..19..Finish
Avg Loss: 0.49891601455445866, Acc: 0.8552300070771408
Round 14/40
Learner 0..1..2..3..4..5..6..7..8..9..10..11..12..13..14..15..16..17..18..19..Finish
Avg Loss: 0.4962470710842072, Acc: 0.8568719037508847
Round 15/40
Learner 0..1..2..3..4..5..6..7..8..9..10..11..12..13..14..15..16..17..18..19..Finish
Avg Loss: 0.49039560715544234, Acc: 0.8569992922859165
Round 16/40
Learner 0..1..2..3..4..5..6..7..8..9..10..11..12..13..14..15..16..17..18..19..Finish
Avg Loss: 0.4764062270201161, Acc: 0.8608209483368721
Round 17/40
Learner 0..1..2..3..4..5..6..7..8..9..10..11..12..13..14..15..16..17..18..19..Finish
Avg Loss: 0.4982115086183825, Acc: 0.8568152866242039
Round 18/40
Learner 0..1..2..3..4..5..6..7..8..9..10..11..12..13..14..15..16..17..18..19..Finish
Avg Loss: 0.4977786371769601, Acc: 0.8552016985138005
Round 19/40
Learner 0..1..2..3..4..5..6..7..8..9..10..11..12..13..14..15..16..17..18..19..Finish
Avg Loss: 0.4922196318373562, Acc: 0.859235668789809
Round 20/40
Learner 0..1..2..3..4..5..6..7..8..9..10..11..12..13..14..15..16..17..18..19..Finish
Avg Loss: 0.4974651217093403, Acc: 0.8577353149327672
Round 21/40
Learner 0..1..2..3..4..5..6..7..8..9..10..11..12..13..14..15..16..17..18..19..Finish
Avg Loss: 0.49284060162621657, Acc: 0.8567728237791932
Round 22/40
Learner 0..1..2..3..4..5..6..7..8..9..10..11..12..13..14..15..16..17..18..19..Finish
Avg Loss: 0.5031735683678185, Acc: 0.8579051663128097
Round 23/40
Learner 0..1..2..3..4..5..6..7..8..9..10..11..12..13..14..15..16..17..18..19..Finish
Avg Loss: 0.5013196037123367, Acc: 0.8566312809624912
Round 24/40
Learner 0..1..2..3..4..5..6..7..8..9..10..11..12..13..14..15..16..17..18..19..Finish
Avg Loss: 0.49687058691506614, Acc: 0.8572965322009908
Round 25/40
Learner 0..1..2..3..4..5..6..7..8..9..10..11..12..13..14..15..16..17..18..19..Finish
Avg Loss: 0.48991442114188793, Acc: 0.8611889596602971
Round 26/40
Learner 0..1..2..3..4..5..6..7..8..9..10..11..12..13..14..15..16..17..18..19..Finish
Avg Loss: 0.49083031684516953, Acc: 0.859787685774947
Round 27/40
Learner 0..1..2..3..4..5..6..7..8..9..10..11..12..13..14..15..16..17..18..19..Finish
Avg Loss: 0.4796631924678464, Acc: 0.8610474168435952
Round 28/40
Learner 0..1..2..3..4..5..6..7..8..9..10..11..12..13..14..15..16..17..18..19..Finish
Avg Loss: 0.4892454883140489, Acc: 0.8590233545647559
Round 29/40
Learner 0..1..2..3..4..5..6..7..8..9..10..11..12..13..14..15..16..17..18..19..Finish
Avg Loss: 0.4859734928071777, Acc: 0.858004246284501
Round 30/40
Learner 0..1..2..3..4..5..6..7..8..9..10..11..12..13..14..15..16..17..18..19..Finish
Avg Loss: 0.48709417341504996, Acc: 0.8617409766454353
Round 31/40
Learner 0..1..2..3..4..5..6..7..8..9..10..11..12..13..14..15..16..17..18..19..Finish
Avg Loss: 0.48776101195669874, Acc: 0.8616135881104034
Round 32/40
Learner 0..1..2..3..4..5..6..7..8..9..10..11..12..13..14..15..16..17..18..19..Finish
Avg Loss: 0.48451420531861394, Acc: 0.8606086341118188
Round 33/40
Learner 0..1..2..3..4..5..6..7..8..9..10..11..12..13..14..15..16..17..18..19..Finish
Avg Loss: 0.4891211133538186, Acc: 0.8611606510969568
Round 34/40
Learner 0..1..2..3..4..5..6..7..8..9..10..11..12..13..14..15..16..17..18..19..Finish
Avg Loss: 0.49799247446925116, Acc: 0.8584430290162773
Round 35/40
Learner 0..1..2..3..4..5..6..7..8..9..10..11..12..13..14..15..16..17..18..19..Finish
Avg Loss: 0.48090546563351416, Acc: 0.8622363765038924
Round 36/40
Learner 0..1..2..3..4..5..6..7..8..9..10..11..12..13..14..15..16..17..18..19..Finish
Avg Loss: 0.481487556618311, Acc: 0.860141542816702
Round 37/40
Learner 0..1..2..3..4..5..6..7..8..9..10..11..12..13..14..15..16..17..18..19..Finish
Avg Loss: 0.47903225840407554, Acc: 0.8626468506723284
Round 38/40
Learner 0..1..2..3..4..5..6..7..8..9..10..11..12..13..14..15..16..17..18..19..Finish
Avg Loss: 0.48755277570925126, Acc: 0.8620948336871903
Round 39/40
Learner 0..1..2..3..4..5..6..7..8..9..10..11..12..13..14..15..16..17..18..19..Finish
Avg Loss: 0.4861191815651227, Acc: 0.8605661712668083
Round 40/40
Learner 0..1..2..3..4..5..6..7..8..9..10..11..12..13..14..15..16..17..18..19..Finish
Avg Loss: 0.48256207827003106, Acc: 0.8615711252653928
